[2022-12-13 23:34:32.536][D][LogManager.py(Init):10] LogManager Init function called !!!
[2022-12-13 23:34:32.700][I][AutoBaseFunction.py(wrapper):11] __main__ : setupUi 실행 시작
[2022-12-13 23:34:32.701][I][AutoBaseFunction.py(wrapper):12] Parameter : 
[2022-12-13 23:34:32.705][I][AutoBaseFunction.py(wrapper):11] __main__ : set_field_gridLayout 실행 시작
[2022-12-13 23:34:32.706][I][AutoBaseFunction.py(wrapper):12] Parameter : 
[2022-12-13 23:34:32.730][I][AutoBaseFunction.py(wrapper):16] __main__ : set_field_gridLayout 실행 종료
[2022-12-13 23:34:32.732][I][AutoBaseFunction.py(wrapper):11] __main__ : set_testList_hboxLayout 실행 시작
[2022-12-13 23:34:32.732][I][AutoBaseFunction.py(wrapper):12] Parameter : 
[2022-12-13 23:34:33.118][I][AutoBaseFunction.py(wrapper):16] __main__ : set_testList_hboxLayout 실행 종료
[2022-12-13 23:34:33.122][I][AutoBaseFunction.py(wrapper):16] __main__ : setupUi 실행 종료
[2022-12-13 23:34:34.762][I][AutoBaseFunction.py(wrapper):11] __main__ : show_menu_CreateExcel 실행 시작
[2022-12-13 23:34:34.763][I][AutoBaseFunction.py(wrapper):12] Parameter : False
[2022-12-13 23:34:34.763][I][AutoBaseFunction.py(wrapper):11] SubWindow.Menu_CreateExcel : setupUI_CreateExcel 실행 시작
[2022-12-13 23:34:34.764][I][AutoBaseFunction.py(wrapper):12] Parameter : 
[2022-12-13 23:34:34.767][I][AutoBaseFunction.py(wrapper):11] SubWindow.Menu_CreateExcel : new_excel_func 실행 시작
[2022-12-13 23:34:34.767][I][AutoBaseFunction.py(wrapper):12] Parameter : 
[2022-12-13 23:34:34.768][I][AutoBaseFunction.py(wrapper):16] SubWindow.Menu_CreateExcel : new_excel_func 실행 종료
[2022-12-13 23:34:34.768][I][AutoBaseFunction.py(wrapper):11] SubWindow.Menu_CreateExcel : set_excel_func 실행 시작
[2022-12-13 23:34:34.768][I][AutoBaseFunction.py(wrapper):12] Parameter : 
[2022-12-13 23:34:34.769][I][AutoBaseFunction.py(wrapper):16] SubWindow.Menu_CreateExcel : set_excel_func 실행 종료
[2022-12-13 23:34:34.771][I][AutoBaseFunction.py(wrapper):16] SubWindow.Menu_CreateExcel : setupUI_CreateExcel 실행 종료
[2022-12-13 23:34:34.789][I][MainWindow.py(show_menu_CreateExcel):295] 엑셀 생성 팝업 열림
[2022-12-13 23:34:34.789][I][AutoBaseFunction.py(wrapper):16] __main__ : show_menu_CreateExcel 실행 종료
[2022-12-13 23:34:37.233][I][AutoBaseFunction.py(wrapper):11] SubWindow.Menu_CreateExcel : func_set_excel_groupBox 실행 시작
[2022-12-13 23:34:37.234][I][AutoBaseFunction.py(wrapper):12] Parameter : 
[2022-12-13 23:34:37.234][I][AutoBaseFunction.py(wrapper):16] SubWindow.Menu_CreateExcel : func_set_excel_groupBox 실행 종료
[2022-12-13 23:34:37.920][I][AutoBaseFunction.py(wrapper):11] SubWindow.Menu_CreateExcel : langList_toolButton_clicked 실행 시작
[2022-12-13 23:34:37.921][I][AutoBaseFunction.py(wrapper):12] Parameter : <PyQt5.QtWidgets.QLineEdit object at 0x000002B1BEBC7AC0>, False
[2022-12-13 23:34:41.191][I][AutoBaseFunction.py(wrapper):16] SubWindow.Menu_CreateExcel : langList_toolButton_clicked 실행 종료
[2022-12-13 23:34:41.792][I][AutoBaseFunction.py(wrapper):11] SubWindow.Menu_CreateExcel : func_check_run 실행 시작
[2022-12-13 23:34:41.793][I][AutoBaseFunction.py(wrapper):12] Parameter : False
