[2022-12-13 23:26:08.291][D][LogManager.py(Init):10] LogManager Init function called !!!
[2022-12-13 23:26:08.448][I][AutoBaseFunction.py(wrapper):11] __main__ : setupUi 실행 시작
[2022-12-13 23:26:08.449][I][AutoBaseFunction.py(wrapper):12] Parameter : 
[2022-12-13 23:26:08.456][I][AutoBaseFunction.py(wrapper):11] __main__ : set_field_gridLayout 실행 시작
[2022-12-13 23:26:08.456][I][AutoBaseFunction.py(wrapper):12] Parameter : 
[2022-12-13 23:26:08.503][I][AutoBaseFunction.py(wrapper):16] __main__ : set_field_gridLayout 실행 종료
[2022-12-13 23:26:08.505][I][AutoBaseFunction.py(wrapper):11] __main__ : set_testList_hboxLayout 실행 시작
[2022-12-13 23:26:08.505][I][AutoBaseFunction.py(wrapper):12] Parameter : 
[2022-12-13 23:26:08.872][I][AutoBaseFunction.py(wrapper):16] __main__ : set_testList_hboxLayout 실행 종료
[2022-12-13 23:26:08.875][I][AutoBaseFunction.py(wrapper):16] __main__ : setupUi 실행 종료
[2022-12-13 23:26:11.949][I][AutoBaseFunction.py(wrapper):11] __main__ : show_menu_CreateExcel 실행 시작
[2022-12-13 23:26:11.950][I][AutoBaseFunction.py(wrapper):12] Parameter : False
[2022-12-13 23:26:11.950][I][AutoBaseFunction.py(wrapper):11] SubWindow.Menu_CreateExcel : setupUI_CreateExcel 실행 시작
[2022-12-13 23:26:11.950][I][AutoBaseFunction.py(wrapper):12] Parameter : 
[2022-12-13 23:26:11.954][I][AutoBaseFunction.py(wrapper):11] SubWindow.Menu_CreateExcel : new_excel_func 실행 시작
[2022-12-13 23:26:11.954][I][AutoBaseFunction.py(wrapper):12] Parameter : 
[2022-12-13 23:26:11.955][I][AutoBaseFunction.py(wrapper):16] SubWindow.Menu_CreateExcel : new_excel_func 실행 종료
[2022-12-13 23:26:11.956][I][AutoBaseFunction.py(wrapper):11] SubWindow.Menu_CreateExcel : set_excel_func 실행 시작
[2022-12-13 23:26:11.956][I][AutoBaseFunction.py(wrapper):12] Parameter : 
[2022-12-13 23:26:11.956][I][AutoBaseFunction.py(wrapper):16] SubWindow.Menu_CreateExcel : set_excel_func 실행 종료
[2022-12-13 23:26:11.959][I][AutoBaseFunction.py(wrapper):16] SubWindow.Menu_CreateExcel : setupUI_CreateExcel 실행 종료
[2022-12-13 23:26:11.977][I][MainWindow.py(show_menu_CreateExcel):295] 엑셀 생성 팝업 열림
[2022-12-13 23:26:11.977][I][AutoBaseFunction.py(wrapper):16] __main__ : show_menu_CreateExcel 실행 종료
[2022-12-13 23:26:14.570][I][AutoBaseFunction.py(wrapper):11] SubWindow.Menu_CreateExcel : func_set_excel_groupBox 실행 시작
[2022-12-13 23:26:14.570][I][AutoBaseFunction.py(wrapper):12] Parameter : 
[2022-12-13 23:26:14.571][I][AutoBaseFunction.py(wrapper):16] SubWindow.Menu_CreateExcel : func_set_excel_groupBox 실행 종료
[2022-12-13 23:26:15.256][I][AutoBaseFunction.py(wrapper):11] SubWindow.Menu_CreateExcel : langList_toolButton_clicked 실행 시작
[2022-12-13 23:26:15.257][I][AutoBaseFunction.py(wrapper):12] Parameter : <PyQt5.QtWidgets.QLineEdit object at 0x0000028EA3407AC0>, False
[2022-12-13 23:26:17.787][I][AutoBaseFunction.py(wrapper):16] SubWindow.Menu_CreateExcel : langList_toolButton_clicked 실행 종료
[2022-12-13 23:26:18.447][I][AutoBaseFunction.py(wrapper):11] SubWindow.Menu_CreateExcel : func_check_run 실행 시작
[2022-12-13 23:26:18.448][I][AutoBaseFunction.py(wrapper):12] Parameter : False
