[2022-12-12 15:55:33.750][D][LogManager.py(Init):10] LogManager Init function called !!!
[2022-12-12 15:55:33.857][I][AutoBaseFunction.py(wrapper):11] __main__ : setupUi 실행 시작
[2022-12-12 15:55:33.857][I][AutoBaseFunction.py(wrapper):12] Parameter : 
[2022-12-12 15:55:33.860][I][AutoBaseFunction.py(wrapper):11] __main__ : set_field_gridLayout 실행 시작
[2022-12-12 15:55:33.860][I][AutoBaseFunction.py(wrapper):12] Parameter : 
[2022-12-12 15:55:33.887][I][AutoBaseFunction.py(wrapper):16] __main__ : set_field_gridLayout 실행 종료
[2022-12-12 15:55:33.888][I][AutoBaseFunction.py(wrapper):11] __main__ : set_testList_hboxLayout 실행 시작
[2022-12-12 15:55:33.888][I][AutoBaseFunction.py(wrapper):12] Parameter : 
[2022-12-12 15:55:34.113][I][AutoBaseFunction.py(wrapper):16] __main__ : set_testList_hboxLayout 실행 종료
[2022-12-12 15:55:34.117][I][AutoBaseFunction.py(wrapper):16] __main__ : setupUi 실행 종료
[2022-12-12 15:55:35.419][I][AutoBaseFunction.py(wrapper):11] __main__ : show_menu_CreateExcel 실행 시작
[2022-12-12 15:55:35.419][I][AutoBaseFunction.py(wrapper):12] Parameter : False
[2022-12-12 15:55:35.419][I][AutoBaseFunction.py(wrapper):11] SubWindow.Menu_CreateExcel : setupUI_CreateExcel 실행 시작
[2022-12-12 15:55:35.420][I][AutoBaseFunction.py(wrapper):12] Parameter : 
[2022-12-12 15:55:35.420][I][AutoBaseFunction.py(wrapper):11] SubWindow.Menu_CreateExcel : new_excel_func 실행 시작
[2022-12-12 15:55:35.420][I][AutoBaseFunction.py(wrapper):12] Parameter : 
[2022-12-12 15:55:35.420][I][AutoBaseFunction.py(wrapper):16] SubWindow.Menu_CreateExcel : new_excel_func 실행 종료
[2022-12-12 15:55:35.421][I][AutoBaseFunction.py(wrapper):11] SubWindow.Menu_CreateExcel : set_excel_func 실행 시작
[2022-12-12 15:55:35.421][I][AutoBaseFunction.py(wrapper):12] Parameter : 
[2022-12-12 15:55:35.421][I][AutoBaseFunction.py(wrapper):16] SubWindow.Menu_CreateExcel : set_excel_func 실행 종료
[2022-12-12 15:55:35.424][I][AutoBaseFunction.py(wrapper):16] SubWindow.Menu_CreateExcel : setupUI_CreateExcel 실행 종료
[2022-12-12 15:55:35.441][I][MainWindow.py(show_menu_CreateExcel):295] 엑셀 생성 팝업 열림
[2022-12-12 15:55:35.441][I][AutoBaseFunction.py(wrapper):16] __main__ : show_menu_CreateExcel 실행 종료
[2022-12-12 15:55:37.513][I][AutoBaseFunction.py(wrapper):11] SubWindow.Menu_CreateExcel : func_set_excel_groupBox 실행 시작
[2022-12-12 15:55:37.513][I][AutoBaseFunction.py(wrapper):12] Parameter : 
[2022-12-12 15:55:37.513][I][AutoBaseFunction.py(wrapper):16] SubWindow.Menu_CreateExcel : func_set_excel_groupBox 실행 종료
[2022-12-12 15:55:38.266][I][AutoBaseFunction.py(wrapper):11] SubWindow.Menu_CreateExcel : langList_toolButton_clicked 실행 시작
[2022-12-12 15:55:38.266][I][AutoBaseFunction.py(wrapper):12] Parameter : <PyQt5.QtWidgets.QLineEdit object at 0x000001C810909948>, False
[2022-12-12 15:55:41.818][I][AutoBaseFunction.py(wrapper):16] SubWindow.Menu_CreateExcel : langList_toolButton_clicked 실행 종료
[2022-12-12 15:55:42.528][I][AutoBaseFunction.py(wrapper):11] SubWindow.Menu_CreateExcel : func_check_run 실행 시작
[2022-12-12 15:55:42.529][I][AutoBaseFunction.py(wrapper):12] Parameter : False
[2022-12-12 15:55:43.858][E][AutoBaseFunction.py(wrapper):19] Traceback (most recent call last):
  File "d:\test\TestList_CSV\git-practice-main\Helper\AutoBaseFunction.py", line 15, in wrapper
    func(self, *args)
  File "d:\test\TestList_CSV\git-practice-main\SubWindow\Menu_CreateExcel.py", line 393, in func_check_run
    excel.DisplayAlerts=False
  File "c:\python\3_7_9x64\lib\site-packages\win32com\client\dynamic.py", line 708, in __setattr__
    "Property '%s.%s' can not be set." % (self._username_, attr)
AttributeError: Property 'Excel.Application.DisplayAlerts' can not be set.

