[2022-12-13 00:06:08.224][D][LogManager.py(Init):10] LogManager Init function called !!!
[2022-12-13 00:06:08.365][I][AutoBaseFunction.py(wrapper):11] __main__ : setupUi 실행 시작
[2022-12-13 00:06:08.365][I][AutoBaseFunction.py(wrapper):12] Parameter : 
[2022-12-13 00:06:08.371][I][AutoBaseFunction.py(wrapper):11] __main__ : set_field_gridLayout 실행 시작
[2022-12-13 00:06:08.371][I][AutoBaseFunction.py(wrapper):12] Parameter : 
[2022-12-13 00:06:08.420][I][AutoBaseFunction.py(wrapper):16] __main__ : set_field_gridLayout 실행 종료
[2022-12-13 00:06:08.422][I][AutoBaseFunction.py(wrapper):11] __main__ : set_testList_hboxLayout 실행 시작
[2022-12-13 00:06:08.422][I][AutoBaseFunction.py(wrapper):12] Parameter : 
[2022-12-13 00:06:08.750][I][AutoBaseFunction.py(wrapper):16] __main__ : set_testList_hboxLayout 실행 종료
[2022-12-13 00:06:08.754][I][AutoBaseFunction.py(wrapper):16] __main__ : setupUi 실행 종료
[2022-12-13 00:06:10.093][I][AutoBaseFunction.py(wrapper):11] __main__ : show_menu_CreateExcel 실행 시작
[2022-12-13 00:06:10.093][I][AutoBaseFunction.py(wrapper):12] Parameter : False
[2022-12-13 00:06:10.094][I][AutoBaseFunction.py(wrapper):11] SubWindow.Menu_CreateExcel : setupUI_CreateExcel 실행 시작
[2022-12-13 00:06:10.094][I][AutoBaseFunction.py(wrapper):12] Parameter : 
[2022-12-13 00:06:10.097][I][AutoBaseFunction.py(wrapper):11] SubWindow.Menu_CreateExcel : new_excel_func 실행 시작
[2022-12-13 00:06:10.098][I][AutoBaseFunction.py(wrapper):12] Parameter : 
[2022-12-13 00:06:10.098][I][AutoBaseFunction.py(wrapper):16] SubWindow.Menu_CreateExcel : new_excel_func 실행 종료
[2022-12-13 00:06:10.099][I][AutoBaseFunction.py(wrapper):11] SubWindow.Menu_CreateExcel : set_excel_func 실행 시작
[2022-12-13 00:06:10.099][I][AutoBaseFunction.py(wrapper):12] Parameter : 
[2022-12-13 00:06:10.100][I][AutoBaseFunction.py(wrapper):16] SubWindow.Menu_CreateExcel : set_excel_func 실행 종료
[2022-12-13 00:06:10.102][I][AutoBaseFunction.py(wrapper):16] SubWindow.Menu_CreateExcel : setupUI_CreateExcel 실행 종료
[2022-12-13 00:06:10.124][I][MainWindow.py(show_menu_CreateExcel):295] 엑셀 생성 팝업 열림
[2022-12-13 00:06:10.125][I][AutoBaseFunction.py(wrapper):16] __main__ : show_menu_CreateExcel 실행 종료
[2022-12-13 00:06:12.299][I][AutoBaseFunction.py(wrapper):11] SubWindow.Menu_CreateExcel : func_set_excel_groupBox 실행 시작
[2022-12-13 00:06:12.300][I][AutoBaseFunction.py(wrapper):12] Parameter : 
[2022-12-13 00:06:12.300][I][AutoBaseFunction.py(wrapper):16] SubWindow.Menu_CreateExcel : func_set_excel_groupBox 실행 종료
[2022-12-13 00:06:12.951][I][AutoBaseFunction.py(wrapper):11] SubWindow.Menu_CreateExcel : langList_toolButton_clicked 실행 시작
[2022-12-13 00:06:12.952][I][AutoBaseFunction.py(wrapper):12] Parameter : <PyQt5.QtWidgets.QLineEdit object at 0x000002185BD5FF40>, False
[2022-12-13 00:06:16.525][I][AutoBaseFunction.py(wrapper):16] SubWindow.Menu_CreateExcel : langList_toolButton_clicked 실행 종료
[2022-12-13 00:06:17.438][I][AutoBaseFunction.py(wrapper):11] SubWindow.Menu_CreateExcel : func_check_run 실행 시작
[2022-12-13 00:06:17.439][I][AutoBaseFunction.py(wrapper):12] Parameter : False
[2022-12-13 00:06:28.036][I][AutoBaseFunction.py(wrapper):11] __main__ : closeEvent 실행 시작
[2022-12-13 00:06:28.037][I][AutoBaseFunction.py(wrapper):12] Parameter : <PyQt5.QtGui.QCloseEvent object at 0x000002185BD849D0>
[2022-12-13 00:06:28.037][I][AutoBaseFunction.py(wrapper):16] __main__ : closeEvent 실행 종료
[2022-12-13 00:06:28.042][I][Menu_CreateExcel.py(func_check_run):387] 엑셀 생성 누름 열림
[2022-12-13 00:06:28.064][I][AutoBaseFunction.py(wrapper):16] SubWindow.Menu_CreateExcel : func_check_run 실행 종료
