[2022-12-12 23:58:04.544][D][LogManager.py(Init):10] LogManager Init function called !!!
[2022-12-12 23:58:04.622][I][AutoBaseFunction.py(wrapper):11] __main__ : setupUi 실행 시작
[2022-12-12 23:58:04.622][I][AutoBaseFunction.py(wrapper):12] Parameter : 
[2022-12-12 23:58:04.627][I][AutoBaseFunction.py(wrapper):11] __main__ : set_field_gridLayout 실행 시작
[2022-12-12 23:58:04.627][I][AutoBaseFunction.py(wrapper):12] Parameter : 
[2022-12-12 23:58:04.676][I][AutoBaseFunction.py(wrapper):16] __main__ : set_field_gridLayout 실행 종료
[2022-12-12 23:58:04.677][I][AutoBaseFunction.py(wrapper):11] __main__ : set_testList_hboxLayout 실행 시작
[2022-12-12 23:58:04.678][I][AutoBaseFunction.py(wrapper):12] Parameter : 
[2022-12-12 23:58:05.044][I][AutoBaseFunction.py(wrapper):16] __main__ : set_testList_hboxLayout 실행 종료
[2022-12-12 23:58:05.049][I][AutoBaseFunction.py(wrapper):16] __main__ : setupUi 실행 종료
[2022-12-12 23:58:10.041][I][AutoBaseFunction.py(wrapper):11] __main__ : show_menu_CreateExcel 실행 시작
[2022-12-12 23:58:10.041][I][AutoBaseFunction.py(wrapper):12] Parameter : False
[2022-12-12 23:58:10.042][I][AutoBaseFunction.py(wrapper):11] SubWindow.Menu_CreateExcel : setupUI_CreateExcel 실행 시작
[2022-12-12 23:58:10.042][I][AutoBaseFunction.py(wrapper):12] Parameter : 
[2022-12-12 23:58:10.046][I][AutoBaseFunction.py(wrapper):11] SubWindow.Menu_CreateExcel : new_excel_func 실행 시작
[2022-12-12 23:58:10.046][I][AutoBaseFunction.py(wrapper):12] Parameter : 
[2022-12-12 23:58:10.047][I][AutoBaseFunction.py(wrapper):16] SubWindow.Menu_CreateExcel : new_excel_func 실행 종료
[2022-12-12 23:58:10.047][I][AutoBaseFunction.py(wrapper):11] SubWindow.Menu_CreateExcel : set_excel_func 실행 시작
[2022-12-12 23:58:10.047][I][AutoBaseFunction.py(wrapper):12] Parameter : 
[2022-12-12 23:58:10.048][I][AutoBaseFunction.py(wrapper):16] SubWindow.Menu_CreateExcel : set_excel_func 실행 종료
[2022-12-12 23:58:10.050][I][AutoBaseFunction.py(wrapper):16] SubWindow.Menu_CreateExcel : setupUI_CreateExcel 실행 종료
[2022-12-12 23:58:10.130][I][MainWindow.py(show_menu_CreateExcel):295] 엑셀 생성 팝업 열림
[2022-12-12 23:58:10.130][I][AutoBaseFunction.py(wrapper):16] __main__ : show_menu_CreateExcel 실행 종료
[2022-12-12 23:58:11.909][I][AutoBaseFunction.py(wrapper):11] SubWindow.Menu_CreateExcel : func_set_excel_groupBox 실행 시작
[2022-12-12 23:58:11.909][I][AutoBaseFunction.py(wrapper):12] Parameter : 
[2022-12-12 23:58:11.909][I][AutoBaseFunction.py(wrapper):16] SubWindow.Menu_CreateExcel : func_set_excel_groupBox 실행 종료
[2022-12-12 23:58:12.589][I][AutoBaseFunction.py(wrapper):11] SubWindow.Menu_CreateExcel : langList_toolButton_clicked 실행 시작
[2022-12-12 23:58:12.590][I][AutoBaseFunction.py(wrapper):12] Parameter : <PyQt5.QtWidgets.QLineEdit object at 0x000001E6FEFCFF40>, False
[2022-12-12 23:58:16.707][I][AutoBaseFunction.py(wrapper):16] SubWindow.Menu_CreateExcel : langList_toolButton_clicked 실행 종료
[2022-12-12 23:58:19.168][I][AutoBaseFunction.py(wrapper):11] SubWindow.Menu_CreateExcel : func_check_run 실행 시작
[2022-12-12 23:58:19.168][I][AutoBaseFunction.py(wrapper):12] Parameter : False
