[2022-12-12 23:52:50.305][D][LogManager.py(Init):10] LogManager Init function called !!!
[2022-12-12 23:52:50.436][I][AutoBaseFunction.py(wrapper):11] __main__ : setupUi 실행 시작
[2022-12-12 23:52:50.436][I][AutoBaseFunction.py(wrapper):12] Parameter : 
[2022-12-12 23:52:50.441][I][AutoBaseFunction.py(wrapper):11] __main__ : set_field_gridLayout 실행 시작
[2022-12-12 23:52:50.441][I][AutoBaseFunction.py(wrapper):12] Parameter : 
[2022-12-12 23:52:50.486][I][AutoBaseFunction.py(wrapper):16] __main__ : set_field_gridLayout 실행 종료
[2022-12-12 23:52:50.487][I][AutoBaseFunction.py(wrapper):11] __main__ : set_testList_hboxLayout 실행 시작
[2022-12-12 23:52:50.487][I][AutoBaseFunction.py(wrapper):12] Parameter : 
[2022-12-12 23:52:50.804][I][AutoBaseFunction.py(wrapper):16] __main__ : set_testList_hboxLayout 실행 종료
[2022-12-12 23:52:50.808][I][AutoBaseFunction.py(wrapper):16] __main__ : setupUi 실행 종료
[2022-12-12 23:52:52.710][I][AutoBaseFunction.py(wrapper):11] __main__ : show_menu_CreateExcel 실행 시작
[2022-12-12 23:52:52.711][I][AutoBaseFunction.py(wrapper):12] Parameter : False
[2022-12-12 23:52:52.712][I][AutoBaseFunction.py(wrapper):11] SubWindow.Menu_CreateExcel : setupUI_CreateExcel 실행 시작
[2022-12-12 23:52:52.712][I][AutoBaseFunction.py(wrapper):12] Parameter : 
[2022-12-12 23:52:52.715][I][AutoBaseFunction.py(wrapper):11] SubWindow.Menu_CreateExcel : new_excel_func 실행 시작
[2022-12-12 23:52:52.716][I][AutoBaseFunction.py(wrapper):12] Parameter : 
[2022-12-12 23:52:52.716][I][AutoBaseFunction.py(wrapper):16] SubWindow.Menu_CreateExcel : new_excel_func 실행 종료
[2022-12-12 23:52:52.716][I][AutoBaseFunction.py(wrapper):11] SubWindow.Menu_CreateExcel : set_excel_func 실행 시작
[2022-12-12 23:52:52.716][I][AutoBaseFunction.py(wrapper):12] Parameter : 
[2022-12-12 23:52:52.717][I][AutoBaseFunction.py(wrapper):16] SubWindow.Menu_CreateExcel : set_excel_func 실행 종료
[2022-12-12 23:52:52.719][I][AutoBaseFunction.py(wrapper):16] SubWindow.Menu_CreateExcel : setupUI_CreateExcel 실행 종료
[2022-12-12 23:52:52.735][I][MainWindow.py(show_menu_CreateExcel):295] 엑셀 생성 팝업 열림
[2022-12-12 23:52:52.736][I][AutoBaseFunction.py(wrapper):16] __main__ : show_menu_CreateExcel 실행 종료
[2022-12-12 23:52:54.782][I][AutoBaseFunction.py(wrapper):11] SubWindow.Menu_CreateExcel : func_set_excel_groupBox 실행 시작
[2022-12-12 23:52:54.783][I][AutoBaseFunction.py(wrapper):12] Parameter : 
[2022-12-12 23:52:54.783][I][AutoBaseFunction.py(wrapper):16] SubWindow.Menu_CreateExcel : func_set_excel_groupBox 실행 종료
[2022-12-12 23:52:55.339][I][AutoBaseFunction.py(wrapper):11] SubWindow.Menu_CreateExcel : langList_toolButton_clicked 실행 시작
[2022-12-12 23:52:55.339][I][AutoBaseFunction.py(wrapper):12] Parameter : <PyQt5.QtWidgets.QLineEdit object at 0x0000021B5F833F40>, False
[2022-12-12 23:52:59.831][I][AutoBaseFunction.py(wrapper):16] SubWindow.Menu_CreateExcel : langList_toolButton_clicked 실행 종료
[2022-12-12 23:53:00.553][I][AutoBaseFunction.py(wrapper):11] SubWindow.Menu_CreateExcel : func_check_run 실행 시작
[2022-12-12 23:53:00.553][I][AutoBaseFunction.py(wrapper):12] Parameter : False
