[2022-12-13 00:03:58.356][D][LogManager.py(Init):10] LogManager Init function called !!!
[2022-12-13 00:03:58.477][I][AutoBaseFunction.py(wrapper):11] __main__ : setupUi 실행 시작
[2022-12-13 00:03:58.477][I][AutoBaseFunction.py(wrapper):12] Parameter : 
[2022-12-13 00:03:58.482][I][AutoBaseFunction.py(wrapper):11] __main__ : set_field_gridLayout 실행 시작
[2022-12-13 00:03:58.483][I][AutoBaseFunction.py(wrapper):12] Parameter : 
[2022-12-13 00:03:58.527][I][AutoBaseFunction.py(wrapper):16] __main__ : set_field_gridLayout 실행 종료
[2022-12-13 00:03:58.528][I][AutoBaseFunction.py(wrapper):11] __main__ : set_testList_hboxLayout 실행 시작
[2022-12-13 00:03:58.528][I][AutoBaseFunction.py(wrapper):12] Parameter : 
[2022-12-13 00:03:58.842][I][AutoBaseFunction.py(wrapper):16] __main__ : set_testList_hboxLayout 실행 종료
[2022-12-13 00:03:58.846][I][AutoBaseFunction.py(wrapper):16] __main__ : setupUi 실행 종료
[2022-12-13 00:04:00.583][I][AutoBaseFunction.py(wrapper):11] __main__ : show_menu_CreateExcel 실행 시작
[2022-12-13 00:04:00.583][I][AutoBaseFunction.py(wrapper):12] Parameter : False
[2022-12-13 00:04:00.584][I][AutoBaseFunction.py(wrapper):11] SubWindow.Menu_CreateExcel : setupUI_CreateExcel 실행 시작
[2022-12-13 00:04:00.584][I][AutoBaseFunction.py(wrapper):12] Parameter : 
[2022-12-13 00:04:00.587][I][AutoBaseFunction.py(wrapper):11] SubWindow.Menu_CreateExcel : new_excel_func 실행 시작
[2022-12-13 00:04:00.587][I][AutoBaseFunction.py(wrapper):12] Parameter : 
[2022-12-13 00:04:00.588][I][AutoBaseFunction.py(wrapper):16] SubWindow.Menu_CreateExcel : new_excel_func 실행 종료
[2022-12-13 00:04:00.588][I][AutoBaseFunction.py(wrapper):11] SubWindow.Menu_CreateExcel : set_excel_func 실행 시작
[2022-12-13 00:04:00.589][I][AutoBaseFunction.py(wrapper):12] Parameter : 
[2022-12-13 00:04:00.589][I][AutoBaseFunction.py(wrapper):16] SubWindow.Menu_CreateExcel : set_excel_func 실행 종료
[2022-12-13 00:04:00.591][I][AutoBaseFunction.py(wrapper):16] SubWindow.Menu_CreateExcel : setupUI_CreateExcel 실행 종료
[2022-12-13 00:04:00.608][I][MainWindow.py(show_menu_CreateExcel):295] 엑셀 생성 팝업 열림
[2022-12-13 00:04:00.609][I][AutoBaseFunction.py(wrapper):16] __main__ : show_menu_CreateExcel 실행 종료
[2022-12-13 00:04:02.194][I][AutoBaseFunction.py(wrapper):11] SubWindow.Menu_CreateExcel : func_set_excel_groupBox 실행 시작
[2022-12-13 00:04:02.194][I][AutoBaseFunction.py(wrapper):12] Parameter : 
[2022-12-13 00:04:02.194][I][AutoBaseFunction.py(wrapper):16] SubWindow.Menu_CreateExcel : func_set_excel_groupBox 실행 종료
[2022-12-13 00:04:02.740][I][AutoBaseFunction.py(wrapper):11] SubWindow.Menu_CreateExcel : langList_toolButton_clicked 실행 시작
[2022-12-13 00:04:02.742][I][AutoBaseFunction.py(wrapper):12] Parameter : <PyQt5.QtWidgets.QLineEdit object at 0x0000017DF50E40D0>, False
[2022-12-13 00:04:07.857][I][AutoBaseFunction.py(wrapper):16] SubWindow.Menu_CreateExcel : langList_toolButton_clicked 실행 종료
[2022-12-13 00:04:08.631][I][AutoBaseFunction.py(wrapper):11] SubWindow.Menu_CreateExcel : func_check_run 실행 시작
[2022-12-13 00:04:08.631][I][AutoBaseFunction.py(wrapper):12] Parameter : False
