[2022-12-13 23:33:31.396][D][LogManager.py(Init):10] LogManager Init function called !!!
[2022-12-13 23:33:31.636][I][AutoBaseFunction.py(wrapper):11] __main__ : setupUi 실행 시작
[2022-12-13 23:33:31.637][I][AutoBaseFunction.py(wrapper):12] Parameter : 
[2022-12-13 23:33:31.643][I][AutoBaseFunction.py(wrapper):11] __main__ : set_field_gridLayout 실행 시작
[2022-12-13 23:33:31.643][I][AutoBaseFunction.py(wrapper):12] Parameter : 
[2022-12-13 23:33:31.681][I][AutoBaseFunction.py(wrapper):16] __main__ : set_field_gridLayout 실행 종료
[2022-12-13 23:33:31.682][I][AutoBaseFunction.py(wrapper):11] __main__ : set_testList_hboxLayout 실행 시작
[2022-12-13 23:33:31.682][I][AutoBaseFunction.py(wrapper):12] Parameter : 
[2022-12-13 23:33:32.042][I][AutoBaseFunction.py(wrapper):16] __main__ : set_testList_hboxLayout 실행 종료
[2022-12-13 23:33:32.047][I][AutoBaseFunction.py(wrapper):16] __main__ : setupUi 실행 종료
[2022-12-13 23:33:41.045][I][AutoBaseFunction.py(wrapper):11] __main__ : show_menu_CreateExcel 실행 시작
[2022-12-13 23:33:41.046][I][AutoBaseFunction.py(wrapper):12] Parameter : False
[2022-12-13 23:33:41.046][I][AutoBaseFunction.py(wrapper):11] SubWindow.Menu_CreateExcel : setupUI_CreateExcel 실행 시작
[2022-12-13 23:33:41.047][I][AutoBaseFunction.py(wrapper):12] Parameter : 
[2022-12-13 23:33:41.050][I][AutoBaseFunction.py(wrapper):11] SubWindow.Menu_CreateExcel : new_excel_func 실행 시작
[2022-12-13 23:33:41.050][I][AutoBaseFunction.py(wrapper):12] Parameter : 
[2022-12-13 23:33:41.051][I][AutoBaseFunction.py(wrapper):16] SubWindow.Menu_CreateExcel : new_excel_func 실행 종료
[2022-12-13 23:33:41.051][I][AutoBaseFunction.py(wrapper):11] SubWindow.Menu_CreateExcel : set_excel_func 실행 시작
[2022-12-13 23:33:41.051][I][AutoBaseFunction.py(wrapper):12] Parameter : 
[2022-12-13 23:33:41.052][I][AutoBaseFunction.py(wrapper):16] SubWindow.Menu_CreateExcel : set_excel_func 실행 종료
[2022-12-13 23:33:41.054][I][AutoBaseFunction.py(wrapper):16] SubWindow.Menu_CreateExcel : setupUI_CreateExcel 실행 종료
[2022-12-13 23:33:41.148][I][MainWindow.py(show_menu_CreateExcel):295] 엑셀 생성 팝업 열림
[2022-12-13 23:33:41.148][I][AutoBaseFunction.py(wrapper):16] __main__ : show_menu_CreateExcel 실행 종료
[2022-12-13 23:33:43.055][I][AutoBaseFunction.py(wrapper):11] SubWindow.Menu_CreateExcel : func_set_excel_groupBox 실행 시작
[2022-12-13 23:33:43.055][I][AutoBaseFunction.py(wrapper):12] Parameter : 
[2022-12-13 23:33:43.055][I][AutoBaseFunction.py(wrapper):16] SubWindow.Menu_CreateExcel : func_set_excel_groupBox 실행 종료
[2022-12-13 23:33:43.823][I][AutoBaseFunction.py(wrapper):11] SubWindow.Menu_CreateExcel : langList_toolButton_clicked 실행 시작
[2022-12-13 23:33:43.824][I][AutoBaseFunction.py(wrapper):12] Parameter : <PyQt5.QtWidgets.QLineEdit object at 0x0000028682567AC0>, False
[2022-12-13 23:33:48.344][I][AutoBaseFunction.py(wrapper):16] SubWindow.Menu_CreateExcel : langList_toolButton_clicked 실행 종료
[2022-12-13 23:33:49.169][I][AutoBaseFunction.py(wrapper):11] SubWindow.Menu_CreateExcel : func_check_run 실행 시작
[2022-12-13 23:33:49.170][I][AutoBaseFunction.py(wrapper):12] Parameter : False
