[2022-12-12 15:12:57.370][D][LogManager.py(Init):10] LogManager Init function called !!!
[2022-12-12 15:12:57.482][I][AutoBaseFunction.py(wrapper):11] __main__ : setupUi 실행 시작
[2022-12-12 15:12:57.482][I][AutoBaseFunction.py(wrapper):12] Parameter : 
[2022-12-12 15:12:57.485][I][AutoBaseFunction.py(wrapper):11] __main__ : set_field_gridLayout 실행 시작
[2022-12-12 15:12:57.485][I][AutoBaseFunction.py(wrapper):12] Parameter : 
[2022-12-12 15:12:57.511][I][AutoBaseFunction.py(wrapper):16] __main__ : set_field_gridLayout 실행 종료
[2022-12-12 15:12:57.512][I][AutoBaseFunction.py(wrapper):11] __main__ : set_testList_hboxLayout 실행 시작
[2022-12-12 15:12:57.512][I][AutoBaseFunction.py(wrapper):12] Parameter : 
[2022-12-12 15:12:57.743][I][AutoBaseFunction.py(wrapper):16] __main__ : set_testList_hboxLayout 실행 종료
[2022-12-12 15:12:57.746][I][AutoBaseFunction.py(wrapper):16] __main__ : setupUi 실행 종료
[2022-12-12 15:12:59.227][I][AutoBaseFunction.py(wrapper):11] __main__ : show_menu_CreateExcel 실행 시작
[2022-12-12 15:12:59.227][I][AutoBaseFunction.py(wrapper):12] Parameter : False
[2022-12-12 15:12:59.227][I][AutoBaseFunction.py(wrapper):11] SubWindow.Menu_CreateExcel : setupUI_CreateExcel 실행 시작
[2022-12-12 15:12:59.227][I][AutoBaseFunction.py(wrapper):12] Parameter : 
[2022-12-12 15:12:59.228][I][AutoBaseFunction.py(wrapper):11] SubWindow.Menu_CreateExcel : new_excel_func 실행 시작
[2022-12-12 15:12:59.228][I][AutoBaseFunction.py(wrapper):12] Parameter : 
[2022-12-12 15:12:59.228][I][AutoBaseFunction.py(wrapper):16] SubWindow.Menu_CreateExcel : new_excel_func 실행 종료
[2022-12-12 15:12:59.228][I][AutoBaseFunction.py(wrapper):11] SubWindow.Menu_CreateExcel : set_excel_func 실행 시작
[2022-12-12 15:12:59.229][I][AutoBaseFunction.py(wrapper):12] Parameter : 
[2022-12-12 15:12:59.229][I][AutoBaseFunction.py(wrapper):16] SubWindow.Menu_CreateExcel : set_excel_func 실행 종료
[2022-12-12 15:12:59.232][I][AutoBaseFunction.py(wrapper):16] SubWindow.Menu_CreateExcel : setupUI_CreateExcel 실행 종료
[2022-12-12 15:12:59.247][I][MainWindow.py(show_menu_CreateExcel):295] 엑셀 생성 팝업 열림
[2022-12-12 15:12:59.248][I][AutoBaseFunction.py(wrapper):16] __main__ : show_menu_CreateExcel 실행 종료
[2022-12-12 15:13:01.009][I][AutoBaseFunction.py(wrapper):11] SubWindow.Menu_CreateExcel : func_set_excel_groupBox 실행 시작
[2022-12-12 15:13:01.009][I][AutoBaseFunction.py(wrapper):12] Parameter : 
[2022-12-12 15:13:01.009][I][AutoBaseFunction.py(wrapper):16] SubWindow.Menu_CreateExcel : func_set_excel_groupBox 실행 종료
[2022-12-12 15:13:01.634][I][AutoBaseFunction.py(wrapper):11] SubWindow.Menu_CreateExcel : langList_toolButton_clicked 실행 시작
[2022-12-12 15:13:01.634][I][AutoBaseFunction.py(wrapper):12] Parameter : <PyQt5.QtWidgets.QLineEdit object at 0x00000120AB3D8948>, False
[2022-12-12 15:13:02.957][I][AutoBaseFunction.py(wrapper):16] SubWindow.Menu_CreateExcel : langList_toolButton_clicked 실행 종료
[2022-12-12 15:13:03.449][I][AutoBaseFunction.py(wrapper):11] SubWindow.Menu_CreateExcel : func_check_run 실행 시작
[2022-12-12 15:13:03.449][I][AutoBaseFunction.py(wrapper):12] Parameter : False
[2022-12-12 15:14:08.274][I][AutoBaseFunction.py(wrapper):11] __main__ : show_menu_CreateExcel 실행 시작
[2022-12-12 15:14:08.274][I][AutoBaseFunction.py(wrapper):12] Parameter : False
[2022-12-12 15:14:08.274][I][AutoBaseFunction.py(wrapper):11] SubWindow.Menu_CreateExcel : setupUI_CreateExcel 실행 시작
[2022-12-12 15:14:08.275][I][AutoBaseFunction.py(wrapper):12] Parameter : 
[2022-12-12 15:14:08.275][I][AutoBaseFunction.py(wrapper):11] SubWindow.Menu_CreateExcel : new_excel_func 실행 시작
[2022-12-12 15:14:08.275][I][AutoBaseFunction.py(wrapper):12] Parameter : 
[2022-12-12 15:14:08.276][I][AutoBaseFunction.py(wrapper):16] SubWindow.Menu_CreateExcel : new_excel_func 실행 종료
[2022-12-12 15:14:08.276][I][AutoBaseFunction.py(wrapper):11] SubWindow.Menu_CreateExcel : set_excel_func 실행 시작
[2022-12-12 15:14:08.276][I][AutoBaseFunction.py(wrapper):12] Parameter : 
[2022-12-12 15:14:08.277][I][AutoBaseFunction.py(wrapper):16] SubWindow.Menu_CreateExcel : set_excel_func 실행 종료
[2022-12-12 15:14:08.279][I][AutoBaseFunction.py(wrapper):16] SubWindow.Menu_CreateExcel : setupUI_CreateExcel 실행 종료
[2022-12-12 15:14:08.294][I][MainWindow.py(show_menu_CreateExcel):295] 엑셀 생성 팝업 열림
[2022-12-12 15:14:08.294][I][AutoBaseFunction.py(wrapper):16] __main__ : show_menu_CreateExcel 실행 종료
