[2022-12-12 15:09:49.119][D][LogManager.py(Init):10] LogManager Init function called !!!
[2022-12-12 15:09:49.212][I][AutoBaseFunction.py(wrapper):11] __main__ : setupUi 실행 시작
[2022-12-12 15:09:49.212][I][AutoBaseFunction.py(wrapper):12] Parameter : 
[2022-12-12 15:09:49.216][I][AutoBaseFunction.py(wrapper):11] __main__ : set_field_gridLayout 실행 시작
[2022-12-12 15:09:49.216][I][AutoBaseFunction.py(wrapper):12] Parameter : 
[2022-12-12 15:09:49.262][I][AutoBaseFunction.py(wrapper):16] __main__ : set_field_gridLayout 실행 종료
[2022-12-12 15:09:49.263][I][AutoBaseFunction.py(wrapper):11] __main__ : set_testList_hboxLayout 실행 시작
[2022-12-12 15:09:49.263][I][AutoBaseFunction.py(wrapper):12] Parameter : 
[2022-12-12 15:09:49.490][I][AutoBaseFunction.py(wrapper):16] __main__ : set_testList_hboxLayout 실행 종료
[2022-12-12 15:09:49.494][I][AutoBaseFunction.py(wrapper):16] __main__ : setupUi 실행 종료
[2022-12-12 15:09:52.022][I][AutoBaseFunction.py(wrapper):11] __main__ : show_menu_CreateExcel 실행 시작
[2022-12-12 15:09:52.022][I][AutoBaseFunction.py(wrapper):12] Parameter : False
[2022-12-12 15:09:52.022][I][AutoBaseFunction.py(wrapper):11] SubWindow.Menu_CreateExcel : setupUI_CreateExcel 실행 시작
[2022-12-12 15:09:52.023][I][AutoBaseFunction.py(wrapper):12] Parameter : 
[2022-12-12 15:09:52.023][I][AutoBaseFunction.py(wrapper):11] SubWindow.Menu_CreateExcel : new_excel_func 실행 시작
[2022-12-12 15:09:52.023][I][AutoBaseFunction.py(wrapper):12] Parameter : 
[2022-12-12 15:09:52.023][I][AutoBaseFunction.py(wrapper):16] SubWindow.Menu_CreateExcel : new_excel_func 실행 종료
[2022-12-12 15:09:52.024][I][AutoBaseFunction.py(wrapper):11] SubWindow.Menu_CreateExcel : set_excel_func 실행 시작
[2022-12-12 15:09:52.024][I][AutoBaseFunction.py(wrapper):12] Parameter : 
[2022-12-12 15:09:52.024][I][AutoBaseFunction.py(wrapper):16] SubWindow.Menu_CreateExcel : set_excel_func 실행 종료
[2022-12-12 15:09:52.027][I][AutoBaseFunction.py(wrapper):16] SubWindow.Menu_CreateExcel : setupUI_CreateExcel 실행 종료
[2022-12-12 15:09:52.076][I][MainWindow.py(show_menu_CreateExcel):295] 엑셀 생성 팝업 열림
[2022-12-12 15:09:52.076][I][AutoBaseFunction.py(wrapper):16] __main__ : show_menu_CreateExcel 실행 종료
[2022-12-12 15:09:54.925][I][AutoBaseFunction.py(wrapper):11] SubWindow.Menu_CreateExcel : func_set_excel_groupBox 실행 시작
[2022-12-12 15:09:54.925][I][AutoBaseFunction.py(wrapper):12] Parameter : 
[2022-12-12 15:09:54.925][I][AutoBaseFunction.py(wrapper):16] SubWindow.Menu_CreateExcel : func_set_excel_groupBox 실행 종료
[2022-12-12 15:09:55.430][I][AutoBaseFunction.py(wrapper):11] SubWindow.Menu_CreateExcel : langList_toolButton_clicked 실행 시작
[2022-12-12 15:09:55.430][I][AutoBaseFunction.py(wrapper):12] Parameter : <PyQt5.QtWidgets.QLineEdit object at 0x000002B3FF7A9948>, False
[2022-12-12 15:09:56.972][I][AutoBaseFunction.py(wrapper):16] SubWindow.Menu_CreateExcel : langList_toolButton_clicked 실행 종료
[2022-12-12 15:09:57.643][I][AutoBaseFunction.py(wrapper):11] SubWindow.Menu_CreateExcel : func_check_run 실행 시작
[2022-12-12 15:09:57.644][I][AutoBaseFunction.py(wrapper):12] Parameter : False
