[2022-12-13 23:26:43.742][D][LogManager.py(Init):10] LogManager Init function called !!!
[2022-12-13 23:26:43.914][I][AutoBaseFunction.py(wrapper):11] __main__ : setupUi 실행 시작
[2022-12-13 23:26:43.915][I][AutoBaseFunction.py(wrapper):12] Parameter : 
[2022-12-13 23:26:43.920][I][AutoBaseFunction.py(wrapper):11] __main__ : set_field_gridLayout 실행 시작
[2022-12-13 23:26:43.920][I][AutoBaseFunction.py(wrapper):12] Parameter : 
[2022-12-13 23:26:43.947][I][AutoBaseFunction.py(wrapper):16] __main__ : set_field_gridLayout 실행 종료
[2022-12-13 23:26:43.949][I][AutoBaseFunction.py(wrapper):11] __main__ : set_testList_hboxLayout 실행 시작
[2022-12-13 23:26:43.950][I][AutoBaseFunction.py(wrapper):12] Parameter : 
[2022-12-13 23:26:44.328][I][AutoBaseFunction.py(wrapper):16] __main__ : set_testList_hboxLayout 실행 종료
[2022-12-13 23:26:44.331][I][AutoBaseFunction.py(wrapper):16] __main__ : setupUi 실행 종료
[2022-12-13 23:26:46.698][I][AutoBaseFunction.py(wrapper):11] __main__ : show_menu_CreateExcel 실행 시작
[2022-12-13 23:26:46.699][I][AutoBaseFunction.py(wrapper):12] Parameter : False
[2022-12-13 23:26:46.699][I][AutoBaseFunction.py(wrapper):11] SubWindow.Menu_CreateExcel : setupUI_CreateExcel 실행 시작
[2022-12-13 23:26:46.699][I][AutoBaseFunction.py(wrapper):12] Parameter : 
[2022-12-13 23:26:46.703][I][AutoBaseFunction.py(wrapper):11] SubWindow.Menu_CreateExcel : new_excel_func 실행 시작
[2022-12-13 23:26:46.703][I][AutoBaseFunction.py(wrapper):12] Parameter : 
[2022-12-13 23:26:46.703][I][AutoBaseFunction.py(wrapper):16] SubWindow.Menu_CreateExcel : new_excel_func 실행 종료
[2022-12-13 23:26:46.704][I][AutoBaseFunction.py(wrapper):11] SubWindow.Menu_CreateExcel : set_excel_func 실행 시작
[2022-12-13 23:26:46.704][I][AutoBaseFunction.py(wrapper):12] Parameter : 
[2022-12-13 23:26:46.705][I][AutoBaseFunction.py(wrapper):16] SubWindow.Menu_CreateExcel : set_excel_func 실행 종료
[2022-12-13 23:26:46.707][I][AutoBaseFunction.py(wrapper):16] SubWindow.Menu_CreateExcel : setupUI_CreateExcel 실행 종료
[2022-12-13 23:26:46.726][I][MainWindow.py(show_menu_CreateExcel):295] 엑셀 생성 팝업 열림
[2022-12-13 23:26:46.726][I][AutoBaseFunction.py(wrapper):16] __main__ : show_menu_CreateExcel 실행 종료
[2022-12-13 23:26:48.570][I][AutoBaseFunction.py(wrapper):11] SubWindow.Menu_CreateExcel : func_set_excel_groupBox 실행 시작
[2022-12-13 23:26:48.570][I][AutoBaseFunction.py(wrapper):12] Parameter : 
[2022-12-13 23:26:48.571][I][AutoBaseFunction.py(wrapper):16] SubWindow.Menu_CreateExcel : func_set_excel_groupBox 실행 종료
[2022-12-13 23:26:49.393][I][AutoBaseFunction.py(wrapper):11] SubWindow.Menu_CreateExcel : langList_toolButton_clicked 실행 시작
[2022-12-13 23:26:49.394][I][AutoBaseFunction.py(wrapper):12] Parameter : <PyQt5.QtWidgets.QLineEdit object at 0x000001D31E697AC0>, False
[2022-12-13 23:26:52.463][I][AutoBaseFunction.py(wrapper):16] SubWindow.Menu_CreateExcel : langList_toolButton_clicked 실행 종료
[2022-12-13 23:26:53.087][I][AutoBaseFunction.py(wrapper):11] SubWindow.Menu_CreateExcel : func_check_run 실행 시작
[2022-12-13 23:26:53.088][I][AutoBaseFunction.py(wrapper):12] Parameter : False
