[2022-12-13 00:02:11.250][D][LogManager.py(Init):10] LogManager Init function called !!!
[2022-12-13 00:02:11.369][I][AutoBaseFunction.py(wrapper):11] __main__ : setupUi 실행 시작
[2022-12-13 00:02:11.369][I][AutoBaseFunction.py(wrapper):12] Parameter : 
[2022-12-13 00:02:11.374][I][AutoBaseFunction.py(wrapper):11] __main__ : set_field_gridLayout 실행 시작
[2022-12-13 00:02:11.374][I][AutoBaseFunction.py(wrapper):12] Parameter : 
[2022-12-13 00:02:11.420][I][AutoBaseFunction.py(wrapper):16] __main__ : set_field_gridLayout 실행 종료
[2022-12-13 00:02:11.421][I][AutoBaseFunction.py(wrapper):11] __main__ : set_testList_hboxLayout 실행 시작
[2022-12-13 00:02:11.422][I][AutoBaseFunction.py(wrapper):12] Parameter : 
[2022-12-13 00:02:11.761][I][AutoBaseFunction.py(wrapper):16] __main__ : set_testList_hboxLayout 실행 종료
[2022-12-13 00:02:11.765][I][AutoBaseFunction.py(wrapper):16] __main__ : setupUi 실행 종료
[2022-12-13 00:02:13.384][I][AutoBaseFunction.py(wrapper):11] __main__ : show_menu_CreateExcel 실행 시작
[2022-12-13 00:02:13.384][I][AutoBaseFunction.py(wrapper):12] Parameter : False
[2022-12-13 00:02:13.385][I][AutoBaseFunction.py(wrapper):11] SubWindow.Menu_CreateExcel : setupUI_CreateExcel 실행 시작
[2022-12-13 00:02:13.385][I][AutoBaseFunction.py(wrapper):12] Parameter : 
[2022-12-13 00:02:13.389][I][AutoBaseFunction.py(wrapper):11] SubWindow.Menu_CreateExcel : new_excel_func 실행 시작
[2022-12-13 00:02:13.389][I][AutoBaseFunction.py(wrapper):12] Parameter : 
[2022-12-13 00:02:13.390][I][AutoBaseFunction.py(wrapper):16] SubWindow.Menu_CreateExcel : new_excel_func 실행 종료
[2022-12-13 00:02:13.390][I][AutoBaseFunction.py(wrapper):11] SubWindow.Menu_CreateExcel : set_excel_func 실행 시작
[2022-12-13 00:02:13.390][I][AutoBaseFunction.py(wrapper):12] Parameter : 
[2022-12-13 00:02:13.390][I][AutoBaseFunction.py(wrapper):16] SubWindow.Menu_CreateExcel : set_excel_func 실행 종료
[2022-12-13 00:02:13.393][I][AutoBaseFunction.py(wrapper):16] SubWindow.Menu_CreateExcel : setupUI_CreateExcel 실행 종료
[2022-12-13 00:02:13.409][I][MainWindow.py(show_menu_CreateExcel):295] 엑셀 생성 팝업 열림
[2022-12-13 00:02:13.409][I][AutoBaseFunction.py(wrapper):16] __main__ : show_menu_CreateExcel 실행 종료
[2022-12-13 00:02:15.125][I][AutoBaseFunction.py(wrapper):11] SubWindow.Menu_CreateExcel : func_set_excel_groupBox 실행 시작
[2022-12-13 00:02:15.125][I][AutoBaseFunction.py(wrapper):12] Parameter : 
[2022-12-13 00:02:15.125][I][AutoBaseFunction.py(wrapper):16] SubWindow.Menu_CreateExcel : func_set_excel_groupBox 실행 종료
[2022-12-13 00:02:15.894][I][AutoBaseFunction.py(wrapper):11] SubWindow.Menu_CreateExcel : langList_toolButton_clicked 실행 시작
[2022-12-13 00:02:15.894][I][AutoBaseFunction.py(wrapper):12] Parameter : <PyQt5.QtWidgets.QLineEdit object at 0x0000020DA7AE3F40>, False
[2022-12-13 00:02:19.797][I][AutoBaseFunction.py(wrapper):16] SubWindow.Menu_CreateExcel : langList_toolButton_clicked 실행 종료
[2022-12-13 00:02:20.672][I][AutoBaseFunction.py(wrapper):11] SubWindow.Menu_CreateExcel : func_check_run 실행 시작
[2022-12-13 00:02:20.672][I][AutoBaseFunction.py(wrapper):12] Parameter : False
