[2022-12-13 23:29:20.001][D][LogManager.py(Init):10] LogManager Init function called !!!
[2022-12-13 23:29:20.155][I][AutoBaseFunction.py(wrapper):11] __main__ : setupUi 실행 시작
[2022-12-13 23:29:20.155][I][AutoBaseFunction.py(wrapper):12] Parameter : 
[2022-12-13 23:29:20.160][I][AutoBaseFunction.py(wrapper):11] __main__ : set_field_gridLayout 실행 시작
[2022-12-13 23:29:20.160][I][AutoBaseFunction.py(wrapper):12] Parameter : 
[2022-12-13 23:29:20.186][I][AutoBaseFunction.py(wrapper):16] __main__ : set_field_gridLayout 실행 종료
[2022-12-13 23:29:20.187][I][AutoBaseFunction.py(wrapper):11] __main__ : set_testList_hboxLayout 실행 시작
[2022-12-13 23:29:20.187][I][AutoBaseFunction.py(wrapper):12] Parameter : 
[2022-12-13 23:29:20.552][I][AutoBaseFunction.py(wrapper):16] __main__ : set_testList_hboxLayout 실행 종료
[2022-12-13 23:29:20.556][I][AutoBaseFunction.py(wrapper):16] __main__ : setupUi 실행 종료
[2022-12-13 23:29:21.921][I][AutoBaseFunction.py(wrapper):11] __main__ : show_menu_CreateExcel 실행 시작
[2022-12-13 23:29:21.922][I][AutoBaseFunction.py(wrapper):12] Parameter : False
[2022-12-13 23:29:21.922][I][AutoBaseFunction.py(wrapper):11] SubWindow.Menu_CreateExcel : setupUI_CreateExcel 실행 시작
[2022-12-13 23:29:21.923][I][AutoBaseFunction.py(wrapper):12] Parameter : 
[2022-12-13 23:29:21.926][I][AutoBaseFunction.py(wrapper):11] SubWindow.Menu_CreateExcel : new_excel_func 실행 시작
[2022-12-13 23:29:21.926][I][AutoBaseFunction.py(wrapper):12] Parameter : 
[2022-12-13 23:29:21.927][I][AutoBaseFunction.py(wrapper):16] SubWindow.Menu_CreateExcel : new_excel_func 실행 종료
[2022-12-13 23:29:21.927][I][AutoBaseFunction.py(wrapper):11] SubWindow.Menu_CreateExcel : set_excel_func 실행 시작
[2022-12-13 23:29:21.927][I][AutoBaseFunction.py(wrapper):12] Parameter : 
[2022-12-13 23:29:21.928][I][AutoBaseFunction.py(wrapper):16] SubWindow.Menu_CreateExcel : set_excel_func 실행 종료
[2022-12-13 23:29:21.930][I][AutoBaseFunction.py(wrapper):16] SubWindow.Menu_CreateExcel : setupUI_CreateExcel 실행 종료
[2022-12-13 23:29:21.948][I][MainWindow.py(show_menu_CreateExcel):295] 엑셀 생성 팝업 열림
[2022-12-13 23:29:21.948][I][AutoBaseFunction.py(wrapper):16] __main__ : show_menu_CreateExcel 실행 종료
[2022-12-13 23:29:23.479][I][AutoBaseFunction.py(wrapper):11] SubWindow.Menu_CreateExcel : func_set_excel_groupBox 실행 시작
[2022-12-13 23:29:23.480][I][AutoBaseFunction.py(wrapper):12] Parameter : 
[2022-12-13 23:29:23.480][I][AutoBaseFunction.py(wrapper):16] SubWindow.Menu_CreateExcel : func_set_excel_groupBox 실행 종료
[2022-12-13 23:29:24.293][I][AutoBaseFunction.py(wrapper):11] SubWindow.Menu_CreateExcel : langList_toolButton_clicked 실행 시작
[2022-12-13 23:29:24.294][I][AutoBaseFunction.py(wrapper):12] Parameter : <PyQt5.QtWidgets.QLineEdit object at 0x000001A4AD513AC0>, False
[2022-12-13 23:29:27.592][I][AutoBaseFunction.py(wrapper):16] SubWindow.Menu_CreateExcel : langList_toolButton_clicked 실행 종료
[2022-12-13 23:29:28.376][I][AutoBaseFunction.py(wrapper):11] SubWindow.Menu_CreateExcel : func_check_run 실행 시작
[2022-12-13 23:29:28.376][I][AutoBaseFunction.py(wrapper):12] Parameter : False
