[2022-12-12 15:54:13.352][D][LogManager.py(Init):10] LogManager Init function called !!!
[2022-12-12 15:54:13.715][I][AutoBaseFunction.py(wrapper):11] __main__ : setupUi 실행 시작
[2022-12-12 15:54:13.715][I][AutoBaseFunction.py(wrapper):12] Parameter : 
[2022-12-12 15:54:13.719][I][AutoBaseFunction.py(wrapper):11] __main__ : set_field_gridLayout 실행 시작
[2022-12-12 15:54:13.719][I][AutoBaseFunction.py(wrapper):12] Parameter : 
[2022-12-12 15:54:13.733][I][AutoBaseFunction.py(wrapper):16] __main__ : set_field_gridLayout 실행 종료
[2022-12-12 15:54:13.735][I][AutoBaseFunction.py(wrapper):11] __main__ : set_testList_hboxLayout 실행 시작
[2022-12-12 15:54:13.735][I][AutoBaseFunction.py(wrapper):12] Parameter : 
[2022-12-12 15:54:13.979][I][AutoBaseFunction.py(wrapper):16] __main__ : set_testList_hboxLayout 실행 종료
[2022-12-12 15:54:13.983][I][AutoBaseFunction.py(wrapper):16] __main__ : setupUi 실행 종료
[2022-12-12 15:54:15.484][I][AutoBaseFunction.py(wrapper):11] __main__ : show_menu_CreateExcel 실행 시작
[2022-12-12 15:54:15.484][I][AutoBaseFunction.py(wrapper):12] Parameter : False
[2022-12-12 15:54:15.484][I][AutoBaseFunction.py(wrapper):11] SubWindow.Menu_CreateExcel : setupUI_CreateExcel 실행 시작
[2022-12-12 15:54:15.484][I][AutoBaseFunction.py(wrapper):12] Parameter : 
[2022-12-12 15:54:15.485][I][AutoBaseFunction.py(wrapper):11] SubWindow.Menu_CreateExcel : new_excel_func 실행 시작
[2022-12-12 15:54:15.485][I][AutoBaseFunction.py(wrapper):12] Parameter : 
[2022-12-12 15:54:15.485][I][AutoBaseFunction.py(wrapper):16] SubWindow.Menu_CreateExcel : new_excel_func 실행 종료
[2022-12-12 15:54:15.485][I][AutoBaseFunction.py(wrapper):11] SubWindow.Menu_CreateExcel : set_excel_func 실행 시작
[2022-12-12 15:54:15.486][I][AutoBaseFunction.py(wrapper):12] Parameter : 
[2022-12-12 15:54:15.486][I][AutoBaseFunction.py(wrapper):16] SubWindow.Menu_CreateExcel : set_excel_func 실행 종료
[2022-12-12 15:54:15.489][I][AutoBaseFunction.py(wrapper):16] SubWindow.Menu_CreateExcel : setupUI_CreateExcel 실행 종료
[2022-12-12 15:54:15.505][I][MainWindow.py(show_menu_CreateExcel):295] 엑셀 생성 팝업 열림
[2022-12-12 15:54:15.505][I][AutoBaseFunction.py(wrapper):16] __main__ : show_menu_CreateExcel 실행 종료
[2022-12-12 15:54:19.257][I][AutoBaseFunction.py(wrapper):11] SubWindow.Menu_CreateExcel : func_set_excel_groupBox 실행 시작
[2022-12-12 15:54:19.257][I][AutoBaseFunction.py(wrapper):12] Parameter : 
[2022-12-12 15:54:19.258][I][AutoBaseFunction.py(wrapper):16] SubWindow.Menu_CreateExcel : func_set_excel_groupBox 실행 종료
[2022-12-12 15:54:19.899][I][AutoBaseFunction.py(wrapper):11] SubWindow.Menu_CreateExcel : langList_toolButton_clicked 실행 시작
[2022-12-12 15:54:19.899][I][AutoBaseFunction.py(wrapper):12] Parameter : <PyQt5.QtWidgets.QLineEdit object at 0x000001DBD13A9948>, False
[2022-12-12 15:54:23.788][I][AutoBaseFunction.py(wrapper):16] SubWindow.Menu_CreateExcel : langList_toolButton_clicked 실행 종료
[2022-12-12 15:54:24.496][I][AutoBaseFunction.py(wrapper):11] SubWindow.Menu_CreateExcel : func_check_run 실행 시작
[2022-12-12 15:54:24.496][I][AutoBaseFunction.py(wrapper):12] Parameter : False
[2022-12-12 15:54:24.515][E][AutoBaseFunction.py(wrapper):19] Traceback (most recent call last):
  File "d:\test\TestList_CSV\git-practice-main\Helper\AutoBaseFunction.py", line 15, in wrapper
    func(self, *args)
  File "d:\test\TestList_CSV\git-practice-main\SubWindow\Menu_CreateExcel.py", line 389, in func_check_run
    excel.Visible = False
  File "c:\python\3_7_9x64\lib\site-packages\win32com\client\dynamic.py", line 708, in __setattr__
    "Property '%s.%s' can not be set." % (self._username_, attr)
AttributeError: Property 'Excel.Application.Visible' can not be set.

