[2022-12-13 00:07:06.723][D][LogManager.py(Init):10] LogManager Init function called !!!
[2022-12-13 00:07:06.883][I][AutoBaseFunction.py(wrapper):11] __main__ : setupUi 실행 시작
[2022-12-13 00:07:06.883][I][AutoBaseFunction.py(wrapper):12] Parameter : 
[2022-12-13 00:07:06.888][I][AutoBaseFunction.py(wrapper):11] __main__ : set_field_gridLayout 실행 시작
[2022-12-13 00:07:06.889][I][AutoBaseFunction.py(wrapper):12] Parameter : 
[2022-12-13 00:07:06.935][I][AutoBaseFunction.py(wrapper):16] __main__ : set_field_gridLayout 실행 종료
[2022-12-13 00:07:06.936][I][AutoBaseFunction.py(wrapper):11] __main__ : set_testList_hboxLayout 실행 시작
[2022-12-13 00:07:06.937][I][AutoBaseFunction.py(wrapper):12] Parameter : 
[2022-12-13 00:07:07.265][I][AutoBaseFunction.py(wrapper):16] __main__ : set_testList_hboxLayout 실행 종료
[2022-12-13 00:07:07.269][I][AutoBaseFunction.py(wrapper):16] __main__ : setupUi 실행 종료
[2022-12-13 00:07:08.824][I][AutoBaseFunction.py(wrapper):11] __main__ : show_menu_CreateExcel 실행 시작
[2022-12-13 00:07:08.825][I][AutoBaseFunction.py(wrapper):12] Parameter : False
[2022-12-13 00:07:08.825][I][AutoBaseFunction.py(wrapper):11] SubWindow.Menu_CreateExcel : setupUI_CreateExcel 실행 시작
[2022-12-13 00:07:08.826][I][AutoBaseFunction.py(wrapper):12] Parameter : 
[2022-12-13 00:07:08.829][I][AutoBaseFunction.py(wrapper):11] SubWindow.Menu_CreateExcel : new_excel_func 실행 시작
[2022-12-13 00:07:08.830][I][AutoBaseFunction.py(wrapper):12] Parameter : 
[2022-12-13 00:07:08.830][I][AutoBaseFunction.py(wrapper):16] SubWindow.Menu_CreateExcel : new_excel_func 실행 종료
[2022-12-13 00:07:08.831][I][AutoBaseFunction.py(wrapper):11] SubWindow.Menu_CreateExcel : set_excel_func 실행 시작
[2022-12-13 00:07:08.831][I][AutoBaseFunction.py(wrapper):12] Parameter : 
[2022-12-13 00:07:08.832][I][AutoBaseFunction.py(wrapper):16] SubWindow.Menu_CreateExcel : set_excel_func 실행 종료
[2022-12-13 00:07:08.834][I][AutoBaseFunction.py(wrapper):16] SubWindow.Menu_CreateExcel : setupUI_CreateExcel 실행 종료
[2022-12-13 00:07:08.852][I][MainWindow.py(show_menu_CreateExcel):295] 엑셀 생성 팝업 열림
[2022-12-13 00:07:08.853][I][AutoBaseFunction.py(wrapper):16] __main__ : show_menu_CreateExcel 실행 종료
[2022-12-13 00:07:10.728][I][AutoBaseFunction.py(wrapper):11] SubWindow.Menu_CreateExcel : func_set_excel_groupBox 실행 시작
[2022-12-13 00:07:10.729][I][AutoBaseFunction.py(wrapper):12] Parameter : 
[2022-12-13 00:07:10.729][I][AutoBaseFunction.py(wrapper):16] SubWindow.Menu_CreateExcel : func_set_excel_groupBox 실행 종료
[2022-12-13 00:07:11.333][I][AutoBaseFunction.py(wrapper):11] SubWindow.Menu_CreateExcel : langList_toolButton_clicked 실행 시작
[2022-12-13 00:07:11.333][I][AutoBaseFunction.py(wrapper):12] Parameter : <PyQt5.QtWidgets.QLineEdit object at 0x0000026350C23F40>, False
[2022-12-13 00:07:18.023][I][AutoBaseFunction.py(wrapper):16] SubWindow.Menu_CreateExcel : langList_toolButton_clicked 실행 종료
[2022-12-13 00:07:18.796][I][AutoBaseFunction.py(wrapper):11] SubWindow.Menu_CreateExcel : func_check_run 실행 시작
[2022-12-13 00:07:18.797][I][AutoBaseFunction.py(wrapper):12] Parameter : False
[2022-12-13 00:07:34.818][I][AutoBaseFunction.py(wrapper):11] __main__ : closeEvent 실행 시작
[2022-12-13 00:07:34.818][I][AutoBaseFunction.py(wrapper):12] Parameter : <PyQt5.QtGui.QCloseEvent object at 0x0000026350C44A60>
[2022-12-13 00:07:34.819][I][AutoBaseFunction.py(wrapper):16] __main__ : closeEvent 실행 종료
[2022-12-13 00:07:34.824][I][Menu_CreateExcel.py(func_check_run):387] 엑셀 생성 누름 열림
[2022-12-13 00:07:34.825][I][AutoBaseFunction.py(wrapper):16] SubWindow.Menu_CreateExcel : func_check_run 실행 종료
