[2022-12-12 23:51:59.706][D][LogManager.py(Init):10] LogManager Init function called !!!
[2022-12-12 23:51:59.880][I][AutoBaseFunction.py(wrapper):11] __main__ : setupUi 실행 시작
[2022-12-12 23:51:59.880][I][AutoBaseFunction.py(wrapper):12] Parameter : 
[2022-12-12 23:51:59.886][I][AutoBaseFunction.py(wrapper):11] __main__ : set_field_gridLayout 실행 시작
[2022-12-12 23:51:59.886][I][AutoBaseFunction.py(wrapper):12] Parameter : 
[2022-12-12 23:51:59.932][I][AutoBaseFunction.py(wrapper):16] __main__ : set_field_gridLayout 실행 종료
[2022-12-12 23:51:59.933][I][AutoBaseFunction.py(wrapper):11] __main__ : set_testList_hboxLayout 실행 시작
[2022-12-12 23:51:59.934][I][AutoBaseFunction.py(wrapper):12] Parameter : 
[2022-12-12 23:52:00.271][I][AutoBaseFunction.py(wrapper):16] __main__ : set_testList_hboxLayout 실행 종료
[2022-12-12 23:52:00.275][I][AutoBaseFunction.py(wrapper):16] __main__ : setupUi 실행 종료
[2022-12-12 23:52:02.057][I][AutoBaseFunction.py(wrapper):11] __main__ : show_menu_CreateExcel 실행 시작
[2022-12-12 23:52:02.057][I][AutoBaseFunction.py(wrapper):12] Parameter : False
[2022-12-12 23:52:02.058][I][AutoBaseFunction.py(wrapper):11] SubWindow.Menu_CreateExcel : setupUI_CreateExcel 실행 시작
[2022-12-12 23:52:02.058][I][AutoBaseFunction.py(wrapper):12] Parameter : 
[2022-12-12 23:52:02.062][I][AutoBaseFunction.py(wrapper):11] SubWindow.Menu_CreateExcel : new_excel_func 실행 시작
[2022-12-12 23:52:02.063][I][AutoBaseFunction.py(wrapper):12] Parameter : 
[2022-12-12 23:52:02.063][I][AutoBaseFunction.py(wrapper):16] SubWindow.Menu_CreateExcel : new_excel_func 실행 종료
[2022-12-12 23:52:02.063][I][AutoBaseFunction.py(wrapper):11] SubWindow.Menu_CreateExcel : set_excel_func 실행 시작
[2022-12-12 23:52:02.064][I][AutoBaseFunction.py(wrapper):12] Parameter : 
[2022-12-12 23:52:02.064][I][AutoBaseFunction.py(wrapper):16] SubWindow.Menu_CreateExcel : set_excel_func 실행 종료
[2022-12-12 23:52:02.067][I][AutoBaseFunction.py(wrapper):16] SubWindow.Menu_CreateExcel : setupUI_CreateExcel 실행 종료
[2022-12-12 23:52:02.082][I][MainWindow.py(show_menu_CreateExcel):295] 엑셀 생성 팝업 열림
[2022-12-12 23:52:02.082][I][AutoBaseFunction.py(wrapper):16] __main__ : show_menu_CreateExcel 실행 종료
[2022-12-12 23:52:04.542][I][AutoBaseFunction.py(wrapper):11] SubWindow.Menu_CreateExcel : func_set_excel_groupBox 실행 시작
[2022-12-12 23:52:04.543][I][AutoBaseFunction.py(wrapper):12] Parameter : 
[2022-12-12 23:52:04.543][I][AutoBaseFunction.py(wrapper):16] SubWindow.Menu_CreateExcel : func_set_excel_groupBox 실행 종료
[2022-12-12 23:52:05.288][I][AutoBaseFunction.py(wrapper):11] SubWindow.Menu_CreateExcel : langList_toolButton_clicked 실행 시작
[2022-12-12 23:52:05.289][I][AutoBaseFunction.py(wrapper):12] Parameter : <PyQt5.QtWidgets.QLineEdit object at 0x0000019CEBD03F40>, False
[2022-12-12 23:52:13.912][I][AutoBaseFunction.py(wrapper):16] SubWindow.Menu_CreateExcel : langList_toolButton_clicked 실행 종료
[2022-12-12 23:52:14.906][I][AutoBaseFunction.py(wrapper):11] SubWindow.Menu_CreateExcel : func_check_run 실행 시작
[2022-12-12 23:52:14.906][I][AutoBaseFunction.py(wrapper):12] Parameter : False
