[2022-12-12 15:10:53.674][D][LogManager.py(Init):10] LogManager Init function called !!!
[2022-12-12 15:10:53.786][I][AutoBaseFunction.py(wrapper):11] __main__ : setupUi 실행 시작
[2022-12-12 15:10:53.787][I][AutoBaseFunction.py(wrapper):12] Parameter : 
[2022-12-12 15:10:53.789][I][AutoBaseFunction.py(wrapper):11] __main__ : set_field_gridLayout 실행 시작
[2022-12-12 15:10:53.790][I][AutoBaseFunction.py(wrapper):12] Parameter : 
[2022-12-12 15:10:53.831][I][AutoBaseFunction.py(wrapper):16] __main__ : set_field_gridLayout 실행 종료
[2022-12-12 15:10:53.832][I][AutoBaseFunction.py(wrapper):11] __main__ : set_testList_hboxLayout 실행 시작
[2022-12-12 15:10:53.832][I][AutoBaseFunction.py(wrapper):12] Parameter : 
[2022-12-12 15:10:54.053][I][AutoBaseFunction.py(wrapper):16] __main__ : set_testList_hboxLayout 실행 종료
[2022-12-12 15:10:54.056][I][AutoBaseFunction.py(wrapper):16] __main__ : setupUi 실행 종료
[2022-12-12 15:10:56.332][I][AutoBaseFunction.py(wrapper):11] __main__ : show_menu_CreateExcel 실행 시작
[2022-12-12 15:10:56.332][I][AutoBaseFunction.py(wrapper):12] Parameter : False
[2022-12-12 15:10:56.332][I][AutoBaseFunction.py(wrapper):11] SubWindow.Menu_CreateExcel : setupUI_CreateExcel 실행 시작
[2022-12-12 15:10:56.332][I][AutoBaseFunction.py(wrapper):12] Parameter : 
[2022-12-12 15:10:56.333][I][AutoBaseFunction.py(wrapper):11] SubWindow.Menu_CreateExcel : new_excel_func 실행 시작
[2022-12-12 15:10:56.333][I][AutoBaseFunction.py(wrapper):12] Parameter : 
[2022-12-12 15:10:56.333][I][AutoBaseFunction.py(wrapper):16] SubWindow.Menu_CreateExcel : new_excel_func 실행 종료
[2022-12-12 15:10:56.333][I][AutoBaseFunction.py(wrapper):11] SubWindow.Menu_CreateExcel : set_excel_func 실행 시작
[2022-12-12 15:10:56.334][I][AutoBaseFunction.py(wrapper):12] Parameter : 
[2022-12-12 15:10:56.334][I][AutoBaseFunction.py(wrapper):16] SubWindow.Menu_CreateExcel : set_excel_func 실행 종료
[2022-12-12 15:10:56.337][I][AutoBaseFunction.py(wrapper):16] SubWindow.Menu_CreateExcel : setupUI_CreateExcel 실행 종료
[2022-12-12 15:10:56.349][I][MainWindow.py(show_menu_CreateExcel):295] 엑셀 생성 팝업 열림
[2022-12-12 15:10:56.350][I][AutoBaseFunction.py(wrapper):16] __main__ : show_menu_CreateExcel 실행 종료
[2022-12-12 15:10:58.930][I][AutoBaseFunction.py(wrapper):11] SubWindow.Menu_CreateExcel : func_set_excel_groupBox 실행 시작
[2022-12-12 15:10:58.931][I][AutoBaseFunction.py(wrapper):12] Parameter : 
[2022-12-12 15:10:58.931][I][AutoBaseFunction.py(wrapper):16] SubWindow.Menu_CreateExcel : func_set_excel_groupBox 실행 종료
[2022-12-12 15:10:59.580][I][AutoBaseFunction.py(wrapper):11] SubWindow.Menu_CreateExcel : langList_toolButton_clicked 실행 시작
[2022-12-12 15:10:59.580][I][AutoBaseFunction.py(wrapper):12] Parameter : <PyQt5.QtWidgets.QLineEdit object at 0x0000028CC99D8948>, False
[2022-12-12 15:11:01.898][I][AutoBaseFunction.py(wrapper):16] SubWindow.Menu_CreateExcel : langList_toolButton_clicked 실행 종료
[2022-12-12 15:11:02.403][I][AutoBaseFunction.py(wrapper):11] SubWindow.Menu_CreateExcel : func_check_run 실행 시작
[2022-12-12 15:11:02.403][I][AutoBaseFunction.py(wrapper):12] Parameter : False
