[2022-12-13 23:37:36.181][D][LogManager.py(Init):10] LogManager Init function called !!!
[2022-12-13 23:37:36.336][I][AutoBaseFunction.py(wrapper):11] __main__ : setupUi 실행 시작
[2022-12-13 23:37:36.337][I][AutoBaseFunction.py(wrapper):12] Parameter : 
[2022-12-13 23:37:36.345][I][AutoBaseFunction.py(wrapper):11] __main__ : set_field_gridLayout 실행 시작
[2022-12-13 23:37:36.345][I][AutoBaseFunction.py(wrapper):12] Parameter : 
[2022-12-13 23:37:36.400][I][AutoBaseFunction.py(wrapper):16] __main__ : set_field_gridLayout 실행 종료
[2022-12-13 23:37:36.401][I][AutoBaseFunction.py(wrapper):11] __main__ : set_testList_hboxLayout 실행 시작
[2022-12-13 23:37:36.402][I][AutoBaseFunction.py(wrapper):12] Parameter : 
[2022-12-13 23:37:36.771][I][AutoBaseFunction.py(wrapper):16] __main__ : set_testList_hboxLayout 실행 종료
[2022-12-13 23:37:36.774][I][AutoBaseFunction.py(wrapper):16] __main__ : setupUi 실행 종료
[2022-12-13 23:37:38.525][I][AutoBaseFunction.py(wrapper):11] __main__ : show_menu_CreateExcel 실행 시작
[2022-12-13 23:37:38.525][I][AutoBaseFunction.py(wrapper):12] Parameter : False
[2022-12-13 23:37:38.526][I][AutoBaseFunction.py(wrapper):11] SubWindow.Menu_CreateExcel : setupUI_CreateExcel 실행 시작
[2022-12-13 23:37:38.526][I][AutoBaseFunction.py(wrapper):12] Parameter : 
[2022-12-13 23:37:38.530][I][AutoBaseFunction.py(wrapper):11] SubWindow.Menu_CreateExcel : new_excel_func 실행 시작
[2022-12-13 23:37:38.531][I][AutoBaseFunction.py(wrapper):12] Parameter : 
[2022-12-13 23:37:38.531][I][AutoBaseFunction.py(wrapper):16] SubWindow.Menu_CreateExcel : new_excel_func 실행 종료
[2022-12-13 23:37:38.531][I][AutoBaseFunction.py(wrapper):11] SubWindow.Menu_CreateExcel : set_excel_func 실행 시작
[2022-12-13 23:37:38.532][I][AutoBaseFunction.py(wrapper):12] Parameter : 
[2022-12-13 23:37:38.532][I][AutoBaseFunction.py(wrapper):16] SubWindow.Menu_CreateExcel : set_excel_func 실행 종료
[2022-12-13 23:37:38.534][I][AutoBaseFunction.py(wrapper):16] SubWindow.Menu_CreateExcel : setupUI_CreateExcel 실행 종료
[2022-12-13 23:37:38.553][I][MainWindow.py(show_menu_CreateExcel):295] 엑셀 생성 팝업 열림
[2022-12-13 23:37:38.553][I][AutoBaseFunction.py(wrapper):16] __main__ : show_menu_CreateExcel 실행 종료
[2022-12-13 23:37:41.800][I][AutoBaseFunction.py(wrapper):11] SubWindow.Menu_CreateExcel : func_set_excel_groupBox 실행 시작
[2022-12-13 23:37:41.800][I][AutoBaseFunction.py(wrapper):12] Parameter : 
[2022-12-13 23:37:41.801][I][AutoBaseFunction.py(wrapper):16] SubWindow.Menu_CreateExcel : func_set_excel_groupBox 실행 종료
[2022-12-13 23:37:42.623][I][AutoBaseFunction.py(wrapper):11] SubWindow.Menu_CreateExcel : langList_toolButton_clicked 실행 시작
[2022-12-13 23:37:42.623][I][AutoBaseFunction.py(wrapper):12] Parameter : <PyQt5.QtWidgets.QLineEdit object at 0x00000186CB767AC0>, False
[2022-12-13 23:37:47.429][I][AutoBaseFunction.py(wrapper):16] SubWindow.Menu_CreateExcel : langList_toolButton_clicked 실행 종료
[2022-12-13 23:37:48.083][I][AutoBaseFunction.py(wrapper):11] SubWindow.Menu_CreateExcel : func_check_run 실행 시작
[2022-12-13 23:37:48.084][I][AutoBaseFunction.py(wrapper):12] Parameter : False
[2022-12-13 23:37:49.160][I][AutoBaseFunction.py(wrapper):16] SubWindow.Menu_CreateExcel : func_check_run 실행 종료
[2022-12-13 23:37:58.978][I][AutoBaseFunction.py(wrapper):11] SubWindow.Menu_CreateExcel : func_check_run 실행 시작
[2022-12-13 23:37:58.979][I][AutoBaseFunction.py(wrapper):12] Parameter : False
[2022-12-13 23:38:15.369][I][AutoBaseFunction.py(wrapper):11] __main__ : show_menu_CreateExcel 실행 시작
[2022-12-13 23:38:15.369][I][AutoBaseFunction.py(wrapper):12] Parameter : False
[2022-12-13 23:38:15.369][I][AutoBaseFunction.py(wrapper):11] SubWindow.Menu_CreateExcel : setupUI_CreateExcel 실행 시작
[2022-12-13 23:38:15.370][I][AutoBaseFunction.py(wrapper):12] Parameter : 
[2022-12-13 23:38:15.373][I][AutoBaseFunction.py(wrapper):11] SubWindow.Menu_CreateExcel : new_excel_func 실행 시작
[2022-12-13 23:38:15.373][I][AutoBaseFunction.py(wrapper):12] Parameter : 
[2022-12-13 23:38:15.374][I][AutoBaseFunction.py(wrapper):16] SubWindow.Menu_CreateExcel : new_excel_func 실행 종료
[2022-12-13 23:38:15.374][I][AutoBaseFunction.py(wrapper):11] SubWindow.Menu_CreateExcel : set_excel_func 실행 시작
[2022-12-13 23:38:15.374][I][AutoBaseFunction.py(wrapper):12] Parameter : 
[2022-12-13 23:38:15.375][I][AutoBaseFunction.py(wrapper):16] SubWindow.Menu_CreateExcel : set_excel_func 실행 종료
[2022-12-13 23:38:15.377][I][AutoBaseFunction.py(wrapper):16] SubWindow.Menu_CreateExcel : setupUI_CreateExcel 실행 종료
[2022-12-13 23:38:15.389][I][MainWindow.py(show_menu_CreateExcel):295] 엑셀 생성 팝업 열림
[2022-12-13 23:38:15.389][I][AutoBaseFunction.py(wrapper):16] __main__ : show_menu_CreateExcel 실행 종료
[2022-12-13 23:38:19.008][I][AutoBaseFunction.py(wrapper):11] SubWindow.Menu_CreateExcel : func_set_excel_groupBox 실행 시작
[2022-12-13 23:38:19.008][I][AutoBaseFunction.py(wrapper):12] Parameter : 
[2022-12-13 23:38:19.009][I][AutoBaseFunction.py(wrapper):16] SubWindow.Menu_CreateExcel : func_set_excel_groupBox 실행 종료
[2022-12-13 23:38:19.729][I][AutoBaseFunction.py(wrapper):11] SubWindow.Menu_CreateExcel : langList_toolButton_clicked 실행 시작
[2022-12-13 23:38:19.729][I][AutoBaseFunction.py(wrapper):12] Parameter : <PyQt5.QtWidgets.QLineEdit object at 0x00000186CB795000>, False
[2022-12-13 23:38:23.159][I][AutoBaseFunction.py(wrapper):16] SubWindow.Menu_CreateExcel : langList_toolButton_clicked 실행 종료
[2022-12-13 23:38:24.167][I][AutoBaseFunction.py(wrapper):11] SubWindow.Menu_CreateExcel : func_check_run 실행 시작
[2022-12-13 23:38:24.167][I][AutoBaseFunction.py(wrapper):12] Parameter : False
