[2022-12-13 23:38:59.159][D][LogManager.py(Init):10] LogManager Init function called !!!
[2022-12-13 23:38:59.301][I][AutoBaseFunction.py(wrapper):11] __main__ : setupUi 실행 시작
[2022-12-13 23:38:59.301][I][AutoBaseFunction.py(wrapper):12] Parameter : 
[2022-12-13 23:38:59.306][I][AutoBaseFunction.py(wrapper):11] __main__ : set_field_gridLayout 실행 시작
[2022-12-13 23:38:59.306][I][AutoBaseFunction.py(wrapper):12] Parameter : 
[2022-12-13 23:38:59.356][I][AutoBaseFunction.py(wrapper):16] __main__ : set_field_gridLayout 실행 종료
[2022-12-13 23:38:59.357][I][AutoBaseFunction.py(wrapper):11] __main__ : set_testList_hboxLayout 실행 시작
[2022-12-13 23:38:59.358][I][AutoBaseFunction.py(wrapper):12] Parameter : 
[2022-12-13 23:38:59.707][I][AutoBaseFunction.py(wrapper):16] __main__ : set_testList_hboxLayout 실행 종료
[2022-12-13 23:38:59.710][I][AutoBaseFunction.py(wrapper):16] __main__ : setupUi 실행 종료
[2022-12-13 23:39:01.468][I][AutoBaseFunction.py(wrapper):11] __main__ : show_menu_CreateExcel 실행 시작
[2022-12-13 23:39:01.468][I][AutoBaseFunction.py(wrapper):12] Parameter : False
[2022-12-13 23:39:01.469][I][AutoBaseFunction.py(wrapper):11] SubWindow.Menu_CreateExcel : setupUI_CreateExcel 실행 시작
[2022-12-13 23:39:01.469][I][AutoBaseFunction.py(wrapper):12] Parameter : 
[2022-12-13 23:39:01.473][I][AutoBaseFunction.py(wrapper):11] SubWindow.Menu_CreateExcel : new_excel_func 실행 시작
[2022-12-13 23:39:01.473][I][AutoBaseFunction.py(wrapper):12] Parameter : 
[2022-12-13 23:39:01.473][I][AutoBaseFunction.py(wrapper):16] SubWindow.Menu_CreateExcel : new_excel_func 실행 종료
[2022-12-13 23:39:01.473][I][AutoBaseFunction.py(wrapper):11] SubWindow.Menu_CreateExcel : set_excel_func 실행 시작
[2022-12-13 23:39:01.474][I][AutoBaseFunction.py(wrapper):12] Parameter : 
[2022-12-13 23:39:01.474][I][AutoBaseFunction.py(wrapper):16] SubWindow.Menu_CreateExcel : set_excel_func 실행 종료
[2022-12-13 23:39:01.477][I][AutoBaseFunction.py(wrapper):16] SubWindow.Menu_CreateExcel : setupUI_CreateExcel 실행 종료
[2022-12-13 23:39:01.493][I][MainWindow.py(show_menu_CreateExcel):295] 엑셀 생성 팝업 열림
[2022-12-13 23:39:01.494][I][AutoBaseFunction.py(wrapper):16] __main__ : show_menu_CreateExcel 실행 종료
[2022-12-13 23:39:03.936][I][AutoBaseFunction.py(wrapper):11] SubWindow.Menu_CreateExcel : func_set_excel_groupBox 실행 시작
[2022-12-13 23:39:03.936][I][AutoBaseFunction.py(wrapper):12] Parameter : 
[2022-12-13 23:39:03.936][I][AutoBaseFunction.py(wrapper):16] SubWindow.Menu_CreateExcel : func_set_excel_groupBox 실행 종료
[2022-12-13 23:39:04.626][I][AutoBaseFunction.py(wrapper):11] SubWindow.Menu_CreateExcel : langList_toolButton_clicked 실행 시작
[2022-12-13 23:39:04.627][I][AutoBaseFunction.py(wrapper):12] Parameter : <PyQt5.QtWidgets.QLineEdit object at 0x00000227BD4EFBE0>, False
[2022-12-13 23:39:08.405][I][AutoBaseFunction.py(wrapper):16] SubWindow.Menu_CreateExcel : langList_toolButton_clicked 실행 종료
[2022-12-13 23:39:09.249][I][AutoBaseFunction.py(wrapper):11] SubWindow.Menu_CreateExcel : func_check_run 실행 시작
[2022-12-13 23:39:09.250][I][AutoBaseFunction.py(wrapper):12] Parameter : False
