[2022-10-19 22:20:55.519][D][LogManager.py(Init):12] LogManager Init function called !!!
[2022-10-19 22:20:55.605][I][AutoBaseFunction.py(wrapper):11] __main__ : setupUi 실행 시작
[2022-10-19 22:20:55.606][I][AutoBaseFunction.py(wrapper):12] Parameter : 
[2022-10-19 22:20:55.611][I][AutoBaseFunction.py(wrapper):11] __main__ : set_field_gridLayout 실행 시작
[2022-10-19 22:20:55.611][I][AutoBaseFunction.py(wrapper):12] Parameter : 
[2022-10-19 22:20:55.636][I][AutoBaseFunction.py(wrapper):16] __main__ : set_field_gridLayout 실행 종료
[2022-10-19 22:20:55.638][I][AutoBaseFunction.py(wrapper):11] __main__ : set_testList_hboxLayout 실행 시작
[2022-10-19 22:20:55.638][I][AutoBaseFunction.py(wrapper):12] Parameter : 
[2022-10-19 22:20:55.995][I][AutoBaseFunction.py(wrapper):16] __main__ : set_testList_hboxLayout 실행 종료
[2022-10-19 22:20:56.000][I][AutoBaseFunction.py(wrapper):16] __main__ : setupUi 실행 종료
[2022-10-19 22:20:59.152][I][AutoBaseFunction.py(wrapper):11] __main__ : show_setup_Field 실행 시작
[2022-10-19 22:20:59.153][I][AutoBaseFunction.py(wrapper):12] Parameter : False
[2022-10-19 22:20:59.154][I][AutoBaseFunction.py(wrapper):11] SubWindow.Setup_Field : setupUI_Field 실행 시작
[2022-10-19 22:20:59.154][I][AutoBaseFunction.py(wrapper):12] Parameter : 
[2022-10-19 22:20:59.156][I][AutoBaseFunction.py(wrapper):11] SubWindow.Setup_Field : sl_set_slot 실행 시작
[2022-10-19 22:20:59.156][I][AutoBaseFunction.py(wrapper):12] Parameter : 
[2022-10-19 22:20:59.157][I][AutoBaseFunction.py(wrapper):16] SubWindow.Setup_Field : sl_set_slot 실행 종료
[2022-10-19 22:20:59.157][I][AutoBaseFunction.py(wrapper):16] SubWindow.Setup_Field : setupUI_Field 실행 종료
[2022-10-19 22:20:59.165][I][MainWindow.py(show_setup_Field):268] 필드 설정 팝업 열림
[2022-10-19 22:20:59.165][I][AutoBaseFunction.py(wrapper):16] __main__ : show_setup_Field 실행 종료
[2022-10-19 22:21:01.232][I][AutoBaseFunction.py(wrapper):11] SubWindow.Setup_Field : keyPressEvent 실행 시작
[2022-10-19 22:21:01.232][I][AutoBaseFunction.py(wrapper):12] Parameter : <PyQt5.QtGui.QKeyEvent object at 0x00000269F0D2C160>
[2022-10-19 22:21:01.233][I][AutoBaseFunction.py(wrapper):11] SubWindow.Setup_Field : ok_Button_clicked 실행 시작
[2022-10-19 22:21:01.234][I][AutoBaseFunction.py(wrapper):12] Parameter : None
[2022-10-19 22:21:01.234][I][Setup_Field.py(ok_Button_clicked):83] 필드 설정 팝업 확인 버튼 선택
[2022-10-19 22:21:02.642][I][Setup_Field.py(ok_Button_clicked):126] 평가결과 저장 query:CREATE TABLE 'BACKUP' ('이미지' TEXT,'sdga' TEXT,'3gdsaas' TEXT,'gads' TEXT,'sdgagdsa' TEXT,'aaa' TEXT,'11' TEXT,'1' TEXT,'2' TEXT,'3' TEXT,'버전정보' TEXT)
[2022-10-19 22:21:02.644][E][AutoBaseFunction.py(wrapper):19] Traceback (most recent call last):
  File "d:\new\Helper\AutoBaseFunction.py", line 15, in wrapper
    func(self, *args)
  File "d:\new\SubWindow\Setup_Field.py", line 128, in ok_Button_clicked
    self.c.execute(query)
sqlite3.OperationalError: table 'BACKUP' already exists

[2022-10-19 22:21:02.645][I][AutoBaseFunction.py(wrapper):16] SubWindow.Setup_Field : keyPressEvent 실행 종료
