[2022-10-11 16:54:23.523][D][LogManager.py(Init):12] LogManager Init function called !!!
[2022-10-11 16:54:23.552][I][AutoBaseFunction.py(wrapper):10] __main__ : setupUi 실행 시작
[2022-10-11 16:54:23.553][I][AutoBaseFunction.py(wrapper):11] Parameter : 
[2022-10-11 16:54:23.558][I][AutoBaseFunction.py(wrapper):10] __main__ : set_field_gridLayout 실행 시작
[2022-10-11 16:54:23.559][I][AutoBaseFunction.py(wrapper):11] Parameter : 
[2022-10-11 16:54:23.586][I][AutoBaseFunction.py(wrapper):17] __main__ : set_field_gridLayout 실행 종료
[2022-10-11 16:54:23.587][I][AutoBaseFunction.py(wrapper):10] __main__ : set_testList_hboxLayout 실행 시작
[2022-10-11 16:54:23.587][I][AutoBaseFunction.py(wrapper):11] Parameter : 
[2022-10-11 16:54:23.590][I][AutoBaseFunction.py(wrapper):17] __main__ : set_testList_hboxLayout 실행 종료
[2022-10-11 16:54:23.823][I][AutoBaseFunction.py(wrapper):17] __main__ : setupUi 실행 종료
[2022-10-11 16:54:28.493][I][AutoBaseFunction.py(wrapper):10] __main__ : show_setup_Language 실행 시작
[2022-10-11 16:54:28.493][I][AutoBaseFunction.py(wrapper):11] Parameter : False
[2022-10-11 16:54:28.494][I][AutoBaseFunction.py(wrapper):10] SubWindow.Setup_Language : setupUI_Language 실행 시작
[2022-10-11 16:54:28.494][I][AutoBaseFunction.py(wrapper):11] Parameter : 
[2022-10-11 16:54:28.495][I][AutoBaseFunction.py(wrapper):10] SubWindow.Setup_Language : setLang_Button 실행 시작
[2022-10-11 16:54:28.495][I][AutoBaseFunction.py(wrapper):11] Parameter : 
[2022-10-11 16:54:28.497][I][Setup_Language.py(setLang_Button):95] ['중국어', '중국어어', 'sdf'], ['D:/Skillup/new/img', 'D:/Skillup/new/국내_표5', 'asdg'] 기준으로 창에 표시하기 시작
[2022-10-11 16:54:28.499][I][Setup_Language.py(addLang_Button_clicked):145] 중국어, D:/Skillup/new/img 추가됨
[2022-10-11 16:54:28.499][I][Setup_Language.py(addLang_Button_clicked):145] 중국어어, D:/Skillup/new/국내_표5 추가됨
[2022-10-11 16:54:28.500][I][Setup_Language.py(addLang_Button_clicked):145] sdf, asdg 추가됨
[2022-10-11 16:54:28.500][I][Setup_Language.py(setLang_Button):99] ['중국어', '중국어어', 'sdf'], ['D:/Skillup/new/img', 'D:/Skillup/new/국내_표5', 'asdg'] 기준으로 창에 표시 완료
[2022-10-11 16:54:28.501][I][AutoBaseFunction.py(wrapper):17] SubWindow.Setup_Language : setLang_Button 실행 종료
[2022-10-11 16:54:28.501][I][AutoBaseFunction.py(wrapper):10] SubWindow.Setup_Language : sl_set_slot 실행 시작
[2022-10-11 16:54:28.501][I][AutoBaseFunction.py(wrapper):11] Parameter : 
[2022-10-11 16:54:28.502][I][AutoBaseFunction.py(wrapper):17] SubWindow.Setup_Language : sl_set_slot 실행 종료
[2022-10-11 16:54:28.502][I][AutoBaseFunction.py(wrapper):17] SubWindow.Setup_Language : setupUI_Language 실행 종료
[2022-10-11 16:54:28.512][I][MainWindow.py(show_setup_Language):251] 언어 설정 팝업 열림
[2022-10-11 16:54:28.512][I][AutoBaseFunction.py(wrapper):17] __main__ : show_setup_Language 실행 종료
[2022-10-11 16:54:29.455][I][AutoBaseFunction.py(wrapper):10] SubWindow.Setup_Language : keyPressEvent 실행 시작
[2022-10-11 16:54:29.457][I][AutoBaseFunction.py(wrapper):11] Parameter : <PyQt5.QtGui.QKeyEvent object at 0x00000252DA7604C8>
[2022-10-11 16:54:29.460][I][AutoBaseFunction.py(wrapper):10] SubWindow.Setup_Language : closeEvent 실행 시작
[2022-10-11 16:54:29.462][I][AutoBaseFunction.py(wrapper):11] Parameter : <PyQt5.QtGui.QCloseEvent object at 0x00000252DA760558>
[2022-10-11 16:54:29.473][I][AutoBaseFunction.py(wrapper):17] SubWindow.Setup_Language : closeEvent 실행 종료
[2022-10-11 16:54:29.480][I][AutoBaseFunction.py(wrapper):17] SubWindow.Setup_Language : keyPressEvent 실행 종료
[2022-10-11 16:54:33.428][I][AutoBaseFunction.py(wrapper):10] __main__ : show_setup_Language 실행 시작
[2022-10-11 16:54:33.429][I][AutoBaseFunction.py(wrapper):11] Parameter : False
[2022-10-11 16:54:33.430][I][AutoBaseFunction.py(wrapper):10] SubWindow.Setup_Language : setupUI_Language 실행 시작
[2022-10-11 16:54:33.431][I][AutoBaseFunction.py(wrapper):11] Parameter : 
[2022-10-11 16:54:33.432][I][AutoBaseFunction.py(wrapper):10] SubWindow.Setup_Language : setLang_Button 실행 시작
[2022-10-11 16:54:33.432][I][AutoBaseFunction.py(wrapper):11] Parameter : 
[2022-10-11 16:54:33.434][I][Setup_Language.py(setLang_Button):95] ['중국어', '중국어어', 'sdf'], ['D:/Skillup/new/img', 'D:/Skillup/new/국내_표5', 'asdg'] 기준으로 창에 표시하기 시작
[2022-10-11 16:54:33.435][I][Setup_Language.py(addLang_Button_clicked):145] 중국어, D:/Skillup/new/img 추가됨
[2022-10-11 16:54:33.435][I][Setup_Language.py(addLang_Button_clicked):145] 중국어어, D:/Skillup/new/국내_표5 추가됨
[2022-10-11 16:54:33.436][I][Setup_Language.py(addLang_Button_clicked):145] sdf, asdg 추가됨
[2022-10-11 16:54:33.436][I][Setup_Language.py(setLang_Button):99] ['중국어', '중국어어', 'sdf'], ['D:/Skillup/new/img', 'D:/Skillup/new/국내_표5', 'asdg'] 기준으로 창에 표시 완료
[2022-10-11 16:54:33.437][I][AutoBaseFunction.py(wrapper):17] SubWindow.Setup_Language : setLang_Button 실행 종료
[2022-10-11 16:54:33.437][I][AutoBaseFunction.py(wrapper):10] SubWindow.Setup_Language : sl_set_slot 실행 시작
[2022-10-11 16:54:33.437][I][AutoBaseFunction.py(wrapper):11] Parameter : 
[2022-10-11 16:54:33.438][I][AutoBaseFunction.py(wrapper):17] SubWindow.Setup_Language : sl_set_slot 실행 종료
[2022-10-11 16:54:33.438][I][AutoBaseFunction.py(wrapper):17] SubWindow.Setup_Language : setupUI_Language 실행 종료
[2022-10-11 16:54:33.445][I][MainWindow.py(show_setup_Language):251] 언어 설정 팝업 열림
[2022-10-11 16:54:33.445][I][AutoBaseFunction.py(wrapper):17] __main__ : show_setup_Language 실행 종료
[2022-10-11 16:54:36.227][I][AutoBaseFunction.py(wrapper):10] SubWindow.Setup_Language : ok_Button_clicked 실행 시작
[2022-10-11 16:54:36.228][I][AutoBaseFunction.py(wrapper):11] Parameter : False
