[2022-10-11 15:42:43.138][D][LogManager.py(Init):12] LogManager Init function called !!!
[2022-10-11 15:42:43.164][I][AutoBaseFunction.py(wrapper):10] __main__ : setupUi 실행 시작
[2022-10-11 15:42:43.165][I][AutoBaseFunction.py(wrapper):11] Parameter : 
[2022-10-11 15:42:43.171][I][AutoBaseFunction.py(wrapper):10] __main__ : set_field_gridLayout 실행 시작
[2022-10-11 15:42:43.171][I][AutoBaseFunction.py(wrapper):11] Parameter : 
[2022-10-11 15:42:43.201][I][AutoBaseFunction.py(wrapper):17] __main__ : set_field_gridLayout 실행 종료
[2022-10-11 15:42:43.202][I][AutoBaseFunction.py(wrapper):10] __main__ : set_testList_hboxLayout 실행 시작
[2022-10-11 15:42:43.203][I][AutoBaseFunction.py(wrapper):11] Parameter : 
[2022-10-11 15:42:43.206][I][AutoBaseFunction.py(wrapper):17] __main__ : set_testList_hboxLayout 실행 종료
[2022-10-11 15:42:43.436][I][AutoBaseFunction.py(wrapper):17] __main__ : setupUi 실행 종료
[2022-10-11 15:42:45.132][I][AutoBaseFunction.py(wrapper):10] __main__ : show_setup_Language 실행 시작
[2022-10-11 15:42:45.132][I][AutoBaseFunction.py(wrapper):11] Parameter : False
[2022-10-11 15:42:45.133][I][AutoBaseFunction.py(wrapper):10] SubWindow.Setup_Language : setupUI_Language 실행 시작
[2022-10-11 15:42:45.133][I][AutoBaseFunction.py(wrapper):11] Parameter : 
[2022-10-11 15:42:45.134][I][AutoBaseFunction.py(wrapper):10] SubWindow.Setup_Language : setLang_Button 실행 시작
[2022-10-11 15:42:45.134][I][AutoBaseFunction.py(wrapper):11] Parameter : 
[2022-10-11 15:42:45.137][I][AutoBaseFunction.py(wrapper):17] SubWindow.Setup_Language : setLang_Button 실행 종료
[2022-10-11 15:42:45.137][I][AutoBaseFunction.py(wrapper):10] SubWindow.Setup_Language : sl_set_slot 실행 시작
[2022-10-11 15:42:45.138][I][AutoBaseFunction.py(wrapper):11] Parameter : 
[2022-10-11 15:42:45.138][I][AutoBaseFunction.py(wrapper):17] SubWindow.Setup_Language : sl_set_slot 실행 종료
[2022-10-11 15:42:45.138][I][AutoBaseFunction.py(wrapper):17] SubWindow.Setup_Language : setupUI_Language 실행 종료
[2022-10-11 15:42:45.145][I][AutoBaseFunction.py(wrapper):17] __main__ : show_setup_Language 실행 종료
[2022-10-11 15:42:48.386][I][AutoBaseFunction.py(wrapper):10] SubWindow.Setup_Language : ok_Button_clicked 실행 시작
[2022-10-11 15:42:48.387][I][AutoBaseFunction.py(wrapper):11] Parameter : False
