[2022-10-11 16:40:50.337][D][LogManager.py(Init):12] LogManager Init function called !!!
[2022-10-11 16:40:50.364][I][AutoBaseFunction.py(wrapper):10] __main__ : setupUi 실행 시작
[2022-10-11 16:40:50.364][I][AutoBaseFunction.py(wrapper):11] Parameter : 
[2022-10-11 16:40:50.368][I][AutoBaseFunction.py(wrapper):10] __main__ : set_field_gridLayout 실행 시작
[2022-10-11 16:40:50.369][I][AutoBaseFunction.py(wrapper):11] Parameter : 
[2022-10-11 16:40:50.396][I][AutoBaseFunction.py(wrapper):17] __main__ : set_field_gridLayout 실행 종료
[2022-10-11 16:40:50.397][I][AutoBaseFunction.py(wrapper):10] __main__ : set_testList_hboxLayout 실행 시작
[2022-10-11 16:40:50.397][I][AutoBaseFunction.py(wrapper):11] Parameter : 
[2022-10-11 16:40:50.400][I][AutoBaseFunction.py(wrapper):17] __main__ : set_testList_hboxLayout 실행 종료
[2022-10-11 16:40:50.640][I][AutoBaseFunction.py(wrapper):17] __main__ : setupUi 실행 종료
[2022-10-11 16:40:52.461][I][AutoBaseFunction.py(wrapper):10] __main__ : show_setup_Language 실행 시작
[2022-10-11 16:40:52.462][I][AutoBaseFunction.py(wrapper):11] Parameter : False
[2022-10-11 16:40:52.462][I][AutoBaseFunction.py(wrapper):10] SubWindow.Setup_Language : setupUI_Language 실행 시작
[2022-10-11 16:40:52.462][I][AutoBaseFunction.py(wrapper):11] Parameter : 
[2022-10-11 16:40:52.463][I][AutoBaseFunction.py(wrapper):10] SubWindow.Setup_Language : setLang_Button 실행 시작
[2022-10-11 16:40:52.463][I][AutoBaseFunction.py(wrapper):11] Parameter : 
[2022-10-11 16:40:52.465][I][Setup_Language.py(setLang_Button):95] ['중국어', '한국어', '11'], ['D:/test/TestList_CSV/2022_skillup-master/img', 'D:/Skillup/new/img', 'D:/Skillup/new/img'] 기준으로 창에 표시하기 시작
[2022-10-11 16:40:52.467][I][Setup_Language.py(addLang_Button_clicked):145] 중국어, D:/test/TestList_CSV/2022_skillup-master/img 추가됨
[2022-10-11 16:40:52.468][I][Setup_Language.py(addLang_Button_clicked):145] 한국어, D:/Skillup/new/img 추가됨
[2022-10-11 16:40:52.468][I][Setup_Language.py(addLang_Button_clicked):145] 11, D:/Skillup/new/img 추가됨
[2022-10-11 16:40:52.468][I][Setup_Language.py(setLang_Button):99] ['중국어', '한국어', '11'], ['D:/test/TestList_CSV/2022_skillup-master/img', 'D:/Skillup/new/img', 'D:/Skillup/new/img'] 기준으로 창에 표시 완료
[2022-10-11 16:40:52.469][I][AutoBaseFunction.py(wrapper):17] SubWindow.Setup_Language : setLang_Button 실행 종료
[2022-10-11 16:40:52.469][I][AutoBaseFunction.py(wrapper):10] SubWindow.Setup_Language : sl_set_slot 실행 시작
[2022-10-11 16:40:52.469][I][AutoBaseFunction.py(wrapper):11] Parameter : 
[2022-10-11 16:40:52.470][I][AutoBaseFunction.py(wrapper):17] SubWindow.Setup_Language : sl_set_slot 실행 종료
[2022-10-11 16:40:52.470][I][AutoBaseFunction.py(wrapper):17] SubWindow.Setup_Language : setupUI_Language 실행 종료
[2022-10-11 16:40:52.477][I][MainWindow.py(show_setup_Language):250] 언어 설정 팝업 열림
[2022-10-11 16:40:52.477][I][AutoBaseFunction.py(wrapper):17] __main__ : show_setup_Language 실행 종료
[2022-10-11 16:40:54.251][I][AutoBaseFunction.py(wrapper):10] SubWindow.Setup_Language : ok_Button_clicked 실행 시작
[2022-10-11 16:40:54.252][I][AutoBaseFunction.py(wrapper):11] Parameter : False
[2022-10-11 16:40:54.257][I][MainWindow.py(sl_emit):254] 퀵메뉴 clear
[2022-10-11 16:40:54.258][I][MainWindow.py(sl_emit):259] 퀵메뉴 갱신 완료
[2022-10-11 16:40:54.262][I][AutoBaseFunction.py(wrapper):17] SubWindow.Setup_Language : ok_Button_clicked 실행 종료
[2022-10-11 16:40:56.565][I][AutoBaseFunction.py(wrapper):10] __main__ : show_setup_Language 실행 시작
[2022-10-11 16:40:56.565][I][AutoBaseFunction.py(wrapper):11] Parameter : False
[2022-10-11 16:40:56.566][I][AutoBaseFunction.py(wrapper):10] SubWindow.Setup_Language : setupUI_Language 실행 시작
[2022-10-11 16:40:56.566][I][AutoBaseFunction.py(wrapper):11] Parameter : 
[2022-10-11 16:40:56.567][I][AutoBaseFunction.py(wrapper):10] SubWindow.Setup_Language : setLang_Button 실행 시작
[2022-10-11 16:40:56.567][I][AutoBaseFunction.py(wrapper):11] Parameter : 
[2022-10-11 16:40:56.569][I][Setup_Language.py(setLang_Button):95] ['중국어', '한국어', '11'], ['D:/test/TestList_CSV/2022_skillup-master/img', 'D:/Skillup/new/img', 'D:/Skillup/new/img'] 기준으로 창에 표시하기 시작
[2022-10-11 16:40:56.570][I][Setup_Language.py(addLang_Button_clicked):145] 중국어, D:/test/TestList_CSV/2022_skillup-master/img 추가됨
[2022-10-11 16:40:56.571][I][Setup_Language.py(addLang_Button_clicked):145] 한국어, D:/Skillup/new/img 추가됨
[2022-10-11 16:40:56.571][I][Setup_Language.py(addLang_Button_clicked):145] 11, D:/Skillup/new/img 추가됨
[2022-10-11 16:40:56.571][I][Setup_Language.py(setLang_Button):99] ['중국어', '한국어', '11'], ['D:/test/TestList_CSV/2022_skillup-master/img', 'D:/Skillup/new/img', 'D:/Skillup/new/img'] 기준으로 창에 표시 완료
[2022-10-11 16:40:56.572][I][AutoBaseFunction.py(wrapper):17] SubWindow.Setup_Language : setLang_Button 실행 종료
[2022-10-11 16:40:56.572][I][AutoBaseFunction.py(wrapper):10] SubWindow.Setup_Language : sl_set_slot 실행 시작
[2022-10-11 16:40:56.572][I][AutoBaseFunction.py(wrapper):11] Parameter : 
[2022-10-11 16:40:56.572][I][AutoBaseFunction.py(wrapper):17] SubWindow.Setup_Language : sl_set_slot 실행 종료
[2022-10-11 16:40:56.573][I][AutoBaseFunction.py(wrapper):17] SubWindow.Setup_Language : setupUI_Language 실행 종료
[2022-10-11 16:40:56.579][I][MainWindow.py(show_setup_Language):250] 언어 설정 팝업 열림
[2022-10-11 16:40:56.580][I][AutoBaseFunction.py(wrapper):17] __main__ : show_setup_Language 실행 종료
[2022-10-11 16:41:02.578][I][AutoBaseFunction.py(wrapper):10] SubWindow.Setup_Language : ok_Button_clicked 실행 시작
[2022-10-11 16:41:02.579][I][AutoBaseFunction.py(wrapper):11] Parameter : False
[2022-10-11 16:41:02.583][I][MainWindow.py(sl_emit):254] 퀵메뉴 clear
[2022-10-11 16:41:02.583][I][MainWindow.py(sl_emit):259] 퀵메뉴 갱신 완료
[2022-10-11 16:41:02.588][I][AutoBaseFunction.py(wrapper):17] SubWindow.Setup_Language : ok_Button_clicked 실행 종료
[2022-10-11 16:41:05.367][I][AutoBaseFunction.py(wrapper):10] __main__ : show_setup_Language 실행 시작
[2022-10-11 16:41:05.367][I][AutoBaseFunction.py(wrapper):11] Parameter : False
[2022-10-11 16:41:05.368][I][AutoBaseFunction.py(wrapper):10] SubWindow.Setup_Language : setupUI_Language 실행 시작
[2022-10-11 16:41:05.368][I][AutoBaseFunction.py(wrapper):11] Parameter : 
[2022-10-11 16:41:05.368][I][AutoBaseFunction.py(wrapper):10] SubWindow.Setup_Language : setLang_Button 실행 시작
[2022-10-11 16:41:05.369][I][AutoBaseFunction.py(wrapper):11] Parameter : 
[2022-10-11 16:41:05.370][I][Setup_Language.py(setLang_Button):95] ['중국어', '한국어', '11'], ['D:/Skillup/new/img', 'D:/Skillup/new/img', 'D:/Skillup/new/img'] 기준으로 창에 표시하기 시작
[2022-10-11 16:41:05.371][I][Setup_Language.py(addLang_Button_clicked):145] 중국어, D:/Skillup/new/img 추가됨
[2022-10-11 16:41:05.372][I][Setup_Language.py(addLang_Button_clicked):145] 한국어, D:/Skillup/new/img 추가됨
[2022-10-11 16:41:05.372][I][Setup_Language.py(addLang_Button_clicked):145] 11, D:/Skillup/new/img 추가됨
[2022-10-11 16:41:05.373][I][Setup_Language.py(setLang_Button):99] ['중국어', '한국어', '11'], ['D:/Skillup/new/img', 'D:/Skillup/new/img', 'D:/Skillup/new/img'] 기준으로 창에 표시 완료
[2022-10-11 16:41:05.373][I][AutoBaseFunction.py(wrapper):17] SubWindow.Setup_Language : setLang_Button 실행 종료
[2022-10-11 16:41:05.373][I][AutoBaseFunction.py(wrapper):10] SubWindow.Setup_Language : sl_set_slot 실행 시작
[2022-10-11 16:41:05.373][I][AutoBaseFunction.py(wrapper):11] Parameter : 
[2022-10-11 16:41:05.374][I][AutoBaseFunction.py(wrapper):17] SubWindow.Setup_Language : sl_set_slot 실행 종료
[2022-10-11 16:41:05.374][I][AutoBaseFunction.py(wrapper):17] SubWindow.Setup_Language : setupUI_Language 실행 종료
[2022-10-11 16:41:05.381][I][MainWindow.py(show_setup_Language):250] 언어 설정 팝업 열림
[2022-10-11 16:41:05.381][I][AutoBaseFunction.py(wrapper):17] __main__ : show_setup_Language 실행 종료
[2022-10-11 16:41:11.525][I][Setup_Language.py(del_langList_button_clicked):164] - 삭제 예정
[2022-10-11 16:41:11.525][I][Setup_Language.py(del_langList_button_clicked):164] 11 삭제 예정
[2022-10-11 16:41:11.526][I][Setup_Language.py(del_langList_button_clicked):164] D:/Skillup/new/img 삭제 예정
[2022-10-11 16:41:11.526][I][Setup_Language.py(del_langList_button_clicked):164] ... 삭제 예정
[2022-10-11 16:41:18.941][I][AutoBaseFunction.py(wrapper):10] SubWindow.Setup_Language : keyPressEvent 실행 시작
[2022-10-11 16:41:18.942][I][AutoBaseFunction.py(wrapper):11] Parameter : <PyQt5.QtGui.QKeyEvent object at 0x000001F0CFC09C18>
[2022-10-11 16:41:18.943][I][AutoBaseFunction.py(wrapper):10] SubWindow.Setup_Language : ok_Button_clicked 실행 시작
[2022-10-11 16:41:18.943][I][AutoBaseFunction.py(wrapper):11] Parameter : None
[2022-10-11 16:41:18.946][I][MainWindow.py(sl_emit):254] 퀵메뉴 clear
[2022-10-11 16:41:18.947][I][MainWindow.py(sl_emit):259] 퀵메뉴 갱신 완료
[2022-10-11 16:41:18.951][I][AutoBaseFunction.py(wrapper):17] SubWindow.Setup_Language : ok_Button_clicked 실행 종료
[2022-10-11 16:41:18.951][I][AutoBaseFunction.py(wrapper):17] SubWindow.Setup_Language : keyPressEvent 실행 종료
