[2022-10-11 15:41:19.782][D][LogManager.py(Init):12] LogManager Init function called !!!
[2022-10-11 15:41:19.809][I][AutoBaseFunction.py(wrapper):10] __main__ : setupUi 실행 시작
[2022-10-11 15:41:19.810][I][AutoBaseFunction.py(wrapper):11] Parameter : 
[2022-10-11 15:41:19.815][I][AutoBaseFunction.py(wrapper):10] __main__ : set_field_gridLayout 실행 시작
[2022-10-11 15:41:19.815][I][AutoBaseFunction.py(wrapper):11] Parameter : 
[2022-10-11 15:41:19.843][I][AutoBaseFunction.py(wrapper):17] __main__ : set_field_gridLayout 실행 종료
[2022-10-11 15:41:19.844][I][AutoBaseFunction.py(wrapper):10] __main__ : set_testList_hboxLayout 실행 시작
[2022-10-11 15:41:19.844][I][AutoBaseFunction.py(wrapper):11] Parameter : 
[2022-10-11 15:41:19.848][I][AutoBaseFunction.py(wrapper):17] __main__ : set_testList_hboxLayout 실행 종료
[2022-10-11 15:41:20.080][I][AutoBaseFunction.py(wrapper):17] __main__ : setupUi 실행 종료
[2022-10-11 15:41:23.659][I][AutoBaseFunction.py(wrapper):10] __main__ : show_setup_Language 실행 시작
[2022-10-11 15:41:23.660][I][AutoBaseFunction.py(wrapper):11] Parameter : False
[2022-10-11 15:41:23.661][I][AutoBaseFunction.py(wrapper):10] SubWindow.Setup_Language : setupUI_Language 실행 시작
[2022-10-11 15:41:23.661][I][AutoBaseFunction.py(wrapper):11] Parameter : 
[2022-10-11 15:41:23.662][I][AutoBaseFunction.py(wrapper):10] SubWindow.Setup_Language : setLang_Button 실행 시작
[2022-10-11 15:41:23.662][I][AutoBaseFunction.py(wrapper):11] Parameter : 
[2022-10-11 15:41:23.665][I][AutoBaseFunction.py(wrapper):17] SubWindow.Setup_Language : setLang_Button 실행 종료
[2022-10-11 15:41:23.666][I][AutoBaseFunction.py(wrapper):10] SubWindow.Setup_Language : sl_set_slot 실행 시작
[2022-10-11 15:41:23.666][I][AutoBaseFunction.py(wrapper):11] Parameter : 
[2022-10-11 15:41:23.667][I][AutoBaseFunction.py(wrapper):17] SubWindow.Setup_Language : sl_set_slot 실행 종료
[2022-10-11 15:41:23.667][I][AutoBaseFunction.py(wrapper):17] SubWindow.Setup_Language : setupUI_Language 실행 종료
[2022-10-11 15:41:23.674][I][AutoBaseFunction.py(wrapper):17] __main__ : show_setup_Language 실행 종료
[2022-10-11 15:41:27.297][I][AutoBaseFunction.py(wrapper):10] SubWindow.Setup_Language : ok_Button_clicked 실행 시작
[2022-10-11 15:41:27.298][I][AutoBaseFunction.py(wrapper):11] Parameter : False
