[2022-10-19 22:18:05.714][D][LogManager.py(Init):12] LogManager Init function called !!!
[2022-10-19 22:18:05.798][I][AutoBaseFunction.py(wrapper):11] __main__ : setupUi 실행 시작
[2022-10-19 22:18:05.799][I][AutoBaseFunction.py(wrapper):12] Parameter : 
[2022-10-19 22:18:05.804][I][AutoBaseFunction.py(wrapper):11] __main__ : set_field_gridLayout 실행 시작
[2022-10-19 22:18:05.804][I][AutoBaseFunction.py(wrapper):12] Parameter : 
[2022-10-19 22:18:05.832][I][AutoBaseFunction.py(wrapper):16] __main__ : set_field_gridLayout 실행 종료
[2022-10-19 22:18:05.834][I][AutoBaseFunction.py(wrapper):11] __main__ : set_testList_hboxLayout 실행 시작
[2022-10-19 22:18:05.835][I][AutoBaseFunction.py(wrapper):12] Parameter : 
[2022-10-19 22:18:06.205][I][AutoBaseFunction.py(wrapper):16] __main__ : set_testList_hboxLayout 실행 종료
[2022-10-19 22:18:06.210][I][AutoBaseFunction.py(wrapper):16] __main__ : setupUi 실행 종료
[2022-10-19 22:18:09.153][I][AutoBaseFunction.py(wrapper):11] __main__ : show_setup_Field 실행 시작
[2022-10-19 22:18:09.154][I][AutoBaseFunction.py(wrapper):12] Parameter : False
[2022-10-19 22:18:09.155][I][AutoBaseFunction.py(wrapper):11] SubWindow.Setup_Field : setupUI_Field 실행 시작
[2022-10-19 22:18:09.155][I][AutoBaseFunction.py(wrapper):12] Parameter : 
[2022-10-19 22:18:09.157][I][AutoBaseFunction.py(wrapper):11] SubWindow.Setup_Field : sl_set_slot 실행 시작
[2022-10-19 22:18:09.157][I][AutoBaseFunction.py(wrapper):12] Parameter : 
[2022-10-19 22:18:09.158][I][AutoBaseFunction.py(wrapper):16] SubWindow.Setup_Field : sl_set_slot 실행 종료
[2022-10-19 22:18:09.158][I][AutoBaseFunction.py(wrapper):16] SubWindow.Setup_Field : setupUI_Field 실행 종료
[2022-10-19 22:18:09.165][I][MainWindow.py(show_setup_Field):268] 필드 설정 팝업 열림
[2022-10-19 22:18:09.166][I][AutoBaseFunction.py(wrapper):16] __main__ : show_setup_Field 실행 종료
[2022-10-19 22:18:11.224][I][AutoBaseFunction.py(wrapper):11] SubWindow.Setup_Field : keyPressEvent 실행 시작
[2022-10-19 22:18:11.225][I][AutoBaseFunction.py(wrapper):12] Parameter : <PyQt5.QtGui.QKeyEvent object at 0x0000021ADE6CF1F0>
[2022-10-19 22:18:11.225][I][AutoBaseFunction.py(wrapper):11] SubWindow.Setup_Field : ok_Button_clicked 실행 시작
[2022-10-19 22:18:11.226][I][AutoBaseFunction.py(wrapper):12] Parameter : None
[2022-10-19 22:18:11.226][I][Setup_Field.py(ok_Button_clicked):83] 필드 설정 팝업 확인 버튼 선택
[2022-10-19 22:19:04.531][I][Setup_Field.py(ok_Button_clicked):126] 평가결과 저장 query:CREATE TABLE 'BACKUP' ('이미지' TEXT,'sdga' TEXT,'3gdsaas' TEXT,'gads' TEXT,'sdgagdsa' TEXT,'aaa' TEXT,'11' TEXT,'1' TEXT,'2' TEXT,'3' TEXT,'버전정보' TEXT)
[2022-10-19 22:19:40.689][E][AutoBaseFunction.py(wrapper):19] Traceback (most recent call last):
  File "d:\new\Helper\AutoBaseFunction.py", line 15, in wrapper
    func(self, *args)
  File "d:\new\SubWindow\Setup_Field.py", line 129, in ok_Button_clicked
    self.c.execute(f'INSERT INTO {setupTuple} SELECT {setup_str} FROM {sql_table}')
sqlite3.OperationalError: near "(": syntax error

[2022-10-19 22:19:40.690][I][AutoBaseFunction.py(wrapper):16] SubWindow.Setup_Field : keyPressEvent 실행 종료
