[2022-10-11 17:01:02.218][D][LogManager.py(Init):12] LogManager Init function called !!!
[2022-10-11 17:01:02.274][I][AutoBaseFunction.py(wrapper):10] __main__ : setupUi 실행 시작
[2022-10-11 17:01:02.275][I][AutoBaseFunction.py(wrapper):11] Parameter : 
[2022-10-11 17:01:02.279][I][AutoBaseFunction.py(wrapper):10] __main__ : set_field_gridLayout 실행 시작
[2022-10-11 17:01:02.280][I][AutoBaseFunction.py(wrapper):11] Parameter : 
[2022-10-11 17:01:02.306][I][AutoBaseFunction.py(wrapper):17] __main__ : set_field_gridLayout 실행 종료
[2022-10-11 17:01:02.307][I][AutoBaseFunction.py(wrapper):10] __main__ : set_testList_hboxLayout 실행 시작
[2022-10-11 17:01:02.307][I][AutoBaseFunction.py(wrapper):11] Parameter : 
[2022-10-11 17:01:02.310][I][AutoBaseFunction.py(wrapper):17] __main__ : set_testList_hboxLayout 실행 종료
[2022-10-11 17:01:02.555][I][AutoBaseFunction.py(wrapper):17] __main__ : setupUi 실행 종료
[2022-10-11 17:01:03.772][I][AutoBaseFunction.py(wrapper):10] __main__ : show_setup_Language 실행 시작
[2022-10-11 17:01:03.773][I][AutoBaseFunction.py(wrapper):11] Parameter : False
[2022-10-11 17:01:03.774][I][AutoBaseFunction.py(wrapper):10] SubWindow.Setup_Language : setupUI_Language 실행 시작
[2022-10-11 17:01:03.774][I][AutoBaseFunction.py(wrapper):11] Parameter : 
[2022-10-11 17:01:03.775][I][AutoBaseFunction.py(wrapper):10] SubWindow.Setup_Language : setLang_Button 실행 시작
[2022-10-11 17:01:03.776][I][AutoBaseFunction.py(wrapper):11] Parameter : 
[2022-10-11 17:01:03.778][I][Setup_Language.py(setLang_Button):95] ['중국어', '중국어어', '11'], ['D:/Skillup/new/img', 'D:/Skillup/new/국내_표5', 'asdg22'] 기준으로 창에 표시하기 시작
[2022-10-11 17:01:03.779][I][Setup_Language.py(addLang_Button_clicked):145] 중국어, D:/Skillup/new/img 추가됨
[2022-10-11 17:01:03.780][I][Setup_Language.py(addLang_Button_clicked):145] 중국어어, D:/Skillup/new/국내_표5 추가됨
[2022-10-11 17:01:03.781][I][Setup_Language.py(addLang_Button_clicked):145] 11, asdg22 추가됨
[2022-10-11 17:01:03.781][I][Setup_Language.py(setLang_Button):99] ['중국어', '중국어어', '11'], ['D:/Skillup/new/img', 'D:/Skillup/new/국내_표5', 'asdg22'] 기준으로 창에 표시 완료
[2022-10-11 17:01:03.782][I][AutoBaseFunction.py(wrapper):17] SubWindow.Setup_Language : setLang_Button 실행 종료
[2022-10-11 17:01:03.782][I][AutoBaseFunction.py(wrapper):10] SubWindow.Setup_Language : sl_set_slot 실행 시작
[2022-10-11 17:01:03.782][I][AutoBaseFunction.py(wrapper):11] Parameter : 
[2022-10-11 17:01:03.783][I][AutoBaseFunction.py(wrapper):17] SubWindow.Setup_Language : sl_set_slot 실행 종료
[2022-10-11 17:01:03.783][I][AutoBaseFunction.py(wrapper):17] SubWindow.Setup_Language : setupUI_Language 실행 종료
[2022-10-11 17:01:03.790][I][MainWindow.py(show_setup_Language):255] 언어 설정 팝업 열림
[2022-10-11 17:01:03.790][I][AutoBaseFunction.py(wrapper):17] __main__ : show_setup_Language 실행 종료
[2022-10-11 17:01:04.959][I][AutoBaseFunction.py(wrapper):10] SubWindow.Setup_Language : keyPressEvent 실행 시작
[2022-10-11 17:01:04.959][I][AutoBaseFunction.py(wrapper):11] Parameter : <PyQt5.QtGui.QKeyEvent object at 0x000001BB7F744558>
[2022-10-11 17:01:04.960][I][AutoBaseFunction.py(wrapper):17] SubWindow.Setup_Language : keyPressEvent 실행 종료
[2022-10-11 17:01:05.563][I][AutoBaseFunction.py(wrapper):10] SubWindow.Setup_Language : keyPressEvent 실행 시작
[2022-10-11 17:01:05.564][I][AutoBaseFunction.py(wrapper):11] Parameter : <PyQt5.QtGui.QKeyEvent object at 0x000001BB7F744558>
[2022-10-11 17:01:05.565][I][AutoBaseFunction.py(wrapper):17] SubWindow.Setup_Language : keyPressEvent 실행 종료
[2022-10-11 17:01:12.035][I][AutoBaseFunction.py(wrapper):10] SubWindow.Setup_Language : closeEvent 실행 시작
[2022-10-11 17:01:12.036][I][AutoBaseFunction.py(wrapper):11] Parameter : <PyQt5.QtGui.QCloseEvent object at 0x000001BB7F744558>
[2022-10-11 17:01:12.038][I][AutoBaseFunction.py(wrapper):17] SubWindow.Setup_Language : closeEvent 실행 종료
