[2022-10-11 16:03:20.358][D][LogManager.py(Init):12] LogManager Init function called !!!
[2022-10-11 16:03:20.412][I][AutoBaseFunction.py(wrapper):10] __main__ : setupUi 실행 시작
[2022-10-11 16:03:20.412][I][AutoBaseFunction.py(wrapper):11] Parameter : 
[2022-10-11 16:03:20.417][I][AutoBaseFunction.py(wrapper):10] __main__ : set_field_gridLayout 실행 시작
[2022-10-11 16:03:20.417][I][AutoBaseFunction.py(wrapper):11] Parameter : 
[2022-10-11 16:03:20.443][I][AutoBaseFunction.py(wrapper):17] __main__ : set_field_gridLayout 실행 종료
[2022-10-11 16:03:20.444][I][AutoBaseFunction.py(wrapper):10] __main__ : set_testList_hboxLayout 실행 시작
[2022-10-11 16:03:20.445][I][AutoBaseFunction.py(wrapper):11] Parameter : 
[2022-10-11 16:03:20.447][I][AutoBaseFunction.py(wrapper):17] __main__ : set_testList_hboxLayout 실행 종료
[2022-10-11 16:03:20.676][I][AutoBaseFunction.py(wrapper):17] __main__ : setupUi 실행 종료
[2022-10-11 16:03:23.277][I][AutoBaseFunction.py(wrapper):10] __main__ : show_setup_Language 실행 시작
[2022-10-11 16:03:23.277][I][AutoBaseFunction.py(wrapper):11] Parameter : False
[2022-10-11 16:03:23.277][I][AutoBaseFunction.py(wrapper):10] SubWindow.Setup_Language : setupUI_Language 실행 시작
[2022-10-11 16:03:23.278][I][AutoBaseFunction.py(wrapper):11] Parameter : 
[2022-10-11 16:03:23.279][I][AutoBaseFunction.py(wrapper):10] SubWindow.Setup_Language : setLang_Button 실행 시작
[2022-10-11 16:03:23.279][I][AutoBaseFunction.py(wrapper):11] Parameter : 
[2022-10-11 16:03:23.282][I][AutoBaseFunction.py(wrapper):17] SubWindow.Setup_Language : setLang_Button 실행 종료
[2022-10-11 16:03:23.282][I][AutoBaseFunction.py(wrapper):10] SubWindow.Setup_Language : sl_set_slot 실행 시작
[2022-10-11 16:03:23.282][I][AutoBaseFunction.py(wrapper):11] Parameter : 
[2022-10-11 16:03:23.283][I][AutoBaseFunction.py(wrapper):17] SubWindow.Setup_Language : sl_set_slot 실행 종료
[2022-10-11 16:03:23.283][I][AutoBaseFunction.py(wrapper):17] SubWindow.Setup_Language : setupUI_Language 실행 종료
[2022-10-11 16:03:23.290][I][AutoBaseFunction.py(wrapper):17] __main__ : show_setup_Language 실행 종료
[2022-10-11 16:03:26.690][I][AutoBaseFunction.py(wrapper):10] SubWindow.Setup_Language : ok_Button_clicked 실행 시작
[2022-10-11 16:03:26.691][I][AutoBaseFunction.py(wrapper):11] Parameter : False
[2022-10-11 16:03:42.725][I][AutoBaseFunction.py(wrapper):17] SubWindow.Setup_Language : ok_Button_clicked 실행 종료
[2022-10-11 16:03:51.637][I][AutoBaseFunction.py(wrapper):10] __main__ : show_imgList 실행 시작
[2022-10-11 16:03:51.638][I][AutoBaseFunction.py(wrapper):11] Parameter : 11, 22, False
[2022-10-11 16:03:51.638][I][MainWindow.py(show_imgList):599] 이미지 리스트 불러옴, 선택된 언어:11, 경로:22
[2022-10-11 16:03:52.559][I][AutoBaseFunction.py(wrapper):17] __main__ : show_imgList 실행 종료
