[2022-10-11 14:03:06.122][D][LogManager.py(Init):12] LogManager Init function called !!!
[2022-10-11 14:03:06.136][I][AutoBaseFunction.py(wrapper):10] __main__ : setupUI_Language 실행 시작
[2022-10-11 14:03:06.136][I][AutoBaseFunction.py(wrapper):11] Parameter : 
[2022-10-11 14:03:06.139][I][AutoBaseFunction.py(wrapper):10] __main__ : setLang_Button 실행 시작
[2022-10-11 14:03:06.139][I][AutoBaseFunction.py(wrapper):11] Parameter : 
[2022-10-11 14:03:06.428][I][AutoBaseFunction.py(wrapper):17] __main__ : setLang_Button 실행 종료
[2022-10-11 14:03:06.429][I][AutoBaseFunction.py(wrapper):10] __main__ : sl_set_slot 실행 시작
[2022-10-11 14:03:06.429][I][AutoBaseFunction.py(wrapper):11] Parameter : 
[2022-10-11 14:03:06.430][I][AutoBaseFunction.py(wrapper):17] __main__ : sl_set_slot 실행 종료
[2022-10-11 14:03:06.431][I][AutoBaseFunction.py(wrapper):17] __main__ : setupUI_Language 실행 종료
[2022-10-11 14:03:25.888][I][AutoBaseFunction.py(wrapper):10] __main__ : ok_Button_clicked 실행 시작
[2022-10-11 14:03:25.889][I][AutoBaseFunction.py(wrapper):11] Parameter : False
[2022-10-11 14:03:25.889][I][AutoBaseFunction.py(wrapper):10] __main__ : closeEvent 실행 시작
[2022-10-11 14:03:25.890][I][AutoBaseFunction.py(wrapper):11] Parameter : <PyQt5.QtGui.QCloseEvent object at 0x0000022CC2667708>
[2022-10-11 14:03:29.852][I][AutoBaseFunction.py(wrapper):17] __main__ : closeEvent 실행 종료
[2022-10-11 14:03:29.853][I][AutoBaseFunction.py(wrapper):17] __main__ : ok_Button_clicked 실행 종료
[2022-10-11 14:03:30.680][I][AutoBaseFunction.py(wrapper):10] __main__ : ok_Button_clicked 실행 시작
[2022-10-11 14:03:30.680][I][AutoBaseFunction.py(wrapper):11] Parameter : False
[2022-10-11 14:03:30.681][I][AutoBaseFunction.py(wrapper):10] __main__ : closeEvent 실행 시작
[2022-10-11 14:03:30.682][I][AutoBaseFunction.py(wrapper):11] Parameter : <PyQt5.QtGui.QCloseEvent object at 0x0000022CC2667708>
[2022-10-11 14:03:39.820][I][AutoBaseFunction.py(wrapper):17] __main__ : closeEvent 실행 종료
[2022-10-11 14:03:39.821][I][AutoBaseFunction.py(wrapper):17] __main__ : ok_Button_clicked 실행 종료
[2022-10-11 14:03:50.759][I][AutoBaseFunction.py(wrapper):10] __main__ : ok_Button_clicked 실행 시작
[2022-10-11 14:03:50.759][I][AutoBaseFunction.py(wrapper):11] Parameter : False
[2022-10-11 14:04:27.814][I][AutoBaseFunction.py(wrapper):10] __main__ : closeEvent 실행 시작
[2022-10-11 14:04:30.831][I][AutoBaseFunction.py(wrapper):11] Parameter : <PyQt5.QtGui.QCloseEvent object at 0x0000022CC1830798>
