[2022-10-19 22:16:40.483][D][LogManager.py(Init):12] LogManager Init function called !!!
[2022-10-19 22:16:40.568][I][AutoBaseFunction.py(wrapper):11] __main__ : setupUi 실행 시작
[2022-10-19 22:16:40.569][I][AutoBaseFunction.py(wrapper):12] Parameter : 
[2022-10-19 22:16:40.575][I][AutoBaseFunction.py(wrapper):11] __main__ : set_field_gridLayout 실행 시작
[2022-10-19 22:16:40.576][I][AutoBaseFunction.py(wrapper):12] Parameter : 
[2022-10-19 22:16:40.611][I][AutoBaseFunction.py(wrapper):16] __main__ : set_field_gridLayout 실행 종료
[2022-10-19 22:16:40.614][I][AutoBaseFunction.py(wrapper):11] __main__ : set_testList_hboxLayout 실행 시작
[2022-10-19 22:16:40.614][I][AutoBaseFunction.py(wrapper):12] Parameter : 
[2022-10-19 22:16:40.991][I][AutoBaseFunction.py(wrapper):16] __main__ : set_testList_hboxLayout 실행 종료
[2022-10-19 22:16:40.996][I][AutoBaseFunction.py(wrapper):16] __main__ : setupUi 실행 종료
[2022-10-19 22:16:43.198][I][AutoBaseFunction.py(wrapper):11] __main__ : show_setup_Field 실행 시작
[2022-10-19 22:16:43.199][I][AutoBaseFunction.py(wrapper):12] Parameter : False
[2022-10-19 22:16:43.200][I][AutoBaseFunction.py(wrapper):11] SubWindow.Setup_Field : setupUI_Field 실행 시작
[2022-10-19 22:16:43.200][I][AutoBaseFunction.py(wrapper):12] Parameter : 
[2022-10-19 22:16:43.202][I][AutoBaseFunction.py(wrapper):11] SubWindow.Setup_Field : sl_set_slot 실행 시작
[2022-10-19 22:16:43.202][I][AutoBaseFunction.py(wrapper):12] Parameter : 
[2022-10-19 22:16:43.203][I][AutoBaseFunction.py(wrapper):16] SubWindow.Setup_Field : sl_set_slot 실행 종료
[2022-10-19 22:16:43.203][I][AutoBaseFunction.py(wrapper):16] SubWindow.Setup_Field : setupUI_Field 실행 종료
[2022-10-19 22:16:43.210][I][MainWindow.py(show_setup_Field):268] 필드 설정 팝업 열림
[2022-10-19 22:16:43.211][I][AutoBaseFunction.py(wrapper):16] __main__ : show_setup_Field 실행 종료
[2022-10-19 22:16:45.847][I][AutoBaseFunction.py(wrapper):11] SubWindow.Setup_Field : keyPressEvent 실행 시작
[2022-10-19 22:16:45.848][I][AutoBaseFunction.py(wrapper):12] Parameter : <PyQt5.QtGui.QKeyEvent object at 0x0000017A31EE01F0>
[2022-10-19 22:16:45.848][I][AutoBaseFunction.py(wrapper):11] SubWindow.Setup_Field : ok_Button_clicked 실행 시작
[2022-10-19 22:16:45.849][I][AutoBaseFunction.py(wrapper):12] Parameter : None
[2022-10-19 22:16:45.849][I][Setup_Field.py(ok_Button_clicked):83] 필드 설정 팝업 확인 버튼 선택
