[2022-10-19 20:56:42.038][D][LogManager.py(Init):12] LogManager Init function called !!!
[2022-10-19 20:56:42.123][I][AutoBaseFunction.py(wrapper):11] __main__ : setupUi 실행 시작
[2022-10-19 20:56:42.123][I][AutoBaseFunction.py(wrapper):12] Parameter : 
[2022-10-19 20:56:42.128][I][AutoBaseFunction.py(wrapper):11] __main__ : set_field_gridLayout 실행 시작
[2022-10-19 20:56:42.128][I][AutoBaseFunction.py(wrapper):12] Parameter : 
[2022-10-19 20:56:42.152][I][AutoBaseFunction.py(wrapper):16] __main__ : set_field_gridLayout 실행 종료
[2022-10-19 20:56:42.154][I][AutoBaseFunction.py(wrapper):11] __main__ : set_testList_hboxLayout 실행 시작
[2022-10-19 20:56:42.154][I][AutoBaseFunction.py(wrapper):12] Parameter : 
[2022-10-19 20:56:42.526][I][AutoBaseFunction.py(wrapper):16] __main__ : set_testList_hboxLayout 실행 종료
[2022-10-19 20:56:42.535][I][AutoBaseFunction.py(wrapper):16] __main__ : setupUi 실행 종료
[2022-10-19 20:56:45.424][I][AutoBaseFunction.py(wrapper):11] __main__ : show_setup_Field 실행 시작
[2022-10-19 20:56:45.424][I][AutoBaseFunction.py(wrapper):12] Parameter : False
[2022-10-19 20:56:45.425][I][AutoBaseFunction.py(wrapper):11] SubWindow.Setup_Field : setupUI_Field 실행 시작
[2022-10-19 20:56:45.425][I][AutoBaseFunction.py(wrapper):12] Parameter : 
[2022-10-19 20:56:45.427][I][AutoBaseFunction.py(wrapper):11] SubWindow.Setup_Field : sl_set_slot 실행 시작
[2022-10-19 20:56:45.428][I][AutoBaseFunction.py(wrapper):12] Parameter : 
[2022-10-19 20:56:45.428][I][AutoBaseFunction.py(wrapper):16] SubWindow.Setup_Field : sl_set_slot 실행 종료
[2022-10-19 20:56:45.428][I][AutoBaseFunction.py(wrapper):16] SubWindow.Setup_Field : setupUI_Field 실행 종료
[2022-10-19 20:56:45.452][I][MainWindow.py(show_setup_Field):268] 필드 설정 팝업 열림
[2022-10-19 20:56:45.452][I][AutoBaseFunction.py(wrapper):16] __main__ : show_setup_Field 실행 종료
[2022-10-19 20:56:46.755][I][AutoBaseFunction.py(wrapper):11] SubWindow.Setup_Field : ok_Button_clicked 실행 시작
[2022-10-19 20:56:46.756][I][AutoBaseFunction.py(wrapper):12] Parameter : False
[2022-10-19 20:56:46.756][I][Setup_Field.py(ok_Button_clicked):86] 필드 설정 팝업 확인 버튼 선택
[2022-10-19 20:56:46.758][I][Setup_Field.py(ok_Button_clicked):126] 1:필드 설정 팝업에 1 추가
[2022-10-19 20:56:46.759][I][Setup_Field.py(ok_Button_clicked):126] 2:필드 설정 팝업에 2 추가
[2022-10-19 20:56:46.760][I][Setup_Field.py(ok_Button_clicked):126] 3:필드 설정 팝업에 3 추가
[2022-10-19 20:56:46.764][I][Setup_Field.py(ok_Button_clicked):126] 4:필드 설정 팝업에 5 추가
[2022-10-19 20:56:46.765][I][MainWindow.py(sf_emit):296] 기존 필드리스트 삭제
[2022-10-19 20:56:46.765][I][AutoBaseFunction.py(wrapper):11] __main__ : set_field_gridLayout 실행 시작
[2022-10-19 20:56:46.765][I][AutoBaseFunction.py(wrapper):12] Parameter : 
[2022-10-19 20:56:46.766][I][AutoBaseFunction.py(wrapper):16] __main__ : set_field_gridLayout 실행 종료
[2022-10-19 20:56:46.767][I][MainWindow.py(sf_emit):299] 필드리스트 갱신 완료
[2022-10-19 20:56:46.767][I][MainWindow.py(sf_emit):301] 필드 설정 팝업 닫힘으로 메인창 활성화
[2022-10-19 20:56:46.770][I][AutoBaseFunction.py(wrapper):16] SubWindow.Setup_Field : ok_Button_clicked 실행 종료
[2022-10-19 20:56:52.196][I][AutoBaseFunction.py(wrapper):11] __main__ : show_setup_Field 실행 시작
[2022-10-19 20:56:52.196][I][AutoBaseFunction.py(wrapper):12] Parameter : False
[2022-10-19 20:56:52.197][I][AutoBaseFunction.py(wrapper):11] SubWindow.Setup_Field : setupUI_Field 실행 시작
[2022-10-19 20:56:52.198][I][AutoBaseFunction.py(wrapper):12] Parameter : 
[2022-10-19 20:56:52.199][I][AutoBaseFunction.py(wrapper):11] SubWindow.Setup_Field : sl_set_slot 실행 시작
[2022-10-19 20:56:52.200][I][AutoBaseFunction.py(wrapper):12] Parameter : 
[2022-10-19 20:56:52.200][I][AutoBaseFunction.py(wrapper):16] SubWindow.Setup_Field : sl_set_slot 실행 종료
[2022-10-19 20:56:52.200][I][AutoBaseFunction.py(wrapper):16] SubWindow.Setup_Field : setupUI_Field 실행 종료
[2022-10-19 20:56:52.206][I][MainWindow.py(show_setup_Field):268] 필드 설정 팝업 열림
[2022-10-19 20:56:52.206][I][AutoBaseFunction.py(wrapper):16] __main__ : show_setup_Field 실행 종료
[2022-10-19 20:56:53.189][I][AutoBaseFunction.py(wrapper):11] SubWindow.Setup_Field : ok_Button_clicked 실행 시작
[2022-10-19 20:56:53.189][I][AutoBaseFunction.py(wrapper):12] Parameter : False
[2022-10-19 20:56:53.190][I][Setup_Field.py(ok_Button_clicked):86] 필드 설정 팝업 확인 버튼 선택
[2022-10-19 20:57:21.422][I][Setup_Field.py(ok_Button_clicked):126] 1:필드 설정 팝업에 1 추가
[2022-10-19 20:57:21.423][I][Setup_Field.py(ok_Button_clicked):126] 2:필드 설정 팝업에 2 추가
[2022-10-19 20:57:21.424][I][Setup_Field.py(ok_Button_clicked):126] 3:필드 설정 팝업에 3 추가
[2022-10-19 20:57:21.425][I][Setup_Field.py(ok_Button_clicked):126] 4:필드 설정 팝업에 5 추가
[2022-10-19 20:57:21.426][I][MainWindow.py(sf_emit):296] 기존 필드리스트 삭제
[2022-10-19 20:57:21.426][I][AutoBaseFunction.py(wrapper):11] __main__ : set_field_gridLayout 실행 시작
[2022-10-19 20:57:21.426][I][AutoBaseFunction.py(wrapper):12] Parameter : 
[2022-10-19 20:57:21.427][I][AutoBaseFunction.py(wrapper):16] __main__ : set_field_gridLayout 실행 종료
[2022-10-19 20:57:21.427][I][MainWindow.py(sf_emit):299] 필드리스트 갱신 완료
[2022-10-19 20:57:21.428][I][MainWindow.py(sf_emit):301] 필드 설정 팝업 닫힘으로 메인창 활성화
[2022-10-19 20:57:21.432][I][AutoBaseFunction.py(wrapper):16] SubWindow.Setup_Field : ok_Button_clicked 실행 종료
[2022-10-19 20:57:24.945][I][AutoBaseFunction.py(wrapper):11] __main__ : show_setup_Field 실행 시작
[2022-10-19 20:57:24.945][I][AutoBaseFunction.py(wrapper):12] Parameter : False
[2022-10-19 20:57:24.946][I][AutoBaseFunction.py(wrapper):11] SubWindow.Setup_Field : setupUI_Field 실행 시작
[2022-10-19 20:57:24.947][I][AutoBaseFunction.py(wrapper):12] Parameter : 
[2022-10-19 20:57:24.949][I][AutoBaseFunction.py(wrapper):11] SubWindow.Setup_Field : sl_set_slot 실행 시작
[2022-10-19 20:57:24.949][I][AutoBaseFunction.py(wrapper):12] Parameter : 
[2022-10-19 20:57:24.949][I][AutoBaseFunction.py(wrapper):16] SubWindow.Setup_Field : sl_set_slot 실행 종료
[2022-10-19 20:57:24.950][I][AutoBaseFunction.py(wrapper):16] SubWindow.Setup_Field : setupUI_Field 실행 종료
[2022-10-19 20:57:24.956][I][MainWindow.py(show_setup_Field):268] 필드 설정 팝업 열림
[2022-10-19 20:57:24.956][I][AutoBaseFunction.py(wrapper):16] __main__ : show_setup_Field 실행 종료
[2022-10-19 20:57:26.845][I][AutoBaseFunction.py(wrapper):11] SubWindow.Setup_Field : keyPressEvent 실행 시작
[2022-10-19 20:57:26.846][I][AutoBaseFunction.py(wrapper):12] Parameter : <PyQt5.QtGui.QKeyEvent object at 0x000002E277150310>
[2022-10-19 20:57:26.846][I][AutoBaseFunction.py(wrapper):11] SubWindow.Setup_Field : ok_Button_clicked 실행 시작
[2022-10-19 20:57:26.847][I][AutoBaseFunction.py(wrapper):12] Parameter : None
[2022-10-19 20:57:26.847][I][Setup_Field.py(ok_Button_clicked):86] 필드 설정 팝업 확인 버튼 선택
