[2022-10-11 15:56:29.229][D][LogManager.py(Init):12] LogManager Init function called !!!
[2022-10-11 15:56:29.257][I][AutoBaseFunction.py(wrapper):10] __main__ : setupUi 실행 시작
[2022-10-11 15:56:29.257][I][AutoBaseFunction.py(wrapper):11] Parameter : 
[2022-10-11 15:56:29.263][I][AutoBaseFunction.py(wrapper):10] __main__ : set_field_gridLayout 실행 시작
[2022-10-11 15:56:29.263][I][AutoBaseFunction.py(wrapper):11] Parameter : 
[2022-10-11 15:56:29.290][I][AutoBaseFunction.py(wrapper):17] __main__ : set_field_gridLayout 실행 종료
[2022-10-11 15:56:29.290][I][AutoBaseFunction.py(wrapper):10] __main__ : set_testList_hboxLayout 실행 시작
[2022-10-11 15:56:29.291][I][AutoBaseFunction.py(wrapper):11] Parameter : 
[2022-10-11 15:56:29.295][I][AutoBaseFunction.py(wrapper):17] __main__ : set_testList_hboxLayout 실행 종료
[2022-10-11 15:56:29.534][I][AutoBaseFunction.py(wrapper):17] __main__ : setupUi 실행 종료
[2022-10-11 15:56:32.164][I][AutoBaseFunction.py(wrapper):10] __main__ : show_setup_Language 실행 시작
[2022-10-11 15:56:32.164][I][AutoBaseFunction.py(wrapper):11] Parameter : False
[2022-10-11 15:56:32.165][I][AutoBaseFunction.py(wrapper):10] SubWindow.Setup_Language : setupUI_Language 실행 시작
[2022-10-11 15:56:32.165][I][AutoBaseFunction.py(wrapper):11] Parameter : 
[2022-10-11 15:56:32.166][I][AutoBaseFunction.py(wrapper):10] SubWindow.Setup_Language : setLang_Button 실행 시작
[2022-10-11 15:56:32.167][I][AutoBaseFunction.py(wrapper):11] Parameter : 
[2022-10-11 15:56:32.171][I][AutoBaseFunction.py(wrapper):17] SubWindow.Setup_Language : setLang_Button 실행 종료
[2022-10-11 15:56:32.171][I][AutoBaseFunction.py(wrapper):10] SubWindow.Setup_Language : sl_set_slot 실행 시작
[2022-10-11 15:56:32.172][I][AutoBaseFunction.py(wrapper):11] Parameter : 
[2022-10-11 15:56:32.172][I][AutoBaseFunction.py(wrapper):17] SubWindow.Setup_Language : sl_set_slot 실행 종료
[2022-10-11 15:56:32.172][I][AutoBaseFunction.py(wrapper):17] SubWindow.Setup_Language : setupUI_Language 실행 종료
[2022-10-11 15:56:32.181][I][AutoBaseFunction.py(wrapper):17] __main__ : show_setup_Language 실행 종료
[2022-10-11 15:56:33.457][I][AutoBaseFunction.py(wrapper):10] SubWindow.Setup_Language : ok_Button_clicked 실행 시작
[2022-10-11 15:56:33.458][I][AutoBaseFunction.py(wrapper):11] Parameter : False
[2022-10-11 15:58:48.488][I][AutoBaseFunction.py(wrapper):10] SubWindow.Setup_Language : closeEvent 실행 시작
[2022-10-11 15:58:48.489][I][AutoBaseFunction.py(wrapper):11] Parameter : <PyQt5.QtGui.QCloseEvent object at 0x000001FE2E1934C8>
[2022-10-11 15:58:48.490][I][AutoBaseFunction.py(wrapper):17] SubWindow.Setup_Language : closeEvent 실행 종료
