[2022-10-19 19:28:48.325][D][LogManager.py(Init):12] LogManager Init function called !!!
[2022-10-19 19:28:48.416][I][AutoBaseFunction.py(wrapper):11] __main__ : setupUi 실행 시작
[2022-10-19 19:28:48.417][I][AutoBaseFunction.py(wrapper):12] Parameter : 
[2022-10-19 19:28:48.422][I][AutoBaseFunction.py(wrapper):11] __main__ : set_field_gridLayout 실행 시작
[2022-10-19 19:28:48.423][I][AutoBaseFunction.py(wrapper):12] Parameter : 
[2022-10-19 19:28:48.447][I][AutoBaseFunction.py(wrapper):16] __main__ : set_field_gridLayout 실행 종료
[2022-10-19 19:28:48.449][I][AutoBaseFunction.py(wrapper):11] __main__ : set_testList_hboxLayout 실행 시작
[2022-10-19 19:28:48.450][I][AutoBaseFunction.py(wrapper):12] Parameter : 
[2022-10-19 19:28:48.819][I][AutoBaseFunction.py(wrapper):16] __main__ : set_testList_hboxLayout 실행 종료
[2022-10-19 19:28:48.824][I][AutoBaseFunction.py(wrapper):16] __main__ : setupUi 실행 종료
[2022-10-19 19:28:50.298][I][AutoBaseFunction.py(wrapper):11] __main__ : show_setup_Field 실행 시작
[2022-10-19 19:28:50.298][I][AutoBaseFunction.py(wrapper):12] Parameter : False
[2022-10-19 19:28:50.299][I][AutoBaseFunction.py(wrapper):11] SubWindow.Setup_Field : setupUI_Field 실행 시작
[2022-10-19 19:28:50.299][I][AutoBaseFunction.py(wrapper):12] Parameter : 
[2022-10-19 19:28:50.302][I][AutoBaseFunction.py(wrapper):11] SubWindow.Setup_Field : sl_set_slot 실행 시작
[2022-10-19 19:28:50.302][I][AutoBaseFunction.py(wrapper):12] Parameter : 
[2022-10-19 19:28:50.303][I][AutoBaseFunction.py(wrapper):16] SubWindow.Setup_Field : sl_set_slot 실행 종료
[2022-10-19 19:28:50.303][I][AutoBaseFunction.py(wrapper):16] SubWindow.Setup_Field : setupUI_Field 실행 종료
[2022-10-19 19:28:50.310][I][MainWindow.py(show_setup_Field):268] 필드 설정 팝업 열림
[2022-10-19 19:28:50.310][I][AutoBaseFunction.py(wrapper):16] __main__ : show_setup_Field 실행 종료
[2022-10-19 19:28:52.542][I][AutoBaseFunction.py(wrapper):11] SubWindow.Setup_Field : ok_Button_clicked 실행 시작
[2022-10-19 19:28:52.542][I][AutoBaseFunction.py(wrapper):12] Parameter : False
[2022-10-19 19:28:52.542][I][Setup_Field.py(ok_Button_clicked):85] 필드 설정 팝업 확인 버튼 선택
[2022-10-19 19:28:55.656][I][Setup_Field.py(ok_Button_clicked):119] 1:필드 설정 팝업에 1 추가
[2022-10-19 19:28:55.657][I][Setup_Field.py(ok_Button_clicked):119] 2:필드 설정 팝업에 2 추가
[2022-10-19 19:28:55.661][I][Setup_Field.py(ok_Button_clicked):119] 3:필드 설정 팝업에 3 추가
[2022-10-19 19:28:55.662][I][Setup_Field.py(ok_Button_clicked):119] 4:필드 설정 팝업에 5 추가
[2022-10-19 19:28:55.662][I][MainWindow.py(sf_emit):296] 기존 필드리스트 삭제
[2022-10-19 19:28:55.663][I][AutoBaseFunction.py(wrapper):11] __main__ : set_field_gridLayout 실행 시작
[2022-10-19 19:28:55.663][I][AutoBaseFunction.py(wrapper):12] Parameter : 
[2022-10-19 19:28:55.664][I][AutoBaseFunction.py(wrapper):16] __main__ : set_field_gridLayout 실행 종료
[2022-10-19 19:28:55.664][I][MainWindow.py(sf_emit):302] 필드리스트 갱신 완료
[2022-10-19 19:28:55.665][I][MainWindow.py(sf_emit):304] 필드 설정 팝업 닫힘으로 메인창 활성화
[2022-10-19 19:28:55.668][I][AutoBaseFunction.py(wrapper):16] SubWindow.Setup_Field : ok_Button_clicked 실행 종료
[2022-10-19 19:28:57.260][I][AutoBaseFunction.py(wrapper):11] __main__ : closeEvent 실행 시작
[2022-10-19 19:28:57.261][I][AutoBaseFunction.py(wrapper):12] Parameter : <PyQt5.QtGui.QCloseEvent object at 0x00000201672744C0>
[2022-10-19 19:28:57.261][I][AutoBaseFunction.py(wrapper):16] __main__ : closeEvent 실행 종료
