[2022-10-19 19:28:19.139][D][LogManager.py(Init):12] LogManager Init function called !!!
[2022-10-19 19:28:19.226][I][AutoBaseFunction.py(wrapper):11] __main__ : setupUi 실행 시작
[2022-10-19 19:28:19.227][I][AutoBaseFunction.py(wrapper):12] Parameter : 
[2022-10-19 19:28:19.233][I][AutoBaseFunction.py(wrapper):11] __main__ : set_field_gridLayout 실행 시작
[2022-10-19 19:28:19.234][I][AutoBaseFunction.py(wrapper):12] Parameter : 
[2022-10-19 19:28:19.258][I][AutoBaseFunction.py(wrapper):16] __main__ : set_field_gridLayout 실행 종료
[2022-10-19 19:28:19.260][I][AutoBaseFunction.py(wrapper):11] __main__ : set_testList_hboxLayout 실행 시작
[2022-10-19 19:28:19.260][I][AutoBaseFunction.py(wrapper):12] Parameter : 
[2022-10-19 19:28:19.632][I][AutoBaseFunction.py(wrapper):16] __main__ : set_testList_hboxLayout 실행 종료
[2022-10-19 19:28:19.638][I][AutoBaseFunction.py(wrapper):16] __main__ : setupUi 실행 종료
[2022-10-19 19:28:25.861][I][AutoBaseFunction.py(wrapper):11] __main__ : show_setup_Field 실행 시작
[2022-10-19 19:28:25.862][I][AutoBaseFunction.py(wrapper):12] Parameter : False
[2022-10-19 19:28:25.863][I][AutoBaseFunction.py(wrapper):11] SubWindow.Setup_Field : setupUI_Field 실행 시작
[2022-10-19 19:28:25.863][I][AutoBaseFunction.py(wrapper):12] Parameter : 
[2022-10-19 19:28:25.865][I][AutoBaseFunction.py(wrapper):11] SubWindow.Setup_Field : sl_set_slot 실행 시작
[2022-10-19 19:28:25.865][I][AutoBaseFunction.py(wrapper):12] Parameter : 
[2022-10-19 19:28:25.866][I][AutoBaseFunction.py(wrapper):16] SubWindow.Setup_Field : sl_set_slot 실행 종료
[2022-10-19 19:28:25.866][I][AutoBaseFunction.py(wrapper):16] SubWindow.Setup_Field : setupUI_Field 실행 종료
[2022-10-19 19:28:25.872][I][MainWindow.py(show_setup_Field):268] 필드 설정 팝업 열림
[2022-10-19 19:28:25.872][I][AutoBaseFunction.py(wrapper):16] __main__ : show_setup_Field 실행 종료
[2022-10-19 19:28:27.841][I][AutoBaseFunction.py(wrapper):11] SubWindow.Setup_Field : keyPressEvent 실행 시작
[2022-10-19 19:28:27.842][I][AutoBaseFunction.py(wrapper):12] Parameter : <PyQt5.QtGui.QKeyEvent object at 0x000001D49AF190D0>
[2022-10-19 19:28:27.842][I][AutoBaseFunction.py(wrapper):11] SubWindow.Setup_Field : ok_Button_clicked 실행 시작
[2022-10-19 19:28:27.842][I][AutoBaseFunction.py(wrapper):12] Parameter : None
[2022-10-19 19:28:27.843][I][Setup_Field.py(ok_Button_clicked):85] 필드 설정 팝업 확인 버튼 선택
[2022-10-19 19:28:28.371][I][AutoBaseFunction.py(wrapper):16] SubWindow.Setup_Field : ok_Button_clicked 실행 종료
[2022-10-19 19:28:28.371][I][AutoBaseFunction.py(wrapper):16] SubWindow.Setup_Field : keyPressEvent 실행 종료
[2022-10-19 19:28:29.394][I][AutoBaseFunction.py(wrapper):11] SubWindow.Setup_Field : keyPressEvent 실행 시작
[2022-10-19 19:28:29.395][I][AutoBaseFunction.py(wrapper):12] Parameter : <PyQt5.QtGui.QKeyEvent object at 0x000001D49AF190D0>
[2022-10-19 19:28:29.395][I][AutoBaseFunction.py(wrapper):11] SubWindow.Setup_Field : ok_Button_clicked 실행 시작
[2022-10-19 19:28:29.395][I][AutoBaseFunction.py(wrapper):12] Parameter : None
[2022-10-19 19:28:29.396][I][Setup_Field.py(ok_Button_clicked):85] 필드 설정 팝업 확인 버튼 선택
[2022-10-19 19:28:30.319][I][Setup_Field.py(ok_Button_clicked):119] 1:필드 설정 팝업에 1 추가
[2022-10-19 19:28:30.320][I][Setup_Field.py(ok_Button_clicked):119] 2:필드 설정 팝업에 2 추가
[2022-10-19 19:28:30.320][I][Setup_Field.py(ok_Button_clicked):119] 3:필드 설정 팝업에 3 추가
[2022-10-19 19:28:30.321][I][Setup_Field.py(ok_Button_clicked):119] 4:필드 설정 팝업에 5 추가
[2022-10-19 19:28:30.322][I][Setup_Field.py(ok_Button_clicked):119] 5:필드 설정 팝업에 6 추가
[2022-10-19 19:28:30.323][I][MainWindow.py(sf_emit):296] 기존 필드리스트 삭제
[2022-10-19 19:28:30.323][I][AutoBaseFunction.py(wrapper):11] __main__ : set_field_gridLayout 실행 시작
[2022-10-19 19:28:30.324][I][AutoBaseFunction.py(wrapper):12] Parameter : 
[2022-10-19 19:28:30.325][I][AutoBaseFunction.py(wrapper):16] __main__ : set_field_gridLayout 실행 종료
[2022-10-19 19:28:30.325][I][MainWindow.py(sf_emit):302] 필드리스트 갱신 완료
[2022-10-19 19:28:30.326][I][MainWindow.py(sf_emit):304] 필드 설정 팝업 닫힘으로 메인창 활성화
[2022-10-19 19:28:30.329][I][AutoBaseFunction.py(wrapper):16] SubWindow.Setup_Field : ok_Button_clicked 실행 종료
[2022-10-19 19:28:30.329][I][AutoBaseFunction.py(wrapper):16] SubWindow.Setup_Field : keyPressEvent 실행 종료
[2022-10-19 19:28:32.672][I][AutoBaseFunction.py(wrapper):11] __main__ : closeEvent 실행 시작
[2022-10-19 19:28:32.672][I][AutoBaseFunction.py(wrapper):12] Parameter : <PyQt5.QtGui.QCloseEvent object at 0x000001D49AF190D0>
[2022-10-19 19:28:32.673][I][AutoBaseFunction.py(wrapper):16] __main__ : closeEvent 실행 종료
