[2022-10-11 16:58:56.352][D][LogManager.py(Init):12] LogManager Init function called !!!
[2022-10-11 16:58:56.378][I][AutoBaseFunction.py(wrapper):10] __main__ : setupUi 실행 시작
[2022-10-11 16:58:56.378][I][AutoBaseFunction.py(wrapper):11] Parameter : 
[2022-10-11 16:58:56.383][I][AutoBaseFunction.py(wrapper):10] __main__ : set_field_gridLayout 실행 시작
[2022-10-11 16:58:56.383][I][AutoBaseFunction.py(wrapper):11] Parameter : 
[2022-10-11 16:58:56.412][I][AutoBaseFunction.py(wrapper):17] __main__ : set_field_gridLayout 실행 종료
[2022-10-11 16:58:56.413][I][AutoBaseFunction.py(wrapper):10] __main__ : set_testList_hboxLayout 실행 시작
[2022-10-11 16:58:56.413][I][AutoBaseFunction.py(wrapper):11] Parameter : 
[2022-10-11 16:58:56.416][I][AutoBaseFunction.py(wrapper):17] __main__ : set_testList_hboxLayout 실행 종료
[2022-10-11 16:58:56.643][I][AutoBaseFunction.py(wrapper):17] __main__ : setupUi 실행 종료
[2022-10-11 16:58:58.238][I][AutoBaseFunction.py(wrapper):10] __main__ : show_setup_Language 실행 시작
[2022-10-11 16:58:58.238][I][AutoBaseFunction.py(wrapper):11] Parameter : False
[2022-10-11 16:58:58.239][I][AutoBaseFunction.py(wrapper):10] SubWindow.Setup_Language : setupUI_Language 실행 시작
[2022-10-11 16:58:58.239][I][AutoBaseFunction.py(wrapper):11] Parameter : 
[2022-10-11 16:58:58.240][I][AutoBaseFunction.py(wrapper):10] SubWindow.Setup_Language : setLang_Button 실행 시작
[2022-10-11 16:58:58.241][I][AutoBaseFunction.py(wrapper):11] Parameter : 
[2022-10-11 16:58:58.243][I][Setup_Language.py(setLang_Button):95] ['중국어', '중국어어', '11'], ['D:/Skillup/new/img', 'D:/Skillup/new/국내_표5', 'asdg22'] 기준으로 창에 표시하기 시작
[2022-10-11 16:58:58.244][I][Setup_Language.py(addLang_Button_clicked):145] 중국어, D:/Skillup/new/img 추가됨
[2022-10-11 16:58:58.245][I][Setup_Language.py(addLang_Button_clicked):145] 중국어어, D:/Skillup/new/국내_표5 추가됨
[2022-10-11 16:58:58.246][I][Setup_Language.py(addLang_Button_clicked):145] 11, asdg22 추가됨
[2022-10-11 16:58:58.246][I][Setup_Language.py(setLang_Button):99] ['중국어', '중국어어', '11'], ['D:/Skillup/new/img', 'D:/Skillup/new/국내_표5', 'asdg22'] 기준으로 창에 표시 완료
[2022-10-11 16:58:58.246][I][AutoBaseFunction.py(wrapper):17] SubWindow.Setup_Language : setLang_Button 실행 종료
[2022-10-11 16:58:58.246][I][AutoBaseFunction.py(wrapper):10] SubWindow.Setup_Language : sl_set_slot 실행 시작
[2022-10-11 16:58:58.247][I][AutoBaseFunction.py(wrapper):11] Parameter : 
[2022-10-11 16:58:58.247][I][AutoBaseFunction.py(wrapper):17] SubWindow.Setup_Language : sl_set_slot 실행 종료
[2022-10-11 16:58:58.247][I][AutoBaseFunction.py(wrapper):17] SubWindow.Setup_Language : setupUI_Language 실행 종료
[2022-10-11 16:58:58.253][I][MainWindow.py(show_setup_Language):251] 언어 설정 팝업 열림
[2022-10-11 16:58:58.254][I][AutoBaseFunction.py(wrapper):17] __main__ : show_setup_Language 실행 종료
[2022-10-11 16:59:00.718][I][Setup_Language.py(addLang_Button_clicked):145] ,  추가됨
[2022-10-11 16:59:01.908][I][AutoBaseFunction.py(wrapper):10] SubWindow.Setup_Language : ok_Button_clicked 실행 시작
[2022-10-11 16:59:01.909][I][AutoBaseFunction.py(wrapper):11] Parameter : False
[2022-10-11 16:59:02.815][I][AutoBaseFunction.py(wrapper):17] SubWindow.Setup_Language : ok_Button_clicked 실행 종료
[2022-10-11 16:59:03.532][I][AutoBaseFunction.py(wrapper):10] SubWindow.Setup_Language : closeEvent 실행 시작
[2022-10-11 16:59:03.533][I][AutoBaseFunction.py(wrapper):11] Parameter : <PyQt5.QtGui.QCloseEvent object at 0x0000019C6CE35798>
[2022-10-11 16:59:06.072][I][AutoBaseFunction.py(wrapper):17] SubWindow.Setup_Language : closeEvent 실행 종료
[2022-10-11 16:59:07.308][I][AutoBaseFunction.py(wrapper):10] SubWindow.Setup_Language : closeEvent 실행 시작
[2022-10-11 16:59:07.308][I][AutoBaseFunction.py(wrapper):11] Parameter : <PyQt5.QtGui.QCloseEvent object at 0x0000019C6CE35798>
[2022-10-11 16:59:08.161][I][AutoBaseFunction.py(wrapper):17] SubWindow.Setup_Language : closeEvent 실행 종료
[2022-10-11 16:59:10.349][I][AutoBaseFunction.py(wrapper):10] __main__ : show_setup_Language 실행 시작
[2022-10-11 16:59:10.350][I][AutoBaseFunction.py(wrapper):11] Parameter : False
[2022-10-11 16:59:10.350][I][AutoBaseFunction.py(wrapper):10] SubWindow.Setup_Language : setupUI_Language 실행 시작
[2022-10-11 16:59:10.351][I][AutoBaseFunction.py(wrapper):11] Parameter : 
[2022-10-11 16:59:10.352][I][AutoBaseFunction.py(wrapper):10] SubWindow.Setup_Language : setLang_Button 실행 시작
[2022-10-11 16:59:10.352][I][AutoBaseFunction.py(wrapper):11] Parameter : 
[2022-10-11 16:59:10.354][I][Setup_Language.py(setLang_Button):95] ['중국어', '중국어어', '11'], ['D:/Skillup/new/img', 'D:/Skillup/new/국내_표5', 'asdg22'] 기준으로 창에 표시하기 시작
[2022-10-11 16:59:10.355][I][Setup_Language.py(addLang_Button_clicked):145] 중국어, D:/Skillup/new/img 추가됨
[2022-10-11 16:59:10.355][I][Setup_Language.py(addLang_Button_clicked):145] 중국어어, D:/Skillup/new/국내_표5 추가됨
[2022-10-11 16:59:10.356][I][Setup_Language.py(addLang_Button_clicked):145] 11, asdg22 추가됨
[2022-10-11 16:59:10.356][I][Setup_Language.py(setLang_Button):99] ['중국어', '중국어어', '11'], ['D:/Skillup/new/img', 'D:/Skillup/new/국내_표5', 'asdg22'] 기준으로 창에 표시 완료
[2022-10-11 16:59:10.356][I][AutoBaseFunction.py(wrapper):17] SubWindow.Setup_Language : setLang_Button 실행 종료
[2022-10-11 16:59:10.356][I][AutoBaseFunction.py(wrapper):10] SubWindow.Setup_Language : sl_set_slot 실행 시작
[2022-10-11 16:59:10.357][I][AutoBaseFunction.py(wrapper):11] Parameter : 
[2022-10-11 16:59:10.357][I][AutoBaseFunction.py(wrapper):17] SubWindow.Setup_Language : sl_set_slot 실행 종료
[2022-10-11 16:59:10.358][I][AutoBaseFunction.py(wrapper):17] SubWindow.Setup_Language : setupUI_Language 실행 종료
[2022-10-11 16:59:10.365][I][MainWindow.py(show_setup_Language):251] 언어 설정 팝업 열림
[2022-10-11 16:59:10.365][I][AutoBaseFunction.py(wrapper):17] __main__ : show_setup_Language 실행 종료
[2022-10-11 16:59:17.870][I][Setup_Language.py(addLang_Button_clicked):145] ,  추가됨
[2022-10-11 16:59:19.580][I][Setup_Language.py(del_langList_button_clicked):164] - 삭제 예정
[2022-10-11 16:59:19.581][I][Setup_Language.py(del_langList_button_clicked):164]  삭제 예정
[2022-10-11 16:59:19.581][I][Setup_Language.py(del_langList_button_clicked):164]  삭제 예정
[2022-10-11 16:59:19.581][I][Setup_Language.py(del_langList_button_clicked):164] ... 삭제 예정
[2022-10-11 16:59:22.029][I][Setup_Language.py(addLang_Button_clicked):145] ,  추가됨
[2022-10-11 16:59:24.702][I][Setup_Language.py(del_langList_button_clicked):164] - 삭제 예정
[2022-10-11 16:59:24.703][I][Setup_Language.py(del_langList_button_clicked):164]  삭제 예정
[2022-10-11 16:59:24.703][I][Setup_Language.py(del_langList_button_clicked):164]  삭제 예정
[2022-10-11 16:59:24.703][I][Setup_Language.py(del_langList_button_clicked):164] ... 삭제 예정
[2022-10-11 16:59:25.948][I][AutoBaseFunction.py(wrapper):10] SubWindow.Setup_Language : closeEvent 실행 시작
[2022-10-11 16:59:25.949][I][AutoBaseFunction.py(wrapper):11] Parameter : <PyQt5.QtGui.QCloseEvent object at 0x0000019C6CE3DC18>
[2022-10-11 16:59:25.951][I][AutoBaseFunction.py(wrapper):17] SubWindow.Setup_Language : closeEvent 실행 종료
[2022-10-11 16:59:28.317][I][AutoBaseFunction.py(wrapper):10] __main__ : show_setup_Language 실행 시작
[2022-10-11 16:59:28.317][I][AutoBaseFunction.py(wrapper):11] Parameter : False
[2022-10-11 16:59:28.318][I][AutoBaseFunction.py(wrapper):10] SubWindow.Setup_Language : setupUI_Language 실행 시작
[2022-10-11 16:59:28.318][I][AutoBaseFunction.py(wrapper):11] Parameter : 
[2022-10-11 16:59:28.319][I][AutoBaseFunction.py(wrapper):10] SubWindow.Setup_Language : setLang_Button 실행 시작
[2022-10-11 16:59:28.319][I][AutoBaseFunction.py(wrapper):11] Parameter : 
[2022-10-11 16:59:28.322][I][Setup_Language.py(setLang_Button):95] ['중국어', '중국어어', '11'], ['D:/Skillup/new/img', 'D:/Skillup/new/국내_표5', 'asdg22'] 기준으로 창에 표시하기 시작
[2022-10-11 16:59:28.323][I][Setup_Language.py(addLang_Button_clicked):145] 중국어, D:/Skillup/new/img 추가됨
[2022-10-11 16:59:28.324][I][Setup_Language.py(addLang_Button_clicked):145] 중국어어, D:/Skillup/new/국내_표5 추가됨
[2022-10-11 16:59:28.324][I][Setup_Language.py(addLang_Button_clicked):145] 11, asdg22 추가됨
[2022-10-11 16:59:28.325][I][Setup_Language.py(setLang_Button):99] ['중국어', '중국어어', '11'], ['D:/Skillup/new/img', 'D:/Skillup/new/국내_표5', 'asdg22'] 기준으로 창에 표시 완료
[2022-10-11 16:59:28.325][I][AutoBaseFunction.py(wrapper):17] SubWindow.Setup_Language : setLang_Button 실행 종료
[2022-10-11 16:59:28.326][I][AutoBaseFunction.py(wrapper):10] SubWindow.Setup_Language : sl_set_slot 실행 시작
[2022-10-11 16:59:28.326][I][AutoBaseFunction.py(wrapper):11] Parameter : 
[2022-10-11 16:59:28.326][I][AutoBaseFunction.py(wrapper):17] SubWindow.Setup_Language : sl_set_slot 실행 종료
[2022-10-11 16:59:28.327][I][AutoBaseFunction.py(wrapper):17] SubWindow.Setup_Language : setupUI_Language 실행 종료
[2022-10-11 16:59:28.334][I][MainWindow.py(show_setup_Language):251] 언어 설정 팝업 열림
[2022-10-11 16:59:28.334][I][AutoBaseFunction.py(wrapper):17] __main__ : show_setup_Language 실행 종료
[2022-10-11 16:59:30.611][I][AutoBaseFunction.py(wrapper):10] SubWindow.Setup_Language : closeEvent 실행 시작
[2022-10-11 16:59:30.612][I][AutoBaseFunction.py(wrapper):11] Parameter : <PyQt5.QtGui.QCloseEvent object at 0x0000019C6FFA0AF8>
[2022-10-11 16:59:30.614][I][AutoBaseFunction.py(wrapper):17] SubWindow.Setup_Language : closeEvent 실행 종료
