[2022-10-19 22:22:11.880][D][LogManager.py(Init):12] LogManager Init function called !!!
[2022-10-19 22:22:11.966][I][AutoBaseFunction.py(wrapper):11] __main__ : setupUi 실행 시작
[2022-10-19 22:22:11.966][I][AutoBaseFunction.py(wrapper):12] Parameter : 
[2022-10-19 22:22:11.972][I][AutoBaseFunction.py(wrapper):11] __main__ : set_field_gridLayout 실행 시작
[2022-10-19 22:22:11.972][I][AutoBaseFunction.py(wrapper):12] Parameter : 
[2022-10-19 22:22:11.995][I][AutoBaseFunction.py(wrapper):16] __main__ : set_field_gridLayout 실행 종료
[2022-10-19 22:22:11.997][I][AutoBaseFunction.py(wrapper):11] __main__ : set_testList_hboxLayout 실행 시작
[2022-10-19 22:22:11.998][I][AutoBaseFunction.py(wrapper):12] Parameter : 
[2022-10-19 22:22:12.376][I][AutoBaseFunction.py(wrapper):16] __main__ : set_testList_hboxLayout 실행 종료
[2022-10-19 22:22:12.381][I][AutoBaseFunction.py(wrapper):16] __main__ : setupUi 실행 종료
[2022-10-19 22:22:14.298][I][AutoBaseFunction.py(wrapper):11] __main__ : show_setup_Field 실행 시작
[2022-10-19 22:22:14.300][I][AutoBaseFunction.py(wrapper):12] Parameter : False
[2022-10-19 22:22:14.301][I][AutoBaseFunction.py(wrapper):11] SubWindow.Setup_Field : setupUI_Field 실행 시작
[2022-10-19 22:22:14.302][I][AutoBaseFunction.py(wrapper):12] Parameter : 
[2022-10-19 22:22:14.304][I][AutoBaseFunction.py(wrapper):11] SubWindow.Setup_Field : sl_set_slot 실행 시작
[2022-10-19 22:22:14.304][I][AutoBaseFunction.py(wrapper):12] Parameter : 
[2022-10-19 22:22:14.305][I][AutoBaseFunction.py(wrapper):16] SubWindow.Setup_Field : sl_set_slot 실행 종료
[2022-10-19 22:22:14.305][I][AutoBaseFunction.py(wrapper):16] SubWindow.Setup_Field : setupUI_Field 실행 종료
[2022-10-19 22:22:14.312][I][MainWindow.py(show_setup_Field):268] 필드 설정 팝업 열림
[2022-10-19 22:22:14.312][I][AutoBaseFunction.py(wrapper):16] __main__ : show_setup_Field 실행 종료
[2022-10-19 22:22:15.879][I][AutoBaseFunction.py(wrapper):11] SubWindow.Setup_Field : keyPressEvent 실행 시작
[2022-10-19 22:22:15.879][I][AutoBaseFunction.py(wrapper):12] Parameter : <PyQt5.QtGui.QKeyEvent object at 0x000001685A40D160>
[2022-10-19 22:22:15.880][I][AutoBaseFunction.py(wrapper):11] SubWindow.Setup_Field : ok_Button_clicked 실행 시작
[2022-10-19 22:22:15.880][I][AutoBaseFunction.py(wrapper):12] Parameter : None
[2022-10-19 22:22:15.881][I][Setup_Field.py(ok_Button_clicked):83] 필드 설정 팝업 확인 버튼 선택
[2022-10-19 22:22:16.291][I][AutoBaseFunction.py(wrapper):16] SubWindow.Setup_Field : ok_Button_clicked 실행 종료
[2022-10-19 22:22:16.291][I][AutoBaseFunction.py(wrapper):16] SubWindow.Setup_Field : keyPressEvent 실행 종료
[2022-10-19 22:22:18.423][I][AutoBaseFunction.py(wrapper):11] SubWindow.Setup_Field : keyPressEvent 실행 시작
[2022-10-19 22:22:18.424][I][AutoBaseFunction.py(wrapper):12] Parameter : <PyQt5.QtGui.QKeyEvent object at 0x000001685A40D160>
[2022-10-19 22:22:18.424][I][AutoBaseFunction.py(wrapper):11] SubWindow.Setup_Field : ok_Button_clicked 실행 시작
[2022-10-19 22:22:18.425][I][AutoBaseFunction.py(wrapper):12] Parameter : None
[2022-10-19 22:22:18.425][I][Setup_Field.py(ok_Button_clicked):83] 필드 설정 팝업 확인 버튼 선택
