[2022-10-19 20:54:06.451][D][LogManager.py(Init):12] LogManager Init function called !!!
[2022-10-19 20:54:06.735][I][AutoBaseFunction.py(wrapper):11] __main__ : setupUi 실행 시작
[2022-10-19 20:54:06.736][I][AutoBaseFunction.py(wrapper):12] Parameter : 
[2022-10-19 20:54:06.743][I][AutoBaseFunction.py(wrapper):11] __main__ : set_field_gridLayout 실행 시작
[2022-10-19 20:54:06.743][I][AutoBaseFunction.py(wrapper):12] Parameter : 
[2022-10-19 20:54:06.768][I][AutoBaseFunction.py(wrapper):16] __main__ : set_field_gridLayout 실행 종료
[2022-10-19 20:54:06.770][I][AutoBaseFunction.py(wrapper):11] __main__ : set_testList_hboxLayout 실행 시작
[2022-10-19 20:54:06.770][I][AutoBaseFunction.py(wrapper):12] Parameter : 
[2022-10-19 20:54:07.145][I][AutoBaseFunction.py(wrapper):16] __main__ : set_testList_hboxLayout 실행 종료
[2022-10-19 20:54:07.149][I][AutoBaseFunction.py(wrapper):16] __main__ : setupUi 실행 종료
[2022-10-19 20:54:08.932][I][AutoBaseFunction.py(wrapper):11] __main__ : show_setup_Field 실행 시작
[2022-10-19 20:54:08.933][I][AutoBaseFunction.py(wrapper):12] Parameter : False
[2022-10-19 20:54:08.933][I][AutoBaseFunction.py(wrapper):11] SubWindow.Setup_Field : setupUI_Field 실행 시작
[2022-10-19 20:54:08.934][I][AutoBaseFunction.py(wrapper):12] Parameter : 
[2022-10-19 20:54:08.936][I][AutoBaseFunction.py(wrapper):11] SubWindow.Setup_Field : sl_set_slot 실행 시작
[2022-10-19 20:54:08.936][I][AutoBaseFunction.py(wrapper):12] Parameter : 
[2022-10-19 20:54:08.936][I][AutoBaseFunction.py(wrapper):16] SubWindow.Setup_Field : sl_set_slot 실행 종료
[2022-10-19 20:54:08.937][I][AutoBaseFunction.py(wrapper):16] SubWindow.Setup_Field : setupUI_Field 실행 종료
[2022-10-19 20:54:08.944][I][MainWindow.py(show_setup_Field):268] 필드 설정 팝업 열림
[2022-10-19 20:54:08.944][I][AutoBaseFunction.py(wrapper):16] __main__ : show_setup_Field 실행 종료
[2022-10-19 20:54:12.422][I][AutoBaseFunction.py(wrapper):11] SubWindow.Setup_Field : keyPressEvent 실행 시작
[2022-10-19 20:54:12.423][I][AutoBaseFunction.py(wrapper):12] Parameter : <PyQt5.QtGui.QKeyEvent object at 0x000002776C07F040>
[2022-10-19 20:54:12.423][I][AutoBaseFunction.py(wrapper):11] SubWindow.Setup_Field : ok_Button_clicked 실행 시작
[2022-10-19 20:54:12.424][I][AutoBaseFunction.py(wrapper):12] Parameter : None
[2022-10-19 20:54:12.425][I][Setup_Field.py(ok_Button_clicked):85] 필드 설정 팝업 확인 버튼 선택
[2022-10-19 20:54:12.427][I][Setup_Field.py(ok_Button_clicked):125] 1:필드 설정 팝업에 1 추가
[2022-10-19 20:54:12.428][I][Setup_Field.py(ok_Button_clicked):125] 2:필드 설정 팝업에 2 추가
[2022-10-19 20:54:12.429][I][Setup_Field.py(ok_Button_clicked):125] 3:필드 설정 팝업에 3 추가
[2022-10-19 20:54:12.430][I][Setup_Field.py(ok_Button_clicked):125] 4:필드 설정 팝업에 5 추가
[2022-10-19 20:54:12.430][I][MainWindow.py(sf_emit):296] 기존 필드리스트 삭제
[2022-10-19 20:54:12.431][I][AutoBaseFunction.py(wrapper):11] __main__ : set_field_gridLayout 실행 시작
[2022-10-19 20:54:12.431][I][AutoBaseFunction.py(wrapper):12] Parameter : 
[2022-10-19 20:54:12.432][I][AutoBaseFunction.py(wrapper):16] __main__ : set_field_gridLayout 실행 종료
[2022-10-19 20:54:12.432][I][MainWindow.py(sf_emit):299] 필드리스트 갱신 완료
[2022-10-19 20:54:12.433][I][MainWindow.py(sf_emit):301] 필드 설정 팝업 닫힘으로 메인창 활성화
[2022-10-19 20:54:12.436][I][AutoBaseFunction.py(wrapper):16] SubWindow.Setup_Field : ok_Button_clicked 실행 종료
[2022-10-19 20:54:12.437][I][AutoBaseFunction.py(wrapper):16] SubWindow.Setup_Field : keyPressEvent 실행 종료
[2022-10-19 20:54:14.751][I][AutoBaseFunction.py(wrapper):11] __main__ : show_setup_Field 실행 시작
[2022-10-19 20:54:14.752][I][AutoBaseFunction.py(wrapper):12] Parameter : False
[2022-10-19 20:54:14.752][I][AutoBaseFunction.py(wrapper):11] SubWindow.Setup_Field : setupUI_Field 실행 시작
[2022-10-19 20:54:14.753][I][AutoBaseFunction.py(wrapper):12] Parameter : 
[2022-10-19 20:54:14.755][I][AutoBaseFunction.py(wrapper):11] SubWindow.Setup_Field : sl_set_slot 실행 시작
[2022-10-19 20:54:14.755][I][AutoBaseFunction.py(wrapper):12] Parameter : 
[2022-10-19 20:54:14.755][I][AutoBaseFunction.py(wrapper):16] SubWindow.Setup_Field : sl_set_slot 실행 종료
[2022-10-19 20:54:14.756][I][AutoBaseFunction.py(wrapper):16] SubWindow.Setup_Field : setupUI_Field 실행 종료
[2022-10-19 20:54:14.762][I][MainWindow.py(show_setup_Field):268] 필드 설정 팝업 열림
[2022-10-19 20:54:14.763][I][AutoBaseFunction.py(wrapper):16] __main__ : show_setup_Field 실행 종료
[2022-10-19 20:54:15.653][I][AutoBaseFunction.py(wrapper):11] SubWindow.Setup_Field : keyPressEvent 실행 시작
[2022-10-19 20:54:15.653][I][AutoBaseFunction.py(wrapper):12] Parameter : <PyQt5.QtGui.QKeyEvent object at 0x000002776C07FD30>
[2022-10-19 20:54:15.654][I][AutoBaseFunction.py(wrapper):11] SubWindow.Setup_Field : ok_Button_clicked 실행 시작
[2022-10-19 20:54:15.654][I][AutoBaseFunction.py(wrapper):12] Parameter : None
[2022-10-19 20:54:15.655][I][Setup_Field.py(ok_Button_clicked):85] 필드 설정 팝업 확인 버튼 선택
[2022-10-19 20:54:30.007][E][AutoBaseFunction.py(wrapper):19] Traceback (most recent call last):
  File "d:\new\Helper\AutoBaseFunction.py", line 15, in wrapper
    func(self, *args)
  File "d:\new\SubWindow\Setup_Field.py", line 108, in ok_Button_clicked
    self.c.execute("SELECT name FROM sqlite_master WHERE type='table';")
AttributeError: 'Setup_Field' object has no attribute 'c'

[2022-10-19 20:54:30.008][I][AutoBaseFunction.py(wrapper):16] SubWindow.Setup_Field : keyPressEvent 실행 종료
