[2022-10-11 14:58:58.560][D][LogManager.py(Init):12] LogManager Init function called !!!
[2022-10-11 14:58:58.753][I][AutoBaseFunction.py(wrapper):10] __main__ : setupUi 실행 시작
[2022-10-11 14:58:58.753][I][AutoBaseFunction.py(wrapper):11] Parameter : 
[2022-10-11 14:58:58.758][I][AutoBaseFunction.py(wrapper):10] __main__ : set_field_gridLayout 실행 시작
[2022-10-11 14:58:58.759][I][AutoBaseFunction.py(wrapper):11] Parameter : 
[2022-10-11 14:58:58.789][I][AutoBaseFunction.py(wrapper):17] __main__ : set_field_gridLayout 실행 종료
[2022-10-11 14:58:58.790][I][AutoBaseFunction.py(wrapper):10] __main__ : set_testList_hboxLayout 실행 시작
[2022-10-11 14:58:58.790][I][AutoBaseFunction.py(wrapper):11] Parameter : 
[2022-10-11 14:58:58.794][I][AutoBaseFunction.py(wrapper):17] __main__ : set_testList_hboxLayout 실행 종료
[2022-10-11 14:58:59.050][I][AutoBaseFunction.py(wrapper):17] __main__ : setupUi 실행 종료
[2022-10-11 14:59:01.283][I][AutoBaseFunction.py(wrapper):10] __main__ : show_setup_Language 실행 시작
[2022-10-11 14:59:01.283][I][AutoBaseFunction.py(wrapper):11] Parameter : False
[2022-10-11 14:59:01.284][I][AutoBaseFunction.py(wrapper):10] SubWindow.Setup_Language : setupUI_Language 실행 시작
[2022-10-11 14:59:01.284][I][AutoBaseFunction.py(wrapper):11] Parameter : 
[2022-10-11 14:59:01.285][I][AutoBaseFunction.py(wrapper):10] SubWindow.Setup_Language : setLang_Button 실행 시작
[2022-10-11 14:59:01.285][I][AutoBaseFunction.py(wrapper):11] Parameter : 
[2022-10-11 14:59:01.288][I][AutoBaseFunction.py(wrapper):17] SubWindow.Setup_Language : setLang_Button 실행 종료
[2022-10-11 14:59:01.288][I][AutoBaseFunction.py(wrapper):10] SubWindow.Setup_Language : sl_set_slot 실행 시작
[2022-10-11 14:59:01.288][I][AutoBaseFunction.py(wrapper):11] Parameter : 
[2022-10-11 14:59:01.289][I][AutoBaseFunction.py(wrapper):17] SubWindow.Setup_Language : sl_set_slot 실행 종료
[2022-10-11 14:59:01.289][I][AutoBaseFunction.py(wrapper):17] SubWindow.Setup_Language : setupUI_Language 실행 종료
[2022-10-11 14:59:01.296][I][AutoBaseFunction.py(wrapper):17] __main__ : show_setup_Language 실행 종료
[2022-10-11 14:59:15.241][I][AutoBaseFunction.py(wrapper):10] SubWindow.Setup_Language : ok_Button_clicked 실행 시작
[2022-10-11 14:59:15.242][I][AutoBaseFunction.py(wrapper):11] Parameter : False
[2022-10-11 14:59:15.246][I][AutoBaseFunction.py(wrapper):10] SubWindow.Setup_Language : closeEvent 실행 시작
[2022-10-11 14:59:15.247][I][AutoBaseFunction.py(wrapper):11] Parameter : <PyQt5.QtGui.QCloseEvent object at 0x000001C2433E7048>
[2022-10-11 14:59:15.251][I][AutoBaseFunction.py(wrapper):17] SubWindow.Setup_Language : closeEvent 실행 종료
[2022-10-11 14:59:15.253][I][AutoBaseFunction.py(wrapper):17] SubWindow.Setup_Language : ok_Button_clicked 실행 종료
