[2022-10-19 23:09:13.977][D][LogManager.py(Init):12] LogManager Init function called !!!
[2022-10-19 23:09:14.063][I][AutoBaseFunction.py(wrapper):11] __main__ : setupUi 실행 시작
[2022-10-19 23:09:14.064][I][AutoBaseFunction.py(wrapper):12] Parameter : 
[2022-10-19 23:09:14.070][I][AutoBaseFunction.py(wrapper):11] __main__ : set_field_gridLayout 실행 시작
[2022-10-19 23:09:14.070][I][AutoBaseFunction.py(wrapper):12] Parameter : 
[2022-10-19 23:09:14.094][I][AutoBaseFunction.py(wrapper):16] __main__ : set_field_gridLayout 실행 종료
[2022-10-19 23:09:14.096][I][AutoBaseFunction.py(wrapper):11] __main__ : set_testList_hboxLayout 실행 시작
[2022-10-19 23:09:14.096][I][AutoBaseFunction.py(wrapper):12] Parameter : 
[2022-10-19 23:09:14.459][I][AutoBaseFunction.py(wrapper):16] __main__ : set_testList_hboxLayout 실행 종료
[2022-10-19 23:09:14.464][I][AutoBaseFunction.py(wrapper):16] __main__ : setupUi 실행 종료
[2022-10-19 23:09:17.790][I][AutoBaseFunction.py(wrapper):11] __main__ : show_setup_Field 실행 시작
[2022-10-19 23:09:17.791][I][AutoBaseFunction.py(wrapper):12] Parameter : False
[2022-10-19 23:09:17.792][I][AutoBaseFunction.py(wrapper):11] SubWindow.Setup_Field : setupUI_Field 실행 시작
[2022-10-19 23:09:17.792][I][AutoBaseFunction.py(wrapper):12] Parameter : 
[2022-10-19 23:09:17.794][I][AutoBaseFunction.py(wrapper):11] SubWindow.Setup_Field : sl_set_slot 실행 시작
[2022-10-19 23:09:17.795][I][AutoBaseFunction.py(wrapper):12] Parameter : 
[2022-10-19 23:09:17.795][I][AutoBaseFunction.py(wrapper):16] SubWindow.Setup_Field : sl_set_slot 실행 종료
[2022-10-19 23:09:17.796][I][AutoBaseFunction.py(wrapper):16] SubWindow.Setup_Field : setupUI_Field 실행 종료
[2022-10-19 23:09:17.816][I][MainWindow.py(show_setup_Field):268] 필드 설정 팝업 열림
[2022-10-19 23:09:17.817][I][AutoBaseFunction.py(wrapper):16] __main__ : show_setup_Field 실행 종료
[2022-10-19 23:09:19.587][I][AutoBaseFunction.py(wrapper):11] SubWindow.Setup_Field : keyPressEvent 실행 시작
[2022-10-19 23:09:19.587][I][AutoBaseFunction.py(wrapper):12] Parameter : <PyQt5.QtGui.QKeyEvent object at 0x000001608D9DD160>
[2022-10-19 23:09:19.588][I][AutoBaseFunction.py(wrapper):11] SubWindow.Setup_Field : ok_Button_clicked 실행 시작
[2022-10-19 23:09:19.588][I][AutoBaseFunction.py(wrapper):12] Parameter : None
[2022-10-19 23:09:19.588][I][Setup_Field.py(ok_Button_clicked):83] 필드 설정 팝업 확인 버튼 선택
[2022-10-19 23:09:20.594][I][Setup_Field.py(ok_Button_clicked):126] 평가결과 저장 query:CREATE TABLE 'BACKUP' ('이미지' TEXT,'sdga' TEXT,'3gdsaas' TEXT,'gads' TEXT,'sdgagdsa' TEXT,'aaa' TEXT,'11' TEXT,'1' TEXT,'2' TEXT,'3' TEXT,'버전정보' TEXT)
