[2022-10-19 22:21:54.007][D][LogManager.py(Init):12] LogManager Init function called !!!
[2022-10-19 22:21:54.093][I][AutoBaseFunction.py(wrapper):11] __main__ : setupUi 실행 시작
[2022-10-19 22:21:54.093][I][AutoBaseFunction.py(wrapper):12] Parameter : 
[2022-10-19 22:21:54.099][I][AutoBaseFunction.py(wrapper):11] __main__ : set_field_gridLayout 실행 시작
[2022-10-19 22:21:54.099][I][AutoBaseFunction.py(wrapper):12] Parameter : 
[2022-10-19 22:21:54.123][I][AutoBaseFunction.py(wrapper):16] __main__ : set_field_gridLayout 실행 종료
[2022-10-19 22:21:54.125][I][AutoBaseFunction.py(wrapper):11] __main__ : set_testList_hboxLayout 실행 시작
[2022-10-19 22:21:54.125][I][AutoBaseFunction.py(wrapper):12] Parameter : 
[2022-10-19 22:21:54.497][I][AutoBaseFunction.py(wrapper):16] __main__ : set_testList_hboxLayout 실행 종료
[2022-10-19 22:21:54.501][I][AutoBaseFunction.py(wrapper):16] __main__ : setupUi 실행 종료
[2022-10-19 22:21:55.881][I][AutoBaseFunction.py(wrapper):11] __main__ : show_setup_Field 실행 시작
[2022-10-19 22:21:55.883][I][AutoBaseFunction.py(wrapper):12] Parameter : False
[2022-10-19 22:21:55.887][I][AutoBaseFunction.py(wrapper):11] SubWindow.Setup_Field : setupUI_Field 실행 시작
[2022-10-19 22:21:55.887][I][AutoBaseFunction.py(wrapper):12] Parameter : 
[2022-10-19 22:21:55.890][I][AutoBaseFunction.py(wrapper):11] SubWindow.Setup_Field : sl_set_slot 실행 시작
[2022-10-19 22:21:55.890][I][AutoBaseFunction.py(wrapper):12] Parameter : 
[2022-10-19 22:21:55.891][I][AutoBaseFunction.py(wrapper):16] SubWindow.Setup_Field : sl_set_slot 실행 종료
[2022-10-19 22:21:55.891][I][AutoBaseFunction.py(wrapper):16] SubWindow.Setup_Field : setupUI_Field 실행 종료
[2022-10-19 22:21:55.899][I][MainWindow.py(show_setup_Field):268] 필드 설정 팝업 열림
[2022-10-19 22:21:55.899][I][AutoBaseFunction.py(wrapper):16] __main__ : show_setup_Field 실행 종료
[2022-10-19 22:21:58.535][I][AutoBaseFunction.py(wrapper):11] SubWindow.Setup_Field : keyPressEvent 실행 시작
[2022-10-19 22:21:58.536][I][AutoBaseFunction.py(wrapper):12] Parameter : <PyQt5.QtGui.QKeyEvent object at 0x000001FA7A0AF1F0>
[2022-10-19 22:21:58.536][I][AutoBaseFunction.py(wrapper):11] SubWindow.Setup_Field : ok_Button_clicked 실행 시작
[2022-10-19 22:21:58.537][I][AutoBaseFunction.py(wrapper):12] Parameter : None
[2022-10-19 22:21:58.537][I][Setup_Field.py(ok_Button_clicked):83] 필드 설정 팝업 확인 버튼 선택
[2022-10-19 22:21:59.514][I][Setup_Field.py(ok_Button_clicked):126] 평가결과 저장 query:CREATE TABLE 'BACKUP' ('이미지' TEXT,'sdga' TEXT,'3gdsaas' TEXT,'gads' TEXT,'sdgagdsa' TEXT,'aaa' TEXT,'11' TEXT,'1' TEXT,'2' TEXT,'3' TEXT,'버전정보' TEXT)
[2022-10-19 22:21:59.516][E][AutoBaseFunction.py(wrapper):19] Traceback (most recent call last):
  File "d:\new\Helper\AutoBaseFunction.py", line 15, in wrapper
    func(self, *args)
  File "d:\new\SubWindow\Setup_Field.py", line 128, in ok_Button_clicked
    self.c.execute(query)
sqlite3.OperationalError: table 'BACKUP' already exists

[2022-10-19 22:21:59.517][I][AutoBaseFunction.py(wrapper):16] SubWindow.Setup_Field : keyPressEvent 실행 종료
