[2022-10-11 09:08:09.439][D][LogManager.py(Init):12] LogManager Init function called !!!
[2022-10-11 09:08:09.500][I][AutoBaseFunction.py(wrapper):10] __main__ : setupUi 실행 시작
[2022-10-11 09:08:09.501][I][AutoBaseFunction.py(wrapper):11] Parameter : 
[2022-10-11 09:08:09.505][I][AutoBaseFunction.py(wrapper):10] __main__ : set_field_gridLayout 실행 시작
[2022-10-11 09:08:09.506][I][AutoBaseFunction.py(wrapper):11] Parameter : 
[2022-10-11 09:08:09.534][I][AutoBaseFunction.py(wrapper):17] __main__ : set_field_gridLayout 실행 종료
[2022-10-11 09:08:09.534][I][AutoBaseFunction.py(wrapper):10] __main__ : set_testList_hboxLayout 실행 시작
[2022-10-11 09:08:09.535][I][AutoBaseFunction.py(wrapper):11] Parameter : 
[2022-10-11 09:08:09.539][I][AutoBaseFunction.py(wrapper):17] __main__ : set_testList_hboxLayout 실행 종료
[2022-10-11 09:08:09.801][I][AutoBaseFunction.py(wrapper):17] __main__ : setupUi 실행 종료
[2022-10-11 09:08:12.163][I][AutoBaseFunction.py(wrapper):10] __main__ : show_imgList 실행 시작
[2022-10-11 09:08:12.164][I][AutoBaseFunction.py(wrapper):11] Parameter : 한국어, D:/Skillup/new/국내_표5, False
[2022-10-11 09:08:12.164][I][MainWindow.py(show_imgList):581] 이미지 리스트 불러옴, 선택된 언어:한국어, 경로:D:/Skillup/new/국내_표5
[2022-10-11 09:08:12.254][I][MainWindow.py(show_imgList):620] self.result:{0: {'이미지': 'D:/Skillup/new/국내_표5\\2022-09-30 173952_org.png', '문자 넘침': '', '개행 오류': '', '기능과 다국어 비매칭': '', '축약어 오류': '', '이미지 설명': '', 'Scripts': '', '이슈 번호': '', '비고': '', '버전 정보': ''}, 1: {'이미지': 'D:/Skillup/new/국내_표5\\2022-09-30 173956_det.png', '문자 넘침': '', '개행 오류': '', '기능과 다국어 비매칭': '', '축약어 오류': '', '이미지 설명': '', 'Scripts': '', '이슈 번호': '', '비고': '', '버전 정보': ''}, 2: {'이미지': 'D:/Skillup/new/국내_표5\\2022-09-30 173956_org.png', '문자 넘침': '', '개행 오류': '', '기능과 다국어 비매칭': '', '축약어 오류': '', '이미지 설명': '', 'Scripts': '', '이슈 번호': '', '비고': '', '버전 정보': ''}, 3: {'이미지': 'D:/Skillup/new/국내_표5\\2022-09-30 173959_org.png', '문자 넘침': '', '개행 오류': '', '기능과 다국어 비매칭': '', '축약어 오류': '', '이미지 설명': '', 'Scripts': '', '이슈 번호': '', '비고': '', '버전 정보': ''}, 4: {'이미지': 'D:/Skillup/new/국내_표5\\2022-09-30 174010_org.png', '문자 넘침': '', '개행 오류': '', '기능과 다국어 비매칭': '', '축약어 오류': '', '이미지 설명': '', 'Scripts': '', '이슈 번호': '', '비고': '', '버전 정보': ''}, 5: {'이미지': 'D:/Skillup/new/국내_표5\\2022-09-30 174015_det.png', '문자 넘침': '', '개행 오류': '', '기능과 다국어 비매칭': '', '축약어 오류': '', '이미지 설명': '', 'Scripts': '', '이슈 번호': '', '비고': '', '버전 정보': ''}, 6: {'이미지': 'D:/Skillup/new/국내_표5\\2022-09-30 174015_org.png', '문자 넘침': '', '개행 오류': '', '기능과 다국어 비매칭': '', '축약어 오류': '', '이미지 설명': '', 'Scripts': '', '이슈 번호': '', '비고': '', '버전 정보': ''}, 7: {'이미지': 'D:/Skillup/new/국내_표5\\2022-09-30 174017_org.png', '문자 넘침': '', '개행 오류': '', '기능과 다국어 비매칭': '', '축약어 오류': '', '이미지 설명': '', 'Scripts': '', '이슈 번호': '', '비고': '', '버전 정보': ''}, 8: {'이미지': 'D:/Skillup/new/국내_표5\\2022-09-30 174025_det.png', '문자 넘침': '', '개행 오류': '', '기능과 다국어 비매칭': '', '축약어 오류': '', '이미지 설명': '', 'Scripts': '', '이슈 번호': '', '비고': '', '버전 정보': ''}, 9: {'이미지': 'D:/Skillup/new/국내_표5\\2022-09-30 174025_org.png', '문자 넘침': '', '개행 오류': '', '기능과 다국어 비매칭': '', '축약어 오류': '', '이미지 설명': '', 'Scripts': '', '이슈 번호': '', '비고': '', '버전 정보': ''}, 10: {'이미지': 'D:/Skillup/new/국내_표5\\2022-09-30 174028_org.png', '문자 넘침': '', '개행 오류': '', '기능과 다국어 비매칭': '', '축약어 오류': '', '이미지 설명': '', 'Scripts': '', '이슈 번호': '', '비고': '', '버전 정보': ''}, 11: {'이미지': 'D:/Skillup/new/국내_표5\\2022-09-30 174038_det.png', '문자 넘침': '', '개행 오류': '', '기능과 다국어 비매칭': '', '축약어 오류': '', '이미지 설명': '', 'Scripts': '', '이슈 번호': '', '비고': '', '버전 정보': ''}, 12: {'이미지': 'D:/Skillup/new/국내_표5\\2022-09-30 174038_org.png', '문자 넘침': '', '개행 오류': '', '기능과 다국어 비매칭': '', '축약어 오류': '', '이미지 설명': '', 'Scripts': '', '이슈 번호': '', '비고': '', '버전 정보': ''}, 13: {'이미지': 'D:/Skillup/new/국내_표5\\2022-09-30 174042_org.png', '문자 넘침': '', '개행 오류': '', '기능과 다국어 비매칭': '', '축약어 오류': '', '이미지 설명': '', 'Scripts': '', '이슈 번호': '', '비고': '', '버전 정보': ''}, 14: {'이미지': 'D:/Skillup/new/국내_표5\\2022-09-30 174116_org.png', '문자 넘침': '', '개행 오류': '', '기능과 다국어 비매칭': '', '축약어 오류': '', '이미지 설명': '', 'Scripts': '', '이슈 번호': '', '비고': '', '버전 정보': ''}}
[2022-10-11 09:08:12.257][I][MainWindow.py(qbutton_clicked):472] statusbar에 이미지명 표시2022-09-30 173952_org.png
[2022-10-11 09:08:12.293][I][MainWindow.py(qbutton_clicked):479] 우측에 이미지 표시:D:/Skillup/new/국내_표5\2022-09-30 173952_org.png
[2022-10-11 09:08:12.294][I][MainWindow.py(set_color):433] 이전 버튼 색상 초기화:rgb(225, 225, 225)
[2022-10-11 09:08:12.294][I][MainWindow.py(set_color):435] 현재 버튼 색상: 보라색,rgb(147, 112, 219)
[2022-10-11 09:08:12.295][I][MainWindow.py(set_color):445] 색상처리를 위한 변수 result_count:{'pre_idx': ['', '', '', '', '', '', '', '', '', '', ''], 'idx': ['', '', '', '', '', '', '', '', '', '', '']}, pre_idx:0, idx:0
[2022-10-11 09:08:12.295][I][MainWindow.py(set_color):464] 이전 버튼에 대한 색상 처리 완료
[2022-10-11 09:08:12.296][I][MainWindow.py(show_imgList):624] 이미지 불러온 후 첫번째 버튼 클릭
[2022-10-11 09:08:12.296][I][AutoBaseFunction.py(wrapper):17] __main__ : show_imgList 실행 종료
[2022-10-11 09:08:13.263][I][AutoBaseFunction.py(wrapper):10] __main__ : double_click_img 실행 시작
[2022-10-11 09:08:13.263][I][AutoBaseFunction.py(wrapper):11] Parameter : D:/Skillup/new/국내_표5\2022-09-30 173952_org.png, <PyQt5.QtGui.QMouseEvent object at 0x00000181518B2D38>
[2022-10-11 09:08:13.274][I][MainWindow.py(double_click_img):551] 이미지 더블클릭:D:/Skillup/new/국내_표5\2022-09-30 173952_org.png
[2022-10-11 09:08:13.274][I][AutoBaseFunction.py(wrapper):17] __main__ : double_click_img 실행 종료
[2022-10-11 09:08:15.928][I][AutoBaseFunction.py(wrapper):10] __main__ : double_click_img 실행 시작
[2022-10-11 09:08:15.928][I][AutoBaseFunction.py(wrapper):11] Parameter : D:/Skillup/new/국내_표5\2022-09-30 173952_org.png, <PyQt5.QtGui.QMouseEvent object at 0x00000181518B2D38>
[2022-10-11 09:08:15.940][I][MainWindow.py(double_click_img):551] 이미지 더블클릭:D:/Skillup/new/국내_표5\2022-09-30 173952_org.png
[2022-10-11 09:08:15.941][I][AutoBaseFunction.py(wrapper):17] __main__ : double_click_img 실행 종료
