[2022-10-11 16:45:31.993][D][LogManager.py(Init):12] LogManager Init function called !!!
[2022-10-11 16:45:32.045][I][AutoBaseFunction.py(wrapper):10] __main__ : setupUi 실행 시작
[2022-10-11 16:45:32.045][I][AutoBaseFunction.py(wrapper):11] Parameter : 
[2022-10-11 16:45:32.050][I][AutoBaseFunction.py(wrapper):10] __main__ : set_field_gridLayout 실행 시작
[2022-10-11 16:45:32.050][I][AutoBaseFunction.py(wrapper):11] Parameter : 
[2022-10-11 16:45:32.076][I][AutoBaseFunction.py(wrapper):17] __main__ : set_field_gridLayout 실행 종료
[2022-10-11 16:45:32.077][I][AutoBaseFunction.py(wrapper):10] __main__ : set_testList_hboxLayout 실행 시작
[2022-10-11 16:45:32.077][I][AutoBaseFunction.py(wrapper):11] Parameter : 
[2022-10-11 16:45:32.080][I][AutoBaseFunction.py(wrapper):17] __main__ : set_testList_hboxLayout 실행 종료
[2022-10-11 16:45:32.314][I][AutoBaseFunction.py(wrapper):17] __main__ : setupUi 실행 종료
[2022-10-11 16:45:34.013][I][AutoBaseFunction.py(wrapper):10] __main__ : show_setup_Language 실행 시작
[2022-10-11 16:45:34.013][I][AutoBaseFunction.py(wrapper):11] Parameter : False
[2022-10-11 16:45:34.014][I][AutoBaseFunction.py(wrapper):10] SubWindow.Setup_Language : setupUI_Language 실행 시작
[2022-10-11 16:45:34.014][I][AutoBaseFunction.py(wrapper):11] Parameter : 
[2022-10-11 16:45:34.015][I][AutoBaseFunction.py(wrapper):10] SubWindow.Setup_Language : setLang_Button 실행 시작
[2022-10-11 16:45:34.016][I][AutoBaseFunction.py(wrapper):11] Parameter : 
[2022-10-11 16:45:34.018][I][Setup_Language.py(setLang_Button):95] ['중국어', '중국어어'], ['D:/Skillup/new/img', 'D:/Skillup/new/국내_표5'] 기준으로 창에 표시하기 시작
[2022-10-11 16:45:34.019][I][Setup_Language.py(addLang_Button_clicked):145] 중국어, D:/Skillup/new/img 추가됨
[2022-10-11 16:45:34.020][I][Setup_Language.py(addLang_Button_clicked):145] 중국어어, D:/Skillup/new/국내_표5 추가됨
[2022-10-11 16:45:34.021][I][Setup_Language.py(setLang_Button):99] ['중국어', '중국어어'], ['D:/Skillup/new/img', 'D:/Skillup/new/국내_표5'] 기준으로 창에 표시 완료
[2022-10-11 16:45:34.021][I][AutoBaseFunction.py(wrapper):17] SubWindow.Setup_Language : setLang_Button 실행 종료
[2022-10-11 16:45:34.021][I][AutoBaseFunction.py(wrapper):10] SubWindow.Setup_Language : sl_set_slot 실행 시작
[2022-10-11 16:45:34.021][I][AutoBaseFunction.py(wrapper):11] Parameter : 
[2022-10-11 16:45:34.022][I][AutoBaseFunction.py(wrapper):17] SubWindow.Setup_Language : sl_set_slot 실행 종료
[2022-10-11 16:45:34.022][I][AutoBaseFunction.py(wrapper):17] SubWindow.Setup_Language : setupUI_Language 실행 종료
[2022-10-11 16:45:34.027][I][MainWindow.py(show_setup_Language):251] 언어 설정 팝업 열림
[2022-10-11 16:45:34.028][I][AutoBaseFunction.py(wrapper):17] __main__ : show_setup_Language 실행 종료
[2022-10-11 16:45:39.238][I][Setup_Language.py(addLang_Button_clicked):145] ,  추가됨
[2022-10-11 16:45:41.636][I][AutoBaseFunction.py(wrapper):10] SubWindow.Setup_Language : ok_Button_clicked 실행 시작
[2022-10-11 16:45:41.636][I][AutoBaseFunction.py(wrapper):11] Parameter : False
[2022-10-11 16:45:41.644][I][MainWindow.py(sl_emit):255] 퀵메뉴 clear
[2022-10-11 16:45:41.645][I][MainWindow.py(sl_emit):260] 퀵메뉴 갱신 완료
[2022-10-11 16:45:41.652][I][AutoBaseFunction.py(wrapper):17] SubWindow.Setup_Language : ok_Button_clicked 실행 종료
