[2022-10-19 21:01:33.352][D][LogManager.py(Init):12] LogManager Init function called !!!
[2022-10-19 21:01:33.439][I][AutoBaseFunction.py(wrapper):11] __main__ : setupUi 실행 시작
[2022-10-19 21:01:33.440][I][AutoBaseFunction.py(wrapper):12] Parameter : 
[2022-10-19 21:01:33.445][I][AutoBaseFunction.py(wrapper):11] __main__ : set_field_gridLayout 실행 시작
[2022-10-19 21:01:33.446][I][AutoBaseFunction.py(wrapper):12] Parameter : 
[2022-10-19 21:01:33.476][I][AutoBaseFunction.py(wrapper):16] __main__ : set_field_gridLayout 실행 종료
[2022-10-19 21:01:33.479][I][AutoBaseFunction.py(wrapper):11] __main__ : set_testList_hboxLayout 실행 시작
[2022-10-19 21:01:33.479][I][AutoBaseFunction.py(wrapper):12] Parameter : 
[2022-10-19 21:01:33.845][I][AutoBaseFunction.py(wrapper):16] __main__ : set_testList_hboxLayout 실행 종료
[2022-10-19 21:01:33.850][I][AutoBaseFunction.py(wrapper):16] __main__ : setupUi 실행 종료
[2022-10-19 21:01:35.983][I][AutoBaseFunction.py(wrapper):11] __main__ : show_setup_Field 실행 시작
[2022-10-19 21:01:35.983][I][AutoBaseFunction.py(wrapper):12] Parameter : False
[2022-10-19 21:01:35.984][I][AutoBaseFunction.py(wrapper):11] SubWindow.Setup_Field : setupUI_Field 실행 시작
[2022-10-19 21:01:35.985][I][AutoBaseFunction.py(wrapper):12] Parameter : 
[2022-10-19 21:01:35.987][I][AutoBaseFunction.py(wrapper):11] SubWindow.Setup_Field : sl_set_slot 실행 시작
[2022-10-19 21:01:35.987][I][AutoBaseFunction.py(wrapper):12] Parameter : 
[2022-10-19 21:01:35.988][I][AutoBaseFunction.py(wrapper):16] SubWindow.Setup_Field : sl_set_slot 실행 종료
[2022-10-19 21:01:35.988][I][AutoBaseFunction.py(wrapper):16] SubWindow.Setup_Field : setupUI_Field 실행 종료
[2022-10-19 21:01:35.995][I][MainWindow.py(show_setup_Field):268] 필드 설정 팝업 열림
[2022-10-19 21:01:35.995][I][AutoBaseFunction.py(wrapper):16] __main__ : show_setup_Field 실행 종료
[2022-10-19 21:01:37.470][I][AutoBaseFunction.py(wrapper):11] SubWindow.Setup_Field : keyPressEvent 실행 시작
[2022-10-19 21:01:37.471][I][AutoBaseFunction.py(wrapper):12] Parameter : <PyQt5.QtGui.QKeyEvent object at 0x000002398033E160>
[2022-10-19 21:01:37.471][I][AutoBaseFunction.py(wrapper):11] SubWindow.Setup_Field : ok_Button_clicked 실행 시작
[2022-10-19 21:01:37.472][I][AutoBaseFunction.py(wrapper):12] Parameter : None
[2022-10-19 21:01:37.472][I][Setup_Field.py(ok_Button_clicked):86] 필드 설정 팝업 확인 버튼 선택
