[2022-10-19 19:08:19.170][D][LogManager.py(Init):12] LogManager Init function called !!!
[2022-10-19 19:08:19.579][I][AutoBaseFunction.py(wrapper):11] __main__ : setupUi 실행 시작
[2022-10-19 19:08:19.580][I][AutoBaseFunction.py(wrapper):12] Parameter : 
[2022-10-19 19:08:19.616][I][AutoBaseFunction.py(wrapper):11] __main__ : set_field_gridLayout 실행 시작
[2022-10-19 19:08:19.616][I][AutoBaseFunction.py(wrapper):12] Parameter : 
[2022-10-19 19:08:19.735][I][AutoBaseFunction.py(wrapper):16] __main__ : set_field_gridLayout 실행 종료
[2022-10-19 19:08:19.737][I][AutoBaseFunction.py(wrapper):11] __main__ : set_testList_hboxLayout 실행 시작
[2022-10-19 19:08:19.737][I][AutoBaseFunction.py(wrapper):12] Parameter : 
[2022-10-19 19:08:20.472][I][AutoBaseFunction.py(wrapper):16] __main__ : set_testList_hboxLayout 실행 종료
[2022-10-19 19:08:20.493][I][AutoBaseFunction.py(wrapper):16] __main__ : setupUi 실행 종료
[2022-10-19 19:08:22.750][I][AutoBaseFunction.py(wrapper):11] __main__ : show_imgList 실행 시작
[2022-10-19 19:08:22.750][I][AutoBaseFunction.py(wrapper):12] Parameter : 독일어, D:/new, <PyQt5.QtWidgets.QAction object at 0x0000017E1A5A5C10>, True
[2022-10-19 19:08:22.751][I][MainWindow.py(show_imgList):608] 이미지 리스트 불러옴, 선택된 언어:독일어, 경로:D:/new
[2022-10-19 19:08:22.821][I][MainWindow.py(show_imgList):635] self.result:{0: {'이미지': 'D:/new\\111.png', 'sdga': '', '3gdsaas': '', 'gads': '', 'sdgagdsa': '', 'aaa': '', '11': '', '1': '', '2': '', '3': '', '5': '', '6': '', '버전 정보': ''}, 1: {'이미지': 'D:/new\\cat.jpg', 'sdga': '', '3gdsaas': '', 'gads': '', 'sdgagdsa': '', 'aaa': '', '11': '', '1': '', '2': '', '3': '', '5': '', '6': '', '버전 정보': ''}, 2: {'이미지': 'D:/new\\dog.jpg', 'sdga': '', '3gdsaas': '', 'gads': '', 'sdgagdsa': '', 'aaa': '', '11': '', '1': '', '2': '', '3': '', '5': '', '6': '', '버전 정보': ''}, 3: {'이미지': 'D:/new\\elephant.jpg', 'sdga': '', '3gdsaas': '', 'gads': '', 'sdgagdsa': '', 'aaa': '', '11': '', '1': '', '2': '', '3': '', '5': '', '6': '', '버전 정보': ''}, 4: {'이미지': 'D:/new\\fox.jpg', 'sdga': '', '3gdsaas': '', 'gads': '', 'sdgagdsa': '', 'aaa': '', '11': '', '1': '', '2': '', '3': '', '5': '', '6': '', '버전 정보': ''}, 5: {'이미지': 'D:/new\\icon.png', 'sdga': '', '3gdsaas': '', 'gads': '', 'sdgagdsa': '', 'aaa': '', '11': '', '1': '', '2': '', '3': '', '5': '', '6': '', '버전 정보': ''}, 6: {'이미지': 'D:/new\\modim1.png', 'sdga': '', '3gdsaas': '', 'gads': '', 'sdgagdsa': '', 'aaa': '', '11': '', '1': '', '2': '', '3': '', '5': '', '6': '', '버전 정보': ''}, 7: {'이미지': 'D:/new\\rabbit.jpg', 'sdga': '', '3gdsaas': '', 'gads': '', 'sdgagdsa': '', 'aaa': '', '11': '', '1': '', '2': '', '3': '', '5': '', '6': '', '버전 정보': ''}, 8: {'이미지': 'D:/new\\tiger.jpg', 'sdga': '', '3gdsaas': '', 'gads': '', 'sdgagdsa': '', 'aaa': '', '11': '', '1': '', '2': '', '3': '', '5': '', '6': '', '버전 정보': ''}}
[2022-10-19 19:08:22.824][I][MainWindow.py(qbutton_clicked):483] statusbar에 이미지명 표시111.png
[2022-10-19 19:08:22.885][I][MainWindow.py(qbutton_clicked):490] 우측에 이미지 표시:D:/new\111.png
[2022-10-19 19:08:22.886][I][MainWindow.py(set_color):444] 이전 버튼 색상 초기화:rgb(225, 225, 225)
[2022-10-19 19:08:22.887][I][MainWindow.py(set_color):446] 현재 버튼 색상: 보라색,rgb(147, 112, 219)
[2022-10-19 19:08:22.887][I][MainWindow.py(set_color):456] 색상처리를 위한 변수 result_count:{'pre_idx': ['', '', '', '', '', ''], 'idx': ['', '', '', '', '', '']}, pre_idx:0, idx:0
[2022-10-19 19:08:22.887][I][MainWindow.py(set_color):475] 이전 버튼에 대한 색상 처리 완료
[2022-10-19 19:08:22.888][I][MainWindow.py(show_imgList):640] 이미지 불러온 후 첫번째 버튼 클릭
[2022-10-19 19:08:22.888][I][AutoBaseFunction.py(wrapper):16] __main__ : show_imgList 실행 종료
[2022-10-19 19:08:24.511][I][AutoBaseFunction.py(wrapper):11] __main__ : show_setup_Field 실행 시작
[2022-10-19 19:08:24.512][I][AutoBaseFunction.py(wrapper):12] Parameter : False
[2022-10-19 19:08:24.514][I][AutoBaseFunction.py(wrapper):11] SubWindow.Setup_Field : setupUI_Field 실행 시작
[2022-10-19 19:08:24.514][I][AutoBaseFunction.py(wrapper):12] Parameter : 
[2022-10-19 19:08:24.518][I][AutoBaseFunction.py(wrapper):11] SubWindow.Setup_Field : sl_set_slot 실행 시작
[2022-10-19 19:08:24.518][I][AutoBaseFunction.py(wrapper):12] Parameter : 
[2022-10-19 19:08:24.518][I][AutoBaseFunction.py(wrapper):16] SubWindow.Setup_Field : sl_set_slot 실행 종료
[2022-10-19 19:08:24.519][I][AutoBaseFunction.py(wrapper):16] SubWindow.Setup_Field : setupUI_Field 실행 종료
[2022-10-19 19:08:24.526][I][MainWindow.py(show_setup_Field):268] 필드 설정 팝업 열림
[2022-10-19 19:08:24.526][I][AutoBaseFunction.py(wrapper):16] __main__ : show_setup_Field 실행 종료
[2022-10-19 19:08:26.844][I][AutoBaseFunction.py(wrapper):11] SubWindow.Setup_Field : ok_Button_clicked 실행 시작
[2022-10-19 19:08:26.845][I][AutoBaseFunction.py(wrapper):12] Parameter : False
[2022-10-19 19:08:26.845][I][Setup_Field.py(ok_Button_clicked):84] 필드 설정 팝업 확인 버튼 선택
[2022-10-19 19:08:28.947][E][AutoBaseFunction.py(wrapper):19] Traceback (most recent call last):
  File "d:\new\Helper\AutoBaseFunction.py", line 15, in wrapper
    func(self, *args)
  File "d:\new\SubWindow\Setup_Field.py", line 108, in ok_Button_clicked
    event.ignore()
AttributeError: 'bool' object has no attribute 'ignore'

[2022-10-19 19:08:34.310][I][AutoBaseFunction.py(wrapper):11] SubWindow.Setup_Field : closeEvent 실행 시작
[2022-10-19 19:08:34.311][I][AutoBaseFunction.py(wrapper):12] Parameter : <PyQt5.QtGui.QCloseEvent object at 0x0000017E1C5523A0>
[2022-10-19 19:08:34.311][I][Setup_Field.py(closeEvent):127] 필드 설정 팝업 취소 버튼 선택
[2022-10-19 19:08:35.822][I][Setup_Field.py(closeEvent):136] 필드 설정 팝업 > 취소 > 변경사항 알림에서 예 선택
[2022-10-19 19:08:35.824][I][MainWindow.py(sf_emit):304] 필드 설정 팝업 닫힘으로 메인창 활성화
[2022-10-19 19:08:35.825][I][AutoBaseFunction.py(wrapper):16] SubWindow.Setup_Field : closeEvent 실행 종료
