[2022-10-11 16:41:34.785][D][LogManager.py(Init):12] LogManager Init function called !!!
[2022-10-11 16:41:34.842][I][AutoBaseFunction.py(wrapper):10] __main__ : setupUi 실행 시작
[2022-10-11 16:41:34.843][I][AutoBaseFunction.py(wrapper):11] Parameter : 
[2022-10-11 16:41:34.848][I][AutoBaseFunction.py(wrapper):10] __main__ : set_field_gridLayout 실행 시작
[2022-10-11 16:41:34.849][I][AutoBaseFunction.py(wrapper):11] Parameter : 
[2022-10-11 16:41:34.875][I][AutoBaseFunction.py(wrapper):17] __main__ : set_field_gridLayout 실행 종료
[2022-10-11 16:41:34.875][I][AutoBaseFunction.py(wrapper):10] __main__ : set_testList_hboxLayout 실행 시작
[2022-10-11 16:41:34.876][I][AutoBaseFunction.py(wrapper):11] Parameter : 
[2022-10-11 16:41:34.879][I][AutoBaseFunction.py(wrapper):17] __main__ : set_testList_hboxLayout 실행 종료
[2022-10-11 16:41:35.109][I][AutoBaseFunction.py(wrapper):17] __main__ : setupUi 실행 종료
[2022-10-11 16:41:47.629][I][AutoBaseFunction.py(wrapper):10] __main__ : show_setup_Language 실행 시작
[2022-10-11 16:41:47.629][I][AutoBaseFunction.py(wrapper):11] Parameter : False
[2022-10-11 16:41:47.630][I][AutoBaseFunction.py(wrapper):10] SubWindow.Setup_Language : setupUI_Language 실행 시작
[2022-10-11 16:41:47.630][I][AutoBaseFunction.py(wrapper):11] Parameter : 
[2022-10-11 16:41:47.631][I][AutoBaseFunction.py(wrapper):10] SubWindow.Setup_Language : setLang_Button 실행 시작
[2022-10-11 16:41:47.631][I][AutoBaseFunction.py(wrapper):11] Parameter : 
[2022-10-11 16:41:47.633][I][Setup_Language.py(setLang_Button):95] ['중국어', '중국어어'], ['D:/Skillup/new/img', 'D:/Skillup/new/img'] 기준으로 창에 표시하기 시작
[2022-10-11 16:41:47.635][I][Setup_Language.py(addLang_Button_clicked):145] 중국어, D:/Skillup/new/img 추가됨
[2022-10-11 16:41:47.635][I][Setup_Language.py(addLang_Button_clicked):145] 중국어어, D:/Skillup/new/img 추가됨
[2022-10-11 16:41:47.635][I][Setup_Language.py(setLang_Button):99] ['중국어', '중국어어'], ['D:/Skillup/new/img', 'D:/Skillup/new/img'] 기준으로 창에 표시 완료
[2022-10-11 16:41:47.636][I][AutoBaseFunction.py(wrapper):17] SubWindow.Setup_Language : setLang_Button 실행 종료
[2022-10-11 16:41:47.636][I][AutoBaseFunction.py(wrapper):10] SubWindow.Setup_Language : sl_set_slot 실행 시작
[2022-10-11 16:41:47.636][I][AutoBaseFunction.py(wrapper):11] Parameter : 
[2022-10-11 16:41:47.637][I][AutoBaseFunction.py(wrapper):17] SubWindow.Setup_Language : sl_set_slot 실행 종료
[2022-10-11 16:41:47.637][I][AutoBaseFunction.py(wrapper):17] SubWindow.Setup_Language : setupUI_Language 실행 종료
[2022-10-11 16:41:47.643][I][MainWindow.py(show_setup_Language):250] 언어 설정 팝업 열림
[2022-10-11 16:41:47.643][I][AutoBaseFunction.py(wrapper):17] __main__ : show_setup_Language 실행 종료
[2022-10-11 16:41:49.947][I][AutoBaseFunction.py(wrapper):10] SubWindow.Setup_Language : ok_Button_clicked 실행 시작
[2022-10-11 16:41:49.948][I][AutoBaseFunction.py(wrapper):11] Parameter : False
