[2022-10-19 23:08:38.445][D][LogManager.py(Init):12] LogManager Init function called !!!
[2022-10-19 23:08:38.530][I][AutoBaseFunction.py(wrapper):11] __main__ : setupUi 실행 시작
[2022-10-19 23:08:38.531][I][AutoBaseFunction.py(wrapper):12] Parameter : 
[2022-10-19 23:08:38.537][I][AutoBaseFunction.py(wrapper):11] __main__ : set_field_gridLayout 실행 시작
[2022-10-19 23:08:38.537][I][AutoBaseFunction.py(wrapper):12] Parameter : 
[2022-10-19 23:08:38.562][I][AutoBaseFunction.py(wrapper):16] __main__ : set_field_gridLayout 실행 종료
[2022-10-19 23:08:38.564][I][AutoBaseFunction.py(wrapper):11] __main__ : set_testList_hboxLayout 실행 시작
[2022-10-19 23:08:38.564][I][AutoBaseFunction.py(wrapper):12] Parameter : 
[2022-10-19 23:08:38.929][I][AutoBaseFunction.py(wrapper):16] __main__ : set_testList_hboxLayout 실행 종료
[2022-10-19 23:08:38.934][I][AutoBaseFunction.py(wrapper):16] __main__ : setupUi 실행 종료
[2022-10-19 23:08:41.803][I][AutoBaseFunction.py(wrapper):11] __main__ : show_setup_Field 실행 시작
[2022-10-19 23:08:41.804][I][AutoBaseFunction.py(wrapper):12] Parameter : False
[2022-10-19 23:08:41.805][I][AutoBaseFunction.py(wrapper):11] SubWindow.Setup_Field : setupUI_Field 실행 시작
[2022-10-19 23:08:41.805][I][AutoBaseFunction.py(wrapper):12] Parameter : 
[2022-10-19 23:08:41.807][I][AutoBaseFunction.py(wrapper):11] SubWindow.Setup_Field : sl_set_slot 실행 시작
[2022-10-19 23:08:41.807][I][AutoBaseFunction.py(wrapper):12] Parameter : 
[2022-10-19 23:08:41.808][I][AutoBaseFunction.py(wrapper):16] SubWindow.Setup_Field : sl_set_slot 실행 종료
[2022-10-19 23:08:41.808][I][AutoBaseFunction.py(wrapper):16] SubWindow.Setup_Field : setupUI_Field 실행 종료
[2022-10-19 23:08:41.814][I][MainWindow.py(show_setup_Field):268] 필드 설정 팝업 열림
[2022-10-19 23:08:41.815][I][AutoBaseFunction.py(wrapper):16] __main__ : show_setup_Field 실행 종료
[2022-10-19 23:08:43.528][I][AutoBaseFunction.py(wrapper):11] SubWindow.Setup_Field : keyPressEvent 실행 시작
[2022-10-19 23:08:43.529][I][AutoBaseFunction.py(wrapper):12] Parameter : <PyQt5.QtGui.QKeyEvent object at 0x000001C0C99601F0>
[2022-10-19 23:08:43.530][I][AutoBaseFunction.py(wrapper):11] SubWindow.Setup_Field : ok_Button_clicked 실행 시작
[2022-10-19 23:08:43.530][I][AutoBaseFunction.py(wrapper):12] Parameter : None
[2022-10-19 23:08:43.531][I][Setup_Field.py(ok_Button_clicked):83] 필드 설정 팝업 확인 버튼 선택
[2022-10-19 23:08:49.195][I][Setup_Field.py(ok_Button_clicked):126] 평가결과 저장 query:CREATE TABLE 'BACKUP' ('이미지' TEXT,'sdga' TEXT,'3gdsaas' TEXT,'gads' TEXT,'sdgagdsa' TEXT,'aaa' TEXT,'11' TEXT,'1' TEXT,'2' TEXT,'3' TEXT,'버전정보' TEXT)
