[2022-10-19 22:59:41.947][D][LogManager.py(Init):12] LogManager Init function called !!!
[2022-10-19 22:59:42.034][I][AutoBaseFunction.py(wrapper):11] __main__ : setupUi 실행 시작
[2022-10-19 22:59:42.034][I][AutoBaseFunction.py(wrapper):12] Parameter : 
[2022-10-19 22:59:42.040][I][AutoBaseFunction.py(wrapper):11] __main__ : set_field_gridLayout 실행 시작
[2022-10-19 22:59:42.040][I][AutoBaseFunction.py(wrapper):12] Parameter : 
[2022-10-19 22:59:42.064][I][AutoBaseFunction.py(wrapper):16] __main__ : set_field_gridLayout 실행 종료
[2022-10-19 22:59:42.066][I][AutoBaseFunction.py(wrapper):11] __main__ : set_testList_hboxLayout 실행 시작
[2022-10-19 22:59:42.066][I][AutoBaseFunction.py(wrapper):12] Parameter : 
[2022-10-19 22:59:42.429][I][AutoBaseFunction.py(wrapper):16] __main__ : set_testList_hboxLayout 실행 종료
[2022-10-19 22:59:42.434][I][AutoBaseFunction.py(wrapper):16] __main__ : setupUi 실행 종료
[2022-10-19 22:59:44.649][I][AutoBaseFunction.py(wrapper):11] __main__ : show_setup_Field 실행 시작
[2022-10-19 22:59:44.650][I][AutoBaseFunction.py(wrapper):12] Parameter : False
[2022-10-19 22:59:44.651][I][AutoBaseFunction.py(wrapper):11] SubWindow.Setup_Field : setupUI_Field 실행 시작
[2022-10-19 22:59:44.651][I][AutoBaseFunction.py(wrapper):12] Parameter : 
[2022-10-19 22:59:44.653][I][AutoBaseFunction.py(wrapper):11] SubWindow.Setup_Field : sl_set_slot 실행 시작
[2022-10-19 22:59:44.653][I][AutoBaseFunction.py(wrapper):12] Parameter : 
[2022-10-19 22:59:44.654][I][AutoBaseFunction.py(wrapper):16] SubWindow.Setup_Field : sl_set_slot 실행 종료
[2022-10-19 22:59:44.654][I][AutoBaseFunction.py(wrapper):16] SubWindow.Setup_Field : setupUI_Field 실행 종료
[2022-10-19 22:59:44.660][I][MainWindow.py(show_setup_Field):268] 필드 설정 팝업 열림
[2022-10-19 22:59:44.660][I][AutoBaseFunction.py(wrapper):16] __main__ : show_setup_Field 실행 종료
[2022-10-19 22:59:46.735][I][AutoBaseFunction.py(wrapper):11] SubWindow.Setup_Field : keyPressEvent 실행 시작
[2022-10-19 22:59:46.736][I][AutoBaseFunction.py(wrapper):12] Parameter : <PyQt5.QtGui.QKeyEvent object at 0x000001BE129E01F0>
[2022-10-19 22:59:46.737][I][AutoBaseFunction.py(wrapper):11] SubWindow.Setup_Field : ok_Button_clicked 실행 시작
[2022-10-19 22:59:46.737][I][AutoBaseFunction.py(wrapper):12] Parameter : None
[2022-10-19 22:59:46.738][I][Setup_Field.py(ok_Button_clicked):83] 필드 설정 팝업 확인 버튼 선택
[2022-10-19 23:00:11.821][I][Setup_Field.py(ok_Button_clicked):126] 평가결과 저장 query:CREATE TABLE 'BACKUP' ('이미지' TEXT,'sdga' TEXT,'3gdsaas' TEXT,'gads' TEXT,'sdgagdsa' TEXT,'aaa' TEXT,'11' TEXT,'1' TEXT,'2' TEXT,'3' TEXT,'버전정보' TEXT)
