[2022-10-19 23:09:46.478][D][LogManager.py(Init):12] LogManager Init function called !!!
[2022-10-19 23:09:46.562][I][AutoBaseFunction.py(wrapper):11] __main__ : setupUi 실행 시작
[2022-10-19 23:09:46.563][I][AutoBaseFunction.py(wrapper):12] Parameter : 
[2022-10-19 23:09:46.569][I][AutoBaseFunction.py(wrapper):11] __main__ : set_field_gridLayout 실행 시작
[2022-10-19 23:09:46.569][I][AutoBaseFunction.py(wrapper):12] Parameter : 
[2022-10-19 23:09:46.593][I][AutoBaseFunction.py(wrapper):16] __main__ : set_field_gridLayout 실행 종료
[2022-10-19 23:09:46.595][I][AutoBaseFunction.py(wrapper):11] __main__ : set_testList_hboxLayout 실행 시작
[2022-10-19 23:09:46.596][I][AutoBaseFunction.py(wrapper):12] Parameter : 
[2022-10-19 23:09:46.958][I][AutoBaseFunction.py(wrapper):16] __main__ : set_testList_hboxLayout 실행 종료
[2022-10-19 23:09:46.963][I][AutoBaseFunction.py(wrapper):16] __main__ : setupUi 실행 종료
[2022-10-19 23:09:48.689][I][AutoBaseFunction.py(wrapper):11] __main__ : show_setup_Field 실행 시작
[2022-10-19 23:09:48.690][I][AutoBaseFunction.py(wrapper):12] Parameter : False
[2022-10-19 23:09:48.691][I][AutoBaseFunction.py(wrapper):11] SubWindow.Setup_Field : setupUI_Field 실행 시작
[2022-10-19 23:09:48.691][I][AutoBaseFunction.py(wrapper):12] Parameter : 
[2022-10-19 23:09:48.693][I][AutoBaseFunction.py(wrapper):11] SubWindow.Setup_Field : sl_set_slot 실행 시작
[2022-10-19 23:09:48.694][I][AutoBaseFunction.py(wrapper):12] Parameter : 
[2022-10-19 23:09:48.694][I][AutoBaseFunction.py(wrapper):16] SubWindow.Setup_Field : sl_set_slot 실행 종료
[2022-10-19 23:09:48.694][I][AutoBaseFunction.py(wrapper):16] SubWindow.Setup_Field : setupUI_Field 실행 종료
[2022-10-19 23:09:48.701][I][MainWindow.py(show_setup_Field):268] 필드 설정 팝업 열림
[2022-10-19 23:09:48.702][I][AutoBaseFunction.py(wrapper):16] __main__ : show_setup_Field 실행 종료
[2022-10-19 23:09:50.368][I][AutoBaseFunction.py(wrapper):11] SubWindow.Setup_Field : keyPressEvent 실행 시작
[2022-10-19 23:09:50.369][I][AutoBaseFunction.py(wrapper):12] Parameter : <PyQt5.QtGui.QKeyEvent object at 0x000001F71AB501F0>
[2022-10-19 23:09:50.369][I][AutoBaseFunction.py(wrapper):11] SubWindow.Setup_Field : ok_Button_clicked 실행 시작
[2022-10-19 23:09:50.369][I][AutoBaseFunction.py(wrapper):12] Parameter : None
[2022-10-19 23:09:50.370][I][Setup_Field.py(ok_Button_clicked):83] 필드 설정 팝업 확인 버튼 선택
[2022-10-19 23:09:51.168][I][Setup_Field.py(ok_Button_clicked):126] 평가결과 저장 query:CREATE TABLE 'BACKUP' ('이미지' TEXT,'sdga' TEXT,'3gdsaas' TEXT,'gads' TEXT,'sdgagdsa' TEXT,'aaa' TEXT,'11' TEXT,'1' TEXT,'2' TEXT,'3' TEXT,'버전정보' TEXT)
