[2022-10-11 16:26:26.734][D][LogManager.py(Init):12] LogManager Init function called !!!
[2022-10-11 16:26:26.763][I][AutoBaseFunction.py(wrapper):10] __main__ : setupUi 실행 시작
[2022-10-11 16:26:26.763][I][AutoBaseFunction.py(wrapper):11] Parameter : 
[2022-10-11 16:26:26.768][I][AutoBaseFunction.py(wrapper):10] __main__ : set_field_gridLayout 실행 시작
[2022-10-11 16:26:26.768][I][AutoBaseFunction.py(wrapper):11] Parameter : 
[2022-10-11 16:26:26.796][I][AutoBaseFunction.py(wrapper):17] __main__ : set_field_gridLayout 실행 종료
[2022-10-11 16:26:26.797][I][AutoBaseFunction.py(wrapper):10] __main__ : set_testList_hboxLayout 실행 시작
[2022-10-11 16:26:26.797][I][AutoBaseFunction.py(wrapper):11] Parameter : 
[2022-10-11 16:26:26.800][I][AutoBaseFunction.py(wrapper):17] __main__ : set_testList_hboxLayout 실행 종료
[2022-10-11 16:26:27.089][I][AutoBaseFunction.py(wrapper):17] __main__ : setupUi 실행 종료
[2022-10-11 16:26:28.965][I][AutoBaseFunction.py(wrapper):10] __main__ : show_setup_Language 실행 시작
[2022-10-11 16:26:28.965][I][AutoBaseFunction.py(wrapper):11] Parameter : False
[2022-10-11 16:26:28.965][I][AutoBaseFunction.py(wrapper):10] SubWindow.Setup_Language : setupUI_Language 실행 시작
[2022-10-11 16:26:28.966][I][AutoBaseFunction.py(wrapper):11] Parameter : 
[2022-10-11 16:26:28.967][I][AutoBaseFunction.py(wrapper):10] SubWindow.Setup_Language : setLang_Button 실행 시작
[2022-10-11 16:26:28.967][I][AutoBaseFunction.py(wrapper):11] Parameter : 
[2022-10-11 16:26:31.095][I][Setup_Language.py(setLang_Button):95] ['중국어', '한국어', '11'], ['D:/test/TestList_CSV/2022_skillup-master/img', 'D:/Skillup/new/img', '22'] 기준으로 창에 표시하기 시작
[2022-10-11 16:26:35.728][I][Setup_Language.py(setLang_Button):99] ['중국어', '한국어', '11'], ['D:/test/TestList_CSV/2022_skillup-master/img', 'D:/Skillup/new/img', '22'] 기준으로 창에 표시 완료
[2022-10-11 16:26:35.729][I][AutoBaseFunction.py(wrapper):17] SubWindow.Setup_Language : setLang_Button 실행 종료
[2022-10-11 16:26:35.730][I][AutoBaseFunction.py(wrapper):10] SubWindow.Setup_Language : sl_set_slot 실행 시작
[2022-10-11 16:26:35.730][I][AutoBaseFunction.py(wrapper):11] Parameter : 
[2022-10-11 16:26:35.731][I][AutoBaseFunction.py(wrapper):17] SubWindow.Setup_Language : sl_set_slot 실행 종료
[2022-10-11 16:26:35.732][I][AutoBaseFunction.py(wrapper):17] SubWindow.Setup_Language : setupUI_Language 실행 종료
[2022-10-11 16:26:35.739][I][MainWindow.py(show_setup_Language):250] 언어 설정 팝업 열림
[2022-10-11 16:26:35.740][I][AutoBaseFunction.py(wrapper):17] __main__ : show_setup_Language 실행 종료
[2022-10-11 16:28:00.781][I][AutoBaseFunction.py(wrapper):10] SubWindow.Setup_Language : closeEvent 실행 시작
[2022-10-11 16:28:00.781][I][AutoBaseFunction.py(wrapper):11] Parameter : <PyQt5.QtGui.QCloseEvent object at 0x000001E3C3E0B8B8>
[2022-10-11 16:28:00.784][I][AutoBaseFunction.py(wrapper):17] SubWindow.Setup_Language : closeEvent 실행 종료
