[2022-10-12 21:59:25.137][D][LogManager.py(Init):12] LogManager Init function called !!!
[2022-10-12 21:59:25.222][I][AutoBaseFunction.py(wrapper):10] __main__ : setupUi 실행 시작
[2022-10-12 21:59:25.222][I][AutoBaseFunction.py(wrapper):11] Parameter : 
[2022-10-12 21:59:25.231][I][AutoBaseFunction.py(wrapper):10] __main__ : set_field_gridLayout 실행 시작
[2022-10-12 21:59:25.231][I][AutoBaseFunction.py(wrapper):11] Parameter : 
[2022-10-12 21:59:25.255][I][AutoBaseFunction.py(wrapper):15] __main__ : set_field_gridLayout 실행 종료
[2022-10-12 21:59:25.257][I][AutoBaseFunction.py(wrapper):10] __main__ : set_testList_hboxLayout 실행 시작
[2022-10-12 21:59:25.257][I][AutoBaseFunction.py(wrapper):11] Parameter : 
[2022-10-12 21:59:25.259][W][LogManager.py(set_warn):86] : Traceback (most recent call last):
  File "d:\new\Helper\AutoBaseFunction.py", line 14, in wrapper
    func(self, *args)
  File "d:\new\MainWindow.py", line 376, in set_testList_hboxLayout
    self.testList_hboxLayout = QHBoxLayout(testList_groupbox)
NameError: name 'testList_groupbox' is not defined

[2022-10-12 21:59:25.266][I][AutoBaseFunction.py(wrapper):15] __main__ : setupUi 실행 종료
[2022-10-12 21:59:33.378][I][AutoBaseFunction.py(wrapper):10] __main__ : show_setup_TestList 실행 시작
[2022-10-12 21:59:33.378][I][AutoBaseFunction.py(wrapper):11] Parameter : False
[2022-10-12 21:59:33.379][I][AutoBaseFunction.py(wrapper):10] SubWindow.Setup_TestList : setupUI_TestList 실행 시작
[2022-10-12 21:59:33.379][I][AutoBaseFunction.py(wrapper):11] Parameter : 
[2022-10-12 21:59:33.381][I][AutoBaseFunction.py(wrapper):10] SubWindow.Setup_TestList : tl_set_slot 실행 시작
[2022-10-12 21:59:33.382][I][AutoBaseFunction.py(wrapper):11] Parameter : 
[2022-10-12 21:59:33.382][I][AutoBaseFunction.py(wrapper):15] SubWindow.Setup_TestList : tl_set_slot 실행 종료
[2022-10-12 21:59:33.382][I][AutoBaseFunction.py(wrapper):15] SubWindow.Setup_TestList : setupUI_TestList 실행 종료
[2022-10-12 21:59:33.390][I][MainWindow.py(show_setup_TestList):281] 평가 목록 설정 팝업 열림
[2022-10-12 21:59:33.390][I][AutoBaseFunction.py(wrapper):15] __main__ : show_setup_TestList 실행 종료
[2022-10-12 21:59:35.050][I][AutoBaseFunction.py(wrapper):10] SubWindow.Setup_TestList : closeEvent 실행 시작
[2022-10-12 21:59:35.050][I][AutoBaseFunction.py(wrapper):11] Parameter : <PyQt5.QtGui.QCloseEvent object at 0x0000024CCFD1D310>
[2022-10-12 21:59:35.051][I][Setup_TestList.py(closeEvent):99] 필드 설정 팝업 취소 버튼 선택
[2022-10-12 21:59:35.052][I][MainWindow.py(tl_emit):317] 평가 목록 설정 팝업 닫힘으로 메인창 활성화
[2022-10-12 21:59:35.052][I][AutoBaseFunction.py(wrapper):15] SubWindow.Setup_TestList : closeEvent 실행 종료
[2022-10-12 21:59:37.929][I][AutoBaseFunction.py(wrapper):10] __main__ : show_imgList 실행 시작
[2022-10-12 21:59:37.929][I][AutoBaseFunction.py(wrapper):11] Parameter : 독일어, D:/new, False
[2022-10-12 21:59:37.929][I][MainWindow.py(show_imgList):590] 이미지 리스트 불러옴, 선택된 언어:독일어, 경로:D:/new
[2022-10-12 21:59:37.983][I][MainWindow.py(show_imgList):629] self.result:{0: {'이미지': 'D:/new\\111.png', '이미지 깨짐': '', '1': '', '3': '', '5': '', '4': '', '버전 정보': ''}, 1: {'이미지': 'D:/new\\cat.jpg', '이미지 깨짐': '', '1': '', '3': '', '5': '', '4': '', '버전 정보': ''}, 2: {'이미지': 'D:/new\\dog.jpg', '이미지 깨짐': '', '1': '', '3': '', '5': '', '4': '', '버전 정보': ''}, 3: {'이미지': 'D:/new\\elephant.jpg', '이미지 깨짐': '', '1': '', '3': '', '5': '', '4': '', '버전 정보': ''}, 4: {'이미지': 'D:/new\\fox.jpg', '이미지 깨짐': '', '1': '', '3': '', '5': '', '4': '', '버전 정보': ''}, 5: {'이미지': 'D:/new\\icon.png', '이미지 깨짐': '', '1': '', '3': '', '5': '', '4': '', '버전 정보': ''}, 6: {'이미지': 'D:/new\\modim1.png', '이미지 깨짐': '', '1': '', '3': '', '5': '', '4': '', '버전 정보': ''}, 7: {'이미지': 'D:/new\\rabbit.jpg', '이미지 깨짐': '', '1': '', '3': '', '5': '', '4': '', '버전 정보': ''}, 8: {'이미지': 'D:/new\\tiger.jpg', '이미지 깨짐': '', '1': '', '3': '', '5': '', '4': '', '버전 정보': ''}}
[2022-10-12 21:59:37.984][I][MainWindow.py(qbutton_clicked):480] statusbar에 이미지명 표시111.png
[2022-10-12 21:59:38.030][I][MainWindow.py(qbutton_clicked):487] 우측에 이미지 표시:D:/new\111.png
[2022-10-12 21:59:38.031][I][MainWindow.py(set_color):441] 이전 버튼 색상 초기화:rgb(225, 225, 225)
[2022-10-12 21:59:38.032][I][MainWindow.py(set_color):443] 현재 버튼 색상: 보라색,rgb(147, 112, 219)
[2022-10-12 21:59:38.032][I][MainWindow.py(set_color):453] 색상처리를 위한 변수 result_count:{'pre_idx': [''], 'idx': ['']}, pre_idx:0, idx:0
[2022-10-12 21:59:38.032][I][MainWindow.py(set_color):472] 이전 버튼에 대한 색상 처리 완료
[2022-10-12 21:59:38.033][I][MainWindow.py(show_imgList):633] 이미지 불러온 후 첫번째 버튼 클릭
[2022-10-12 21:59:38.033][I][AutoBaseFunction.py(wrapper):15] __main__ : show_imgList 실행 종료
