[2022-10-19 19:27:40.840][D][LogManager.py(Init):12] LogManager Init function called !!!
[2022-10-19 19:27:40.925][I][AutoBaseFunction.py(wrapper):11] __main__ : setupUi 실행 시작
[2022-10-19 19:27:40.926][I][AutoBaseFunction.py(wrapper):12] Parameter : 
[2022-10-19 19:27:40.932][I][AutoBaseFunction.py(wrapper):11] __main__ : set_field_gridLayout 실행 시작
[2022-10-19 19:27:40.933][I][AutoBaseFunction.py(wrapper):12] Parameter : 
[2022-10-19 19:27:40.956][I][AutoBaseFunction.py(wrapper):16] __main__ : set_field_gridLayout 실행 종료
[2022-10-19 19:27:40.958][I][AutoBaseFunction.py(wrapper):11] __main__ : set_testList_hboxLayout 실행 시작
[2022-10-19 19:27:40.958][I][AutoBaseFunction.py(wrapper):12] Parameter : 
[2022-10-19 19:27:41.330][I][AutoBaseFunction.py(wrapper):16] __main__ : set_testList_hboxLayout 실행 종료
[2022-10-19 19:27:41.334][I][AutoBaseFunction.py(wrapper):16] __main__ : setupUi 실행 종료
[2022-10-19 19:27:44.811][I][AutoBaseFunction.py(wrapper):11] __main__ : show_setup_Field 실행 시작
[2022-10-19 19:27:44.812][I][AutoBaseFunction.py(wrapper):12] Parameter : False
[2022-10-19 19:27:44.813][I][AutoBaseFunction.py(wrapper):11] SubWindow.Setup_Field : setupUI_Field 실행 시작
[2022-10-19 19:27:44.813][I][AutoBaseFunction.py(wrapper):12] Parameter : 
[2022-10-19 19:27:44.815][I][AutoBaseFunction.py(wrapper):11] SubWindow.Setup_Field : sl_set_slot 실행 시작
[2022-10-19 19:27:44.816][I][AutoBaseFunction.py(wrapper):12] Parameter : 
[2022-10-19 19:27:44.816][I][AutoBaseFunction.py(wrapper):16] SubWindow.Setup_Field : sl_set_slot 실행 종료
[2022-10-19 19:27:44.816][I][AutoBaseFunction.py(wrapper):16] SubWindow.Setup_Field : setupUI_Field 실행 종료
[2022-10-19 19:27:44.823][I][MainWindow.py(show_setup_Field):268] 필드 설정 팝업 열림
[2022-10-19 19:27:44.824][I][AutoBaseFunction.py(wrapper):16] __main__ : show_setup_Field 실행 종료
[2022-10-19 19:27:46.097][I][AutoBaseFunction.py(wrapper):11] SubWindow.Setup_Field : ok_Button_clicked 실행 시작
[2022-10-19 19:27:46.098][I][AutoBaseFunction.py(wrapper):12] Parameter : False
[2022-10-19 19:27:46.098][I][Setup_Field.py(ok_Button_clicked):85] 필드 설정 팝업 확인 버튼 선택
[2022-10-19 19:27:46.101][I][Setup_Field.py(ok_Button_clicked):119] 1:필드 설정 팝업에 1 추가
[2022-10-19 19:27:46.101][I][Setup_Field.py(ok_Button_clicked):119] 2:필드 설정 팝업에 2 추가
[2022-10-19 19:27:46.102][I][Setup_Field.py(ok_Button_clicked):119] 3:필드 설정 팝업에 3 추가
[2022-10-19 19:27:46.103][I][Setup_Field.py(ok_Button_clicked):119] 4:필드 설정 팝업에 5 추가
[2022-10-19 19:27:46.107][I][Setup_Field.py(ok_Button_clicked):119] 5:필드 설정 팝업에 6 추가
[2022-10-19 19:27:46.108][I][MainWindow.py(sf_emit):296] 기존 필드리스트 삭제
[2022-10-19 19:27:46.109][I][AutoBaseFunction.py(wrapper):11] __main__ : set_field_gridLayout 실행 시작
[2022-10-19 19:27:46.109][I][AutoBaseFunction.py(wrapper):12] Parameter : 
[2022-10-19 19:27:46.110][I][AutoBaseFunction.py(wrapper):16] __main__ : set_field_gridLayout 실행 종료
[2022-10-19 19:27:46.110][I][MainWindow.py(sf_emit):302] 필드리스트 갱신 완료
[2022-10-19 19:27:46.111][I][MainWindow.py(sf_emit):304] 필드 설정 팝업 닫힘으로 메인창 활성화
[2022-10-19 19:27:46.113][I][AutoBaseFunction.py(wrapper):16] SubWindow.Setup_Field : ok_Button_clicked 실행 종료
[2022-10-19 19:27:48.088][I][AutoBaseFunction.py(wrapper):11] __main__ : show_setup_Field 실행 시작
[2022-10-19 19:27:48.089][I][AutoBaseFunction.py(wrapper):12] Parameter : False
[2022-10-19 19:27:48.089][I][AutoBaseFunction.py(wrapper):11] SubWindow.Setup_Field : setupUI_Field 실행 시작
[2022-10-19 19:27:48.090][I][AutoBaseFunction.py(wrapper):12] Parameter : 
[2022-10-19 19:27:48.092][I][AutoBaseFunction.py(wrapper):11] SubWindow.Setup_Field : sl_set_slot 실행 시작
[2022-10-19 19:27:48.092][I][AutoBaseFunction.py(wrapper):12] Parameter : 
[2022-10-19 19:27:48.092][I][AutoBaseFunction.py(wrapper):16] SubWindow.Setup_Field : sl_set_slot 실행 종료
[2022-10-19 19:27:48.093][I][AutoBaseFunction.py(wrapper):16] SubWindow.Setup_Field : setupUI_Field 실행 종료
[2022-10-19 19:27:48.100][I][MainWindow.py(show_setup_Field):268] 필드 설정 팝업 열림
[2022-10-19 19:27:48.100][I][AutoBaseFunction.py(wrapper):16] __main__ : show_setup_Field 실행 종료
[2022-10-19 19:27:49.967][I][AutoBaseFunction.py(wrapper):11] SubWindow.Setup_Field : ok_Button_clicked 실행 시작
[2022-10-19 19:27:49.967][I][AutoBaseFunction.py(wrapper):12] Parameter : False
[2022-10-19 19:27:49.967][I][Setup_Field.py(ok_Button_clicked):85] 필드 설정 팝업 확인 버튼 선택
[2022-10-19 19:27:51.464][I][AutoBaseFunction.py(wrapper):16] SubWindow.Setup_Field : ok_Button_clicked 실행 종료
[2022-10-19 19:27:54.319][I][AutoBaseFunction.py(wrapper):11] SubWindow.Setup_Field : ok_Button_clicked 실행 시작
[2022-10-19 19:27:54.319][I][AutoBaseFunction.py(wrapper):12] Parameter : False
[2022-10-19 19:27:54.319][I][Setup_Field.py(ok_Button_clicked):85] 필드 설정 팝업 확인 버튼 선택
[2022-10-19 19:27:55.056][I][AutoBaseFunction.py(wrapper):16] SubWindow.Setup_Field : ok_Button_clicked 실행 종료
[2022-10-19 19:27:56.044][I][AutoBaseFunction.py(wrapper):11] SubWindow.Setup_Field : ok_Button_clicked 실행 시작
[2022-10-19 19:27:56.044][I][AutoBaseFunction.py(wrapper):12] Parameter : False
[2022-10-19 19:27:56.044][I][Setup_Field.py(ok_Button_clicked):85] 필드 설정 팝업 확인 버튼 선택
[2022-10-19 19:27:56.701][I][Setup_Field.py(ok_Button_clicked):119] 1:필드 설정 팝업에 1 추가
[2022-10-19 19:27:56.701][I][Setup_Field.py(ok_Button_clicked):119] 2:필드 설정 팝업에 2 추가
[2022-10-19 19:27:56.702][I][Setup_Field.py(ok_Button_clicked):119] 3:필드 설정 팝업에 3 추가
[2022-10-19 19:27:56.706][I][Setup_Field.py(ok_Button_clicked):119] 4:필드 설정 팝업에 5 추가
[2022-10-19 19:27:56.707][I][MainWindow.py(sf_emit):296] 기존 필드리스트 삭제
[2022-10-19 19:27:56.707][I][AutoBaseFunction.py(wrapper):11] __main__ : set_field_gridLayout 실행 시작
[2022-10-19 19:27:56.707][I][AutoBaseFunction.py(wrapper):12] Parameter : 
[2022-10-19 19:27:56.708][I][AutoBaseFunction.py(wrapper):16] __main__ : set_field_gridLayout 실행 종료
[2022-10-19 19:27:56.708][I][MainWindow.py(sf_emit):302] 필드리스트 갱신 완료
[2022-10-19 19:27:56.709][I][MainWindow.py(sf_emit):304] 필드 설정 팝업 닫힘으로 메인창 활성화
[2022-10-19 19:27:56.714][I][AutoBaseFunction.py(wrapper):16] SubWindow.Setup_Field : ok_Button_clicked 실행 종료
[2022-10-19 19:28:01.468][I][AutoBaseFunction.py(wrapper):11] __main__ : show_setup_Field 실행 시작
[2022-10-19 19:28:01.469][I][AutoBaseFunction.py(wrapper):12] Parameter : False
[2022-10-19 19:28:01.469][I][AutoBaseFunction.py(wrapper):11] SubWindow.Setup_Field : setupUI_Field 실행 시작
[2022-10-19 19:28:01.469][I][AutoBaseFunction.py(wrapper):12] Parameter : 
[2022-10-19 19:28:01.471][I][AutoBaseFunction.py(wrapper):11] SubWindow.Setup_Field : sl_set_slot 실행 시작
[2022-10-19 19:28:01.472][I][AutoBaseFunction.py(wrapper):12] Parameter : 
[2022-10-19 19:28:01.472][I][AutoBaseFunction.py(wrapper):16] SubWindow.Setup_Field : sl_set_slot 실행 종료
[2022-10-19 19:28:01.472][I][AutoBaseFunction.py(wrapper):16] SubWindow.Setup_Field : setupUI_Field 실행 종료
[2022-10-19 19:28:01.478][I][MainWindow.py(show_setup_Field):268] 필드 설정 팝업 열림
[2022-10-19 19:28:01.479][I][AutoBaseFunction.py(wrapper):16] __main__ : show_setup_Field 실행 종료
[2022-10-19 19:28:02.542][I][AutoBaseFunction.py(wrapper):11] SubWindow.Setup_Field : closeEvent 실행 시작
[2022-10-19 19:28:02.543][I][AutoBaseFunction.py(wrapper):12] Parameter : <PyQt5.QtGui.QCloseEvent object at 0x000002759DBA5AF0>
[2022-10-19 19:28:02.543][I][Setup_Field.py(closeEvent):129] 필드 설정 팝업 취소 버튼 선택
[2022-10-19 19:28:02.545][I][MainWindow.py(sf_emit):304] 필드 설정 팝업 닫힘으로 메인창 활성화
[2022-10-19 19:28:02.545][I][AutoBaseFunction.py(wrapper):16] SubWindow.Setup_Field : closeEvent 실행 종료
[2022-10-19 19:28:03.390][I][AutoBaseFunction.py(wrapper):11] __main__ : closeEvent 실행 시작
[2022-10-19 19:28:03.391][I][AutoBaseFunction.py(wrapper):12] Parameter : <PyQt5.QtGui.QCloseEvent object at 0x000002759DBA5AF0>
[2022-10-19 19:28:03.394][I][AutoBaseFunction.py(wrapper):16] __main__ : closeEvent 실행 종료
