[2022-10-11 16:13:51.206][D][LogManager.py(Init):12] LogManager Init function called !!!
[2022-10-11 16:13:51.219][I][AutoBaseFunction.py(wrapper):10] __main__ : setupUI_Language 실행 시작
[2022-10-11 16:13:51.220][I][AutoBaseFunction.py(wrapper):11] Parameter : 
[2022-10-11 16:13:51.223][I][AutoBaseFunction.py(wrapper):10] __main__ : setLang_Button 실행 시작
[2022-10-11 16:13:51.224][I][AutoBaseFunction.py(wrapper):11] Parameter : 
[2022-10-11 16:13:51.506][I][AutoBaseFunction.py(wrapper):17] __main__ : setLang_Button 실행 종료
[2022-10-11 16:13:51.506][I][AutoBaseFunction.py(wrapper):10] __main__ : sl_set_slot 실행 시작
[2022-10-11 16:13:51.506][I][AutoBaseFunction.py(wrapper):11] Parameter : 
[2022-10-11 16:13:51.508][I][AutoBaseFunction.py(wrapper):17] __main__ : sl_set_slot 실행 종료
[2022-10-11 16:13:51.508][I][AutoBaseFunction.py(wrapper):17] __main__ : setupUI_Language 실행 종료
[2022-10-11 16:13:53.823][I][AutoBaseFunction.py(wrapper):10] __main__ : keyPressEvent 실행 시작
[2022-10-11 16:13:53.824][I][AutoBaseFunction.py(wrapper):11] Parameter : <PyQt5.QtGui.QKeyEvent object at 0x00000157AC7979D8>
[2022-10-11 16:13:53.827][I][AutoBaseFunction.py(wrapper):10] __main__ : closeEvent 실행 시작
[2022-10-11 16:13:53.829][I][AutoBaseFunction.py(wrapper):11] Parameter : <PyQt5.QtGui.QCloseEvent object at 0x00000157AC797A68>
[2022-10-11 16:13:56.671][I][AutoBaseFunction.py(wrapper):17] __main__ : closeEvent 실행 종료
[2022-10-11 16:13:56.671][I][AutoBaseFunction.py(wrapper):17] __main__ : keyPressEvent 실행 종료
[2022-10-11 16:13:59.228][I][AutoBaseFunction.py(wrapper):10] __main__ : keyPressEvent 실행 시작
[2022-10-11 16:13:59.229][I][AutoBaseFunction.py(wrapper):11] Parameter : <PyQt5.QtGui.QKeyEvent object at 0x00000157AC7979D8>
[2022-10-11 16:13:59.231][I][AutoBaseFunction.py(wrapper):10] __main__ : closeEvent 실행 시작
[2022-10-11 16:13:59.232][I][AutoBaseFunction.py(wrapper):11] Parameter : <PyQt5.QtGui.QCloseEvent object at 0x00000157AC797A68>
[2022-10-11 16:14:00.974][I][AutoBaseFunction.py(wrapper):17] __main__ : closeEvent 실행 종료
[2022-10-11 16:14:00.981][I][AutoBaseFunction.py(wrapper):17] __main__ : keyPressEvent 실행 종료
