[2022-10-11 15:52:51.941][D][LogManager.py(Init):12] LogManager Init function called !!!
[2022-10-11 15:52:51.969][I][AutoBaseFunction.py(wrapper):10] __main__ : setupUi 실행 시작
[2022-10-11 15:52:51.969][I][AutoBaseFunction.py(wrapper):11] Parameter : 
[2022-10-11 15:52:51.974][I][AutoBaseFunction.py(wrapper):10] __main__ : set_field_gridLayout 실행 시작
[2022-10-11 15:52:51.974][I][AutoBaseFunction.py(wrapper):11] Parameter : 
[2022-10-11 15:52:52.002][I][AutoBaseFunction.py(wrapper):17] __main__ : set_field_gridLayout 실행 종료
[2022-10-11 15:52:52.003][I][AutoBaseFunction.py(wrapper):10] __main__ : set_testList_hboxLayout 실행 시작
[2022-10-11 15:52:52.003][I][AutoBaseFunction.py(wrapper):11] Parameter : 
[2022-10-11 15:52:52.006][I][AutoBaseFunction.py(wrapper):17] __main__ : set_testList_hboxLayout 실행 종료
[2022-10-11 15:52:52.248][I][AutoBaseFunction.py(wrapper):17] __main__ : setupUi 실행 종료
[2022-10-11 15:52:56.276][I][AutoBaseFunction.py(wrapper):10] __main__ : show_setup_Language 실행 시작
[2022-10-11 15:52:56.276][I][AutoBaseFunction.py(wrapper):11] Parameter : False
[2022-10-11 15:52:56.278][I][AutoBaseFunction.py(wrapper):10] SubWindow.Setup_Language : setupUI_Language 실행 시작
[2022-10-11 15:52:56.278][I][AutoBaseFunction.py(wrapper):11] Parameter : 
[2022-10-11 15:52:56.279][I][AutoBaseFunction.py(wrapper):10] SubWindow.Setup_Language : setLang_Button 실행 시작
[2022-10-11 15:52:56.279][I][AutoBaseFunction.py(wrapper):11] Parameter : 
[2022-10-11 15:52:56.283][I][AutoBaseFunction.py(wrapper):17] SubWindow.Setup_Language : setLang_Button 실행 종료
[2022-10-11 15:52:56.283][I][AutoBaseFunction.py(wrapper):10] SubWindow.Setup_Language : sl_set_slot 실행 시작
[2022-10-11 15:52:56.283][I][AutoBaseFunction.py(wrapper):11] Parameter : 
[2022-10-11 15:52:56.284][I][AutoBaseFunction.py(wrapper):17] SubWindow.Setup_Language : sl_set_slot 실행 종료
[2022-10-11 15:52:56.284][I][AutoBaseFunction.py(wrapper):17] SubWindow.Setup_Language : setupUI_Language 실행 종료
[2022-10-11 15:52:56.313][I][AutoBaseFunction.py(wrapper):17] __main__ : show_setup_Language 실행 종료
[2022-10-11 15:52:57.803][I][AutoBaseFunction.py(wrapper):10] SubWindow.Setup_Language : ok_Button_clicked 실행 시작
[2022-10-11 15:52:57.804][I][AutoBaseFunction.py(wrapper):11] Parameter : False
