[2022-10-19 23:07:18.566][D][LogManager.py(Init):12] LogManager Init function called !!!
[2022-10-19 23:07:18.661][I][AutoBaseFunction.py(wrapper):11] __main__ : setupUi 실행 시작
[2022-10-19 23:07:18.661][I][AutoBaseFunction.py(wrapper):12] Parameter : 
[2022-10-19 23:07:18.667][I][AutoBaseFunction.py(wrapper):11] __main__ : set_field_gridLayout 실행 시작
[2022-10-19 23:07:18.667][I][AutoBaseFunction.py(wrapper):12] Parameter : 
[2022-10-19 23:07:18.691][I][AutoBaseFunction.py(wrapper):16] __main__ : set_field_gridLayout 실행 종료
[2022-10-19 23:07:18.693][I][AutoBaseFunction.py(wrapper):11] __main__ : set_testList_hboxLayout 실행 시작
[2022-10-19 23:07:18.693][I][AutoBaseFunction.py(wrapper):12] Parameter : 
[2022-10-19 23:07:19.059][I][AutoBaseFunction.py(wrapper):16] __main__ : set_testList_hboxLayout 실행 종료
[2022-10-19 23:07:19.064][I][AutoBaseFunction.py(wrapper):16] __main__ : setupUi 실행 종료
[2022-10-19 23:07:21.109][I][AutoBaseFunction.py(wrapper):11] __main__ : show_setup_Field 실행 시작
[2022-10-19 23:07:21.109][I][AutoBaseFunction.py(wrapper):12] Parameter : False
[2022-10-19 23:07:21.110][I][AutoBaseFunction.py(wrapper):11] SubWindow.Setup_Field : setupUI_Field 실행 시작
[2022-10-19 23:07:21.111][I][AutoBaseFunction.py(wrapper):12] Parameter : 
[2022-10-19 23:07:21.113][I][AutoBaseFunction.py(wrapper):11] SubWindow.Setup_Field : sl_set_slot 실행 시작
[2022-10-19 23:07:21.113][I][AutoBaseFunction.py(wrapper):12] Parameter : 
[2022-10-19 23:07:21.113][I][AutoBaseFunction.py(wrapper):16] SubWindow.Setup_Field : sl_set_slot 실행 종료
[2022-10-19 23:07:21.114][I][AutoBaseFunction.py(wrapper):16] SubWindow.Setup_Field : setupUI_Field 실행 종료
[2022-10-19 23:07:21.121][I][MainWindow.py(show_setup_Field):268] 필드 설정 팝업 열림
[2022-10-19 23:07:21.122][I][AutoBaseFunction.py(wrapper):16] __main__ : show_setup_Field 실행 종료
[2022-10-19 23:07:23.730][I][AutoBaseFunction.py(wrapper):11] SubWindow.Setup_Field : keyPressEvent 실행 시작
[2022-10-19 23:07:23.730][I][AutoBaseFunction.py(wrapper):12] Parameter : <PyQt5.QtGui.QKeyEvent object at 0x000001FC4446F1F0>
[2022-10-19 23:07:23.731][I][AutoBaseFunction.py(wrapper):11] SubWindow.Setup_Field : ok_Button_clicked 실행 시작
[2022-10-19 23:07:23.731][I][AutoBaseFunction.py(wrapper):12] Parameter : None
[2022-10-19 23:07:23.732][I][Setup_Field.py(ok_Button_clicked):83] 필드 설정 팝업 확인 버튼 선택
[2022-10-19 23:07:37.521][I][Setup_Field.py(ok_Button_clicked):126] 평가결과 저장 query:CREATE TABLE 'BACKUP' ('이미지' TEXT,'sdga' TEXT,'3gdsaas' TEXT,'gads' TEXT,'sdgagdsa' TEXT,'aaa' TEXT,'11' TEXT,'1' TEXT,'2' TEXT,'3' TEXT,'버전정보' TEXT)
