[2022-10-11 16:55:33.714][D][LogManager.py(Init):12] LogManager Init function called !!!
[2022-10-11 16:55:33.740][I][AutoBaseFunction.py(wrapper):10] __main__ : setupUi 실행 시작
[2022-10-11 16:55:33.741][I][AutoBaseFunction.py(wrapper):11] Parameter : 
[2022-10-11 16:55:33.746][I][AutoBaseFunction.py(wrapper):10] __main__ : set_field_gridLayout 실행 시작
[2022-10-11 16:55:33.746][I][AutoBaseFunction.py(wrapper):11] Parameter : 
[2022-10-11 16:55:33.775][I][AutoBaseFunction.py(wrapper):17] __main__ : set_field_gridLayout 실행 종료
[2022-10-11 16:55:33.776][I][AutoBaseFunction.py(wrapper):10] __main__ : set_testList_hboxLayout 실행 시작
[2022-10-11 16:55:33.776][I][AutoBaseFunction.py(wrapper):11] Parameter : 
[2022-10-11 16:55:33.779][I][AutoBaseFunction.py(wrapper):17] __main__ : set_testList_hboxLayout 실행 종료
[2022-10-11 16:55:34.010][I][AutoBaseFunction.py(wrapper):17] __main__ : setupUi 실행 종료
[2022-10-11 16:55:35.486][I][AutoBaseFunction.py(wrapper):10] __main__ : show_setup_Language 실행 시작
[2022-10-11 16:55:35.486][I][AutoBaseFunction.py(wrapper):11] Parameter : False
[2022-10-11 16:55:35.487][I][AutoBaseFunction.py(wrapper):10] SubWindow.Setup_Language : setupUI_Language 실행 시작
[2022-10-11 16:55:35.487][I][AutoBaseFunction.py(wrapper):11] Parameter : 
[2022-10-11 16:55:35.488][I][AutoBaseFunction.py(wrapper):10] SubWindow.Setup_Language : setLang_Button 실행 시작
[2022-10-11 16:55:35.489][I][AutoBaseFunction.py(wrapper):11] Parameter : 
[2022-10-11 16:55:35.491][I][Setup_Language.py(setLang_Button):95] ['중국어', '중국어어', 'sdf'], ['D:/Skillup/new/img', 'D:/Skillup/new/국내_표5', 'asdg'] 기준으로 창에 표시하기 시작
[2022-10-11 16:55:35.492][I][Setup_Language.py(addLang_Button_clicked):145] 중국어, D:/Skillup/new/img 추가됨
[2022-10-11 16:55:35.492][I][Setup_Language.py(addLang_Button_clicked):145] 중국어어, D:/Skillup/new/국내_표5 추가됨
[2022-10-11 16:55:35.493][I][Setup_Language.py(addLang_Button_clicked):145] sdf, asdg 추가됨
[2022-10-11 16:55:35.493][I][Setup_Language.py(setLang_Button):99] ['중국어', '중국어어', 'sdf'], ['D:/Skillup/new/img', 'D:/Skillup/new/국내_표5', 'asdg'] 기준으로 창에 표시 완료
[2022-10-11 16:55:35.493][I][AutoBaseFunction.py(wrapper):17] SubWindow.Setup_Language : setLang_Button 실행 종료
[2022-10-11 16:55:35.494][I][AutoBaseFunction.py(wrapper):10] SubWindow.Setup_Language : sl_set_slot 실행 시작
[2022-10-11 16:55:35.494][I][AutoBaseFunction.py(wrapper):11] Parameter : 
[2022-10-11 16:55:35.494][I][AutoBaseFunction.py(wrapper):17] SubWindow.Setup_Language : sl_set_slot 실행 종료
[2022-10-11 16:55:35.495][I][AutoBaseFunction.py(wrapper):17] SubWindow.Setup_Language : setupUI_Language 실행 종료
[2022-10-11 16:55:35.500][I][MainWindow.py(show_setup_Language):251] 언어 설정 팝업 열림
[2022-10-11 16:55:35.501][I][AutoBaseFunction.py(wrapper):17] __main__ : show_setup_Language 실행 종료
[2022-10-11 16:55:40.459][I][AutoBaseFunction.py(wrapper):10] SubWindow.Setup_Language : ok_Button_clicked 실행 시작
[2022-10-11 16:55:40.460][I][AutoBaseFunction.py(wrapper):11] Parameter : False
[2022-10-11 16:55:40.465][I][MainWindow.py(sl_emit):256] 퀵메뉴 clear
[2022-10-11 16:55:40.465][I][MainWindow.py(sl_emit):261] 퀵메뉴 갱신 완료
[2022-10-11 16:55:40.469][I][AutoBaseFunction.py(wrapper):17] SubWindow.Setup_Language : ok_Button_clicked 실행 종료
[2022-10-11 16:55:41.989][I][AutoBaseFunction.py(wrapper):10] __main__ : show_setup_Language 실행 시작
[2022-10-11 16:55:41.990][I][AutoBaseFunction.py(wrapper):11] Parameter : False
[2022-10-11 16:55:41.991][I][AutoBaseFunction.py(wrapper):10] SubWindow.Setup_Language : setupUI_Language 실행 시작
[2022-10-11 16:55:41.991][I][AutoBaseFunction.py(wrapper):11] Parameter : 
[2022-10-11 16:55:41.992][I][AutoBaseFunction.py(wrapper):10] SubWindow.Setup_Language : setLang_Button 실행 시작
[2022-10-11 16:55:41.992][I][AutoBaseFunction.py(wrapper):11] Parameter : 
[2022-10-11 16:55:41.995][I][Setup_Language.py(setLang_Button):95] ['중국어', '중국어어', '11'], ['D:/Skillup/new/img', 'D:/Skillup/new/국내_표5', 'asdg22'] 기준으로 창에 표시하기 시작
[2022-10-11 16:55:41.996][I][Setup_Language.py(addLang_Button_clicked):145] 중국어, D:/Skillup/new/img 추가됨
[2022-10-11 16:55:41.997][I][Setup_Language.py(addLang_Button_clicked):145] 중국어어, D:/Skillup/new/국내_표5 추가됨
[2022-10-11 16:55:41.997][I][Setup_Language.py(addLang_Button_clicked):145] 11, asdg22 추가됨
[2022-10-11 16:55:41.998][I][Setup_Language.py(setLang_Button):99] ['중국어', '중국어어', '11'], ['D:/Skillup/new/img', 'D:/Skillup/new/국내_표5', 'asdg22'] 기준으로 창에 표시 완료
[2022-10-11 16:55:41.998][I][AutoBaseFunction.py(wrapper):17] SubWindow.Setup_Language : setLang_Button 실행 종료
[2022-10-11 16:55:41.998][I][AutoBaseFunction.py(wrapper):10] SubWindow.Setup_Language : sl_set_slot 실행 시작
[2022-10-11 16:55:41.998][I][AutoBaseFunction.py(wrapper):11] Parameter : 
[2022-10-11 16:55:41.999][I][AutoBaseFunction.py(wrapper):17] SubWindow.Setup_Language : sl_set_slot 실행 종료
[2022-10-11 16:55:41.999][I][AutoBaseFunction.py(wrapper):17] SubWindow.Setup_Language : setupUI_Language 실행 종료
[2022-10-11 16:55:42.004][I][MainWindow.py(show_setup_Language):251] 언어 설정 팝업 열림
[2022-10-11 16:55:42.004][I][AutoBaseFunction.py(wrapper):17] __main__ : show_setup_Language 실행 종료
[2022-10-11 16:55:42.989][I][AutoBaseFunction.py(wrapper):10] SubWindow.Setup_Language : keyPressEvent 실행 시작
[2022-10-11 16:55:42.990][I][AutoBaseFunction.py(wrapper):11] Parameter : <PyQt5.QtGui.QKeyEvent object at 0x0000018EA8A99558>
[2022-10-11 16:55:42.993][I][AutoBaseFunction.py(wrapper):10] SubWindow.Setup_Language : closeEvent 실행 시작
[2022-10-11 16:55:42.995][I][AutoBaseFunction.py(wrapper):11] Parameter : <PyQt5.QtGui.QCloseEvent object at 0x0000018EA8A995E8>
[2022-10-11 16:55:43.000][I][AutoBaseFunction.py(wrapper):17] SubWindow.Setup_Language : closeEvent 실행 종료
[2022-10-11 16:55:43.004][I][AutoBaseFunction.py(wrapper):17] SubWindow.Setup_Language : keyPressEvent 실행 종료
[2022-10-11 16:55:44.661][I][AutoBaseFunction.py(wrapper):10] __main__ : show_setup_Language 실행 시작
[2022-10-11 16:55:44.661][I][AutoBaseFunction.py(wrapper):11] Parameter : False
[2022-10-11 16:55:44.662][I][AutoBaseFunction.py(wrapper):10] SubWindow.Setup_Language : setupUI_Language 실행 시작
[2022-10-11 16:55:44.663][I][AutoBaseFunction.py(wrapper):11] Parameter : 
[2022-10-11 16:55:44.663][I][AutoBaseFunction.py(wrapper):10] SubWindow.Setup_Language : setLang_Button 실행 시작
[2022-10-11 16:55:44.664][I][AutoBaseFunction.py(wrapper):11] Parameter : 
[2022-10-11 16:55:44.666][I][Setup_Language.py(setLang_Button):95] ['중국어', '중국어어', '11'], ['D:/Skillup/new/img', 'D:/Skillup/new/국내_표5', 'asdg22'] 기준으로 창에 표시하기 시작
[2022-10-11 16:55:44.666][I][Setup_Language.py(addLang_Button_clicked):145] 중국어, D:/Skillup/new/img 추가됨
[2022-10-11 16:55:44.668][I][Setup_Language.py(addLang_Button_clicked):145] 중국어어, D:/Skillup/new/국내_표5 추가됨
[2022-10-11 16:55:44.668][I][Setup_Language.py(addLang_Button_clicked):145] 11, asdg22 추가됨
[2022-10-11 16:55:44.668][I][Setup_Language.py(setLang_Button):99] ['중국어', '중국어어', '11'], ['D:/Skillup/new/img', 'D:/Skillup/new/국내_표5', 'asdg22'] 기준으로 창에 표시 완료
[2022-10-11 16:55:44.669][I][AutoBaseFunction.py(wrapper):17] SubWindow.Setup_Language : setLang_Button 실행 종료
[2022-10-11 16:55:44.669][I][AutoBaseFunction.py(wrapper):10] SubWindow.Setup_Language : sl_set_slot 실행 시작
[2022-10-11 16:55:44.669][I][AutoBaseFunction.py(wrapper):11] Parameter : 
[2022-10-11 16:55:44.670][I][AutoBaseFunction.py(wrapper):17] SubWindow.Setup_Language : sl_set_slot 실행 종료
[2022-10-11 16:55:44.670][I][AutoBaseFunction.py(wrapper):17] SubWindow.Setup_Language : setupUI_Language 실행 종료
[2022-10-11 16:55:44.677][I][MainWindow.py(show_setup_Language):251] 언어 설정 팝업 열림
[2022-10-11 16:55:44.678][I][AutoBaseFunction.py(wrapper):17] __main__ : show_setup_Language 실행 종료
[2022-10-11 16:55:47.446][I][Setup_Language.py(addLang_Button_clicked):145] ,  추가됨
[2022-10-11 16:55:48.316][I][AutoBaseFunction.py(wrapper):10] SubWindow.Setup_Language : ok_Button_clicked 실행 시작
[2022-10-11 16:55:48.317][I][AutoBaseFunction.py(wrapper):11] Parameter : False
[2022-10-11 16:55:49.687][I][AutoBaseFunction.py(wrapper):17] SubWindow.Setup_Language : ok_Button_clicked 실행 종료
[2022-10-11 16:55:55.571][I][AutoBaseFunction.py(wrapper):10] SubWindow.Setup_Language : ok_Button_clicked 실행 시작
[2022-10-11 16:55:55.572][I][AutoBaseFunction.py(wrapper):11] Parameter : False
[2022-10-11 16:55:56.464][I][AutoBaseFunction.py(wrapper):17] SubWindow.Setup_Language : ok_Button_clicked 실행 종료
[2022-10-11 16:56:00.124][I][AutoBaseFunction.py(wrapper):10] SubWindow.Setup_Language : closeEvent 실행 시작
[2022-10-11 16:56:00.125][I][AutoBaseFunction.py(wrapper):11] Parameter : <PyQt5.QtGui.QCloseEvent object at 0x0000018EA8A9E708>
[2022-10-11 16:56:01.096][I][AutoBaseFunction.py(wrapper):17] SubWindow.Setup_Language : closeEvent 실행 종료
[2022-10-11 16:56:08.244][I][AutoBaseFunction.py(wrapper):10] SubWindow.Setup_Language : closeEvent 실행 시작
[2022-10-11 16:56:08.244][I][AutoBaseFunction.py(wrapper):11] Parameter : <PyQt5.QtGui.QCloseEvent object at 0x0000018EA8A9E708>
[2022-10-11 16:56:09.105][I][AutoBaseFunction.py(wrapper):17] SubWindow.Setup_Language : closeEvent 실행 종료
[2022-10-11 16:56:41.460][I][AutoBaseFunction.py(wrapper):10] SubWindow.Setup_Language : closeEvent 실행 시작
[2022-10-11 16:56:41.461][I][AutoBaseFunction.py(wrapper):11] Parameter : <PyQt5.QtGui.QCloseEvent object at 0x0000018EA8A9E708>
[2022-10-11 16:56:46.383][I][AutoBaseFunction.py(wrapper):17] SubWindow.Setup_Language : closeEvent 실행 종료
[2022-10-11 16:56:53.634][I][AutoBaseFunction.py(wrapper):10] SubWindow.Setup_Language : closeEvent 실행 시작
[2022-10-11 16:56:53.636][I][AutoBaseFunction.py(wrapper):11] Parameter : <PyQt5.QtGui.QCloseEvent object at 0x0000018EA8A9E708>
