[2022-10-12 22:01:45.987][D][LogManager.py(Init):12] LogManager Init function called !!!
[2022-10-12 22:01:46.072][I][AutoBaseFunction.py(wrapper):10] __main__ : setupUi 실행 시작
[2022-10-12 22:01:46.073][I][AutoBaseFunction.py(wrapper):11] Parameter : 
[2022-10-12 22:01:46.081][I][AutoBaseFunction.py(wrapper):10] __main__ : set_field_gridLayout 실행 시작
[2022-10-12 22:01:46.081][I][AutoBaseFunction.py(wrapper):11] Parameter : 
[2022-10-12 22:01:46.104][I][AutoBaseFunction.py(wrapper):15] __main__ : set_field_gridLayout 실행 종료
[2022-10-12 22:01:46.106][I][AutoBaseFunction.py(wrapper):10] __main__ : set_testList_hboxLayout 실행 시작
[2022-10-12 22:01:46.106][I][AutoBaseFunction.py(wrapper):11] Parameter : 
[2022-10-12 22:01:46.478][I][AutoBaseFunction.py(wrapper):15] __main__ : set_testList_hboxLayout 실행 종료
[2022-10-12 22:01:46.484][I][AutoBaseFunction.py(wrapper):15] __main__ : setupUi 실행 종료
[2022-10-12 22:01:51.027][I][AutoBaseFunction.py(wrapper):10] __main__ : show_setup_TestList 실행 시작
[2022-10-12 22:01:51.027][I][AutoBaseFunction.py(wrapper):11] Parameter : False
[2022-10-12 22:01:51.028][I][AutoBaseFunction.py(wrapper):10] SubWindow.Setup_TestList : setupUI_TestList 실행 시작
[2022-10-12 22:01:51.029][I][AutoBaseFunction.py(wrapper):11] Parameter : 
[2022-10-12 22:01:51.030][I][AutoBaseFunction.py(wrapper):10] SubWindow.Setup_TestList : tl_set_slot 실행 시작
[2022-10-12 22:01:51.030][I][AutoBaseFunction.py(wrapper):11] Parameter : 
[2022-10-12 22:01:51.031][I][AutoBaseFunction.py(wrapper):15] SubWindow.Setup_TestList : tl_set_slot 실행 종료
[2022-10-12 22:01:51.031][I][AutoBaseFunction.py(wrapper):15] SubWindow.Setup_TestList : setupUI_TestList 실행 종료
[2022-10-12 22:01:51.039][I][MainWindow.py(show_setup_TestList):281] 평가 목록 설정 팝업 열림
[2022-10-12 22:01:51.039][I][AutoBaseFunction.py(wrapper):15] __main__ : show_setup_TestList 실행 종료
[2022-10-12 22:01:53.021][I][AutoBaseFunction.py(wrapper):10] SubWindow.Setup_TestList : ok_Button_clicked 실행 시작
[2022-10-12 22:01:53.022][I][AutoBaseFunction.py(wrapper):11] Parameter : False
[2022-10-12 22:01:53.022][I][Setup_TestList.py(ok_Button_clicked):71] 평가 목록 설정 팝업 확인 버튼 선택
[2022-10-12 22:01:53.023][I][Setup_TestList.py(ok_Button_clicked):91] 1:평가 목록 팝업에 이미지 깨짐 추가
[2022-10-12 22:01:53.024][I][Setup_TestList.py(ok_Button_clicked):91] 2:평가 목록 팝업에 asdf 추가
[2022-10-12 22:01:53.024][I][MainWindow.py(tl_emit):313] 필드리스트 삭제
[2022-10-12 22:01:53.025][I][AutoBaseFunction.py(wrapper):10] __main__ : set_testList_hboxLayout 실행 시작
[2022-10-12 22:01:53.025][I][AutoBaseFunction.py(wrapper):11] Parameter : 
[2022-10-12 22:01:53.027][I][AutoBaseFunction.py(wrapper):15] __main__ : set_testList_hboxLayout 실행 종료
[2022-10-12 22:01:53.028][I][MainWindow.py(tl_emit):315] 필드리스트 갱신 완료
[2022-10-12 22:01:53.028][I][MainWindow.py(tl_emit):317] 평가 목록 설정 팝업 닫힘으로 메인창 활성화
[2022-10-12 22:01:53.031][I][AutoBaseFunction.py(wrapper):15] SubWindow.Setup_TestList : ok_Button_clicked 실행 종료
[2022-10-12 22:01:54.739][I][AutoBaseFunction.py(wrapper):10] __main__ : show_setup_TestList 실행 시작
[2022-10-12 22:01:54.739][I][AutoBaseFunction.py(wrapper):11] Parameter : False
[2022-10-12 22:01:54.740][I][AutoBaseFunction.py(wrapper):10] SubWindow.Setup_TestList : setupUI_TestList 실행 시작
[2022-10-12 22:01:54.740][I][AutoBaseFunction.py(wrapper):11] Parameter : 
[2022-10-12 22:01:54.742][I][AutoBaseFunction.py(wrapper):10] SubWindow.Setup_TestList : tl_set_slot 실행 시작
[2022-10-12 22:01:54.742][I][AutoBaseFunction.py(wrapper):11] Parameter : 
[2022-10-12 22:01:54.743][I][AutoBaseFunction.py(wrapper):15] SubWindow.Setup_TestList : tl_set_slot 실행 종료
[2022-10-12 22:01:54.743][I][AutoBaseFunction.py(wrapper):15] SubWindow.Setup_TestList : setupUI_TestList 실행 종료
[2022-10-12 22:01:54.751][I][MainWindow.py(show_setup_TestList):281] 평가 목록 설정 팝업 열림
[2022-10-12 22:01:54.752][I][AutoBaseFunction.py(wrapper):15] __main__ : show_setup_TestList 실행 종료
[2022-10-12 22:01:58.151][I][AutoBaseFunction.py(wrapper):10] SubWindow.Setup_TestList : ok_Button_clicked 실행 시작
[2022-10-12 22:01:58.151][I][AutoBaseFunction.py(wrapper):11] Parameter : False
[2022-10-12 22:01:58.152][I][Setup_TestList.py(ok_Button_clicked):71] 평가 목록 설정 팝업 확인 버튼 선택
[2022-10-12 22:01:58.153][I][Setup_TestList.py(ok_Button_clicked):91] 1:평가 목록 팝업에 이미지 깨짐 추가
[2022-10-12 22:01:58.154][I][Setup_TestList.py(ok_Button_clicked):91] 2:평가 목록 팝업에 asdf 추가
[2022-10-12 22:01:58.154][I][Setup_TestList.py(ok_Button_clicked):91] 3:평가 목록 팝업에 123421 추가
[2022-10-12 22:01:58.155][I][MainWindow.py(tl_emit):313] 필드리스트 삭제
[2022-10-12 22:01:58.155][I][AutoBaseFunction.py(wrapper):10] __main__ : set_testList_hboxLayout 실행 시작
[2022-10-12 22:01:58.155][I][AutoBaseFunction.py(wrapper):11] Parameter : 
[2022-10-12 22:01:58.157][I][AutoBaseFunction.py(wrapper):15] __main__ : set_testList_hboxLayout 실행 종료
[2022-10-12 22:01:58.158][I][MainWindow.py(tl_emit):315] 필드리스트 갱신 완료
[2022-10-12 22:01:58.159][I][MainWindow.py(tl_emit):317] 평가 목록 설정 팝업 닫힘으로 메인창 활성화
[2022-10-12 22:01:58.162][I][AutoBaseFunction.py(wrapper):15] SubWindow.Setup_TestList : ok_Button_clicked 실행 종료
[2022-10-12 22:02:00.679][I][AutoBaseFunction.py(wrapper):10] __main__ : show_imgList 실행 시작
[2022-10-12 22:02:00.680][I][AutoBaseFunction.py(wrapper):11] Parameter : 독일어, D:/new, False
[2022-10-12 22:02:00.680][I][MainWindow.py(show_imgList):594] 이미지 리스트 불러옴, 선택된 언어:독일어, 경로:D:/new
[2022-10-12 22:02:00.739][I][MainWindow.py(show_imgList):633] self.result:{0: {'이미지': 'D:/new\\111.png', '이미지 깨짐': '', 'asdf': '', '123421': '', '1': '', '3': '', '5': '', '4': '', '버전 정보': ''}, 1: {'이미지': 'D:/new\\cat.jpg', '이미지 깨짐': '', 'asdf': '', '123421': '', '1': '', '3': '', '5': '', '4': '', '버전 정보': ''}, 2: {'이미지': 'D:/new\\dog.jpg', '이미지 깨짐': '', 'asdf': '', '123421': '', '1': '', '3': '', '5': '', '4': '', '버전 정보': ''}, 3: {'이미지': 'D:/new\\elephant.jpg', '이미지 깨짐': '', 'asdf': '', '123421': '', '1': '', '3': '', '5': '', '4': '', '버전 정보': ''}, 4: {'이미지': 'D:/new\\fox.jpg', '이미지 깨짐': '', 'asdf': '', '123421': '', '1': '', '3': '', '5': '', '4': '', '버전 정보': ''}, 5: {'이미지': 'D:/new\\icon.png', '이미지 깨짐': '', 'asdf': '', '123421': '', '1': '', '3': '', '5': '', '4': '', '버전 정보': ''}, 6: {'이미지': 'D:/new\\modim1.png', '이미지 깨짐': '', 'asdf': '', '123421': '', '1': '', '3': '', '5': '', '4': '', '버전 정보': ''}, 7: {'이미지': 'D:/new\\rabbit.jpg', '이미지 깨짐': '', 'asdf': '', '123421': '', '1': '', '3': '', '5': '', '4': '', '버전 정보': ''}, 8: {'이미지': 'D:/new\\tiger.jpg', '이미지 깨짐': '', 'asdf': '', '123421': '', '1': '', '3': '', '5': '', '4': '', '버전 정보': ''}}
[2022-10-12 22:02:00.741][I][MainWindow.py(qbutton_clicked):484] statusbar에 이미지명 표시111.png
[2022-10-12 22:02:00.788][I][MainWindow.py(qbutton_clicked):491] 우측에 이미지 표시:D:/new\111.png
[2022-10-12 22:02:00.789][I][MainWindow.py(set_color):445] 이전 버튼 색상 초기화:rgb(225, 225, 225)
[2022-10-12 22:02:00.790][I][MainWindow.py(set_color):447] 현재 버튼 색상: 보라색,rgb(147, 112, 219)
[2022-10-12 22:02:00.790][I][MainWindow.py(set_color):457] 색상처리를 위한 변수 result_count:{'pre_idx': ['', '', ''], 'idx': ['', '', '']}, pre_idx:0, idx:0
[2022-10-12 22:02:00.790][I][MainWindow.py(set_color):476] 이전 버튼에 대한 색상 처리 완료
[2022-10-12 22:02:00.790][I][MainWindow.py(show_imgList):637] 이미지 불러온 후 첫번째 버튼 클릭
[2022-10-12 22:02:00.791][I][AutoBaseFunction.py(wrapper):15] __main__ : show_imgList 실행 종료
[2022-10-12 22:02:02.100][I][AutoBaseFunction.py(wrapper):10] __main__ : show_setup_TestList 실행 시작
[2022-10-12 22:02:02.101][I][AutoBaseFunction.py(wrapper):11] Parameter : False
[2022-10-12 22:02:02.102][I][AutoBaseFunction.py(wrapper):10] SubWindow.Setup_TestList : setupUI_TestList 실행 시작
[2022-10-12 22:02:02.102][I][AutoBaseFunction.py(wrapper):11] Parameter : 
[2022-10-12 22:02:02.104][I][AutoBaseFunction.py(wrapper):10] SubWindow.Setup_TestList : tl_set_slot 실행 시작
[2022-10-12 22:02:02.104][I][AutoBaseFunction.py(wrapper):11] Parameter : 
[2022-10-12 22:02:02.105][I][AutoBaseFunction.py(wrapper):15] SubWindow.Setup_TestList : tl_set_slot 실행 종료
[2022-10-12 22:02:02.105][I][AutoBaseFunction.py(wrapper):15] SubWindow.Setup_TestList : setupUI_TestList 실행 종료
[2022-10-12 22:02:02.112][I][MainWindow.py(show_setup_TestList):281] 평가 목록 설정 팝업 열림
[2022-10-12 22:02:02.112][I][AutoBaseFunction.py(wrapper):15] __main__ : show_setup_TestList 실행 종료
[2022-10-12 22:02:04.157][I][AutoBaseFunction.py(wrapper):10] SubWindow.Setup_TestList : ok_Button_clicked 실행 시작
[2022-10-12 22:02:04.158][I][AutoBaseFunction.py(wrapper):11] Parameter : False
[2022-10-12 22:02:04.158][I][Setup_TestList.py(ok_Button_clicked):71] 평가 목록 설정 팝업 확인 버튼 선택
[2022-10-12 22:02:04.159][I][Setup_TestList.py(ok_Button_clicked):91] 1:평가 목록 팝업에 이미지 깨짐 추가
[2022-10-12 22:02:04.160][I][Setup_TestList.py(ok_Button_clicked):91] 2:평가 목록 팝업에 asdf 추가
[2022-10-12 22:02:04.160][I][MainWindow.py(tl_emit):313] 필드리스트 삭제
[2022-10-12 22:02:04.161][I][AutoBaseFunction.py(wrapper):10] __main__ : set_testList_hboxLayout 실행 시작
[2022-10-12 22:02:04.161][I][AutoBaseFunction.py(wrapper):11] Parameter : 
[2022-10-12 22:02:04.163][I][AutoBaseFunction.py(wrapper):15] __main__ : set_testList_hboxLayout 실행 종료
[2022-10-12 22:02:04.163][I][MainWindow.py(tl_emit):315] 필드리스트 갱신 완료
[2022-10-12 22:02:04.164][I][MainWindow.py(tl_emit):317] 평가 목록 설정 팝업 닫힘으로 메인창 활성화
[2022-10-12 22:02:04.167][I][AutoBaseFunction.py(wrapper):15] SubWindow.Setup_TestList : ok_Button_clicked 실행 종료
[2022-10-12 22:02:05.675][I][AutoBaseFunction.py(wrapper):10] __main__ : show_setup_TestList 실행 시작
[2022-10-12 22:02:05.676][I][AutoBaseFunction.py(wrapper):11] Parameter : False
[2022-10-12 22:02:05.676][I][AutoBaseFunction.py(wrapper):10] SubWindow.Setup_TestList : setupUI_TestList 실행 시작
[2022-10-12 22:02:05.677][I][AutoBaseFunction.py(wrapper):11] Parameter : 
[2022-10-12 22:02:05.679][I][AutoBaseFunction.py(wrapper):10] SubWindow.Setup_TestList : tl_set_slot 실행 시작
[2022-10-12 22:02:05.679][I][AutoBaseFunction.py(wrapper):11] Parameter : 
[2022-10-12 22:02:05.679][I][AutoBaseFunction.py(wrapper):15] SubWindow.Setup_TestList : tl_set_slot 실행 종료
[2022-10-12 22:02:05.680][I][AutoBaseFunction.py(wrapper):15] SubWindow.Setup_TestList : setupUI_TestList 실행 종료
[2022-10-12 22:02:05.686][I][MainWindow.py(show_setup_TestList):281] 평가 목록 설정 팝업 열림
[2022-10-12 22:02:05.687][I][AutoBaseFunction.py(wrapper):15] __main__ : show_setup_TestList 실행 종료
[2022-10-12 22:02:11.814][I][AutoBaseFunction.py(wrapper):10] SubWindow.Setup_TestList : ok_Button_clicked 실행 시작
[2022-10-12 22:02:11.814][I][AutoBaseFunction.py(wrapper):11] Parameter : False
[2022-10-12 22:02:11.814][I][Setup_TestList.py(ok_Button_clicked):71] 평가 목록 설정 팝업 확인 버튼 선택
[2022-10-12 22:02:11.815][I][Setup_TestList.py(ok_Button_clicked):91] 1:평가 목록 팝업에 이미지 깨짐 추가
[2022-10-12 22:02:11.816][I][Setup_TestList.py(ok_Button_clicked):91] 2:평가 목록 팝업에 asdf 추가
[2022-10-12 22:02:11.816][I][Setup_TestList.py(ok_Button_clicked):91] 3:평가 목록 팝업에 asdfasdg 추가
[2022-10-12 22:02:11.817][I][Setup_TestList.py(ok_Button_clicked):91] 4:평가 목록 팝업에 gdsaasd 추가
[2022-10-12 22:02:11.821][I][Setup_TestList.py(ok_Button_clicked):91] 5:평가 목록 팝업에 gsda 추가
[2022-10-12 22:02:11.822][I][Setup_TestList.py(ok_Button_clicked):91] 6:평가 목록 팝업에 gdsasdd 추가
[2022-10-12 22:02:11.823][I][MainWindow.py(tl_emit):313] 필드리스트 삭제
[2022-10-12 22:02:11.823][I][AutoBaseFunction.py(wrapper):10] __main__ : set_testList_hboxLayout 실행 시작
[2022-10-12 22:02:11.824][I][AutoBaseFunction.py(wrapper):11] Parameter : 
[2022-10-12 22:02:11.827][I][AutoBaseFunction.py(wrapper):15] __main__ : set_testList_hboxLayout 실행 종료
[2022-10-12 22:02:11.828][I][MainWindow.py(tl_emit):315] 필드리스트 갱신 완료
[2022-10-12 22:02:11.828][I][MainWindow.py(tl_emit):317] 평가 목록 설정 팝업 닫힘으로 메인창 활성화
[2022-10-12 22:02:11.831][I][AutoBaseFunction.py(wrapper):15] SubWindow.Setup_TestList : ok_Button_clicked 실행 종료
[2022-10-12 22:02:14.076][I][AutoBaseFunction.py(wrapper):10] __main__ : show_setup_TestList 실행 시작
[2022-10-12 22:02:14.076][I][AutoBaseFunction.py(wrapper):11] Parameter : False
[2022-10-12 22:02:14.077][I][AutoBaseFunction.py(wrapper):10] SubWindow.Setup_TestList : setupUI_TestList 실행 시작
[2022-10-12 22:02:14.078][I][AutoBaseFunction.py(wrapper):11] Parameter : 
[2022-10-12 22:02:14.080][I][AutoBaseFunction.py(wrapper):10] SubWindow.Setup_TestList : tl_set_slot 실행 시작
[2022-10-12 22:02:14.081][I][AutoBaseFunction.py(wrapper):11] Parameter : 
[2022-10-12 22:02:14.081][I][AutoBaseFunction.py(wrapper):15] SubWindow.Setup_TestList : tl_set_slot 실행 종료
[2022-10-12 22:02:14.081][I][AutoBaseFunction.py(wrapper):15] SubWindow.Setup_TestList : setupUI_TestList 실행 종료
[2022-10-12 22:02:14.088][I][MainWindow.py(show_setup_TestList):281] 평가 목록 설정 팝업 열림
[2022-10-12 22:02:14.088][I][AutoBaseFunction.py(wrapper):15] __main__ : show_setup_TestList 실행 종료
[2022-10-12 22:02:16.957][I][AutoBaseFunction.py(wrapper):10] SubWindow.Setup_TestList : ok_Button_clicked 실행 시작
[2022-10-12 22:02:16.958][I][AutoBaseFunction.py(wrapper):11] Parameter : False
[2022-10-12 22:02:16.958][I][Setup_TestList.py(ok_Button_clicked):71] 평가 목록 설정 팝업 확인 버튼 선택
[2022-10-12 22:02:16.959][I][Setup_TestList.py(ok_Button_clicked):91] 1:평가 목록 팝업에 이미지 깨짐 추가
[2022-10-12 22:02:16.959][I][Setup_TestList.py(ok_Button_clicked):91] 2:평가 목록 팝업에 asdf 추가
[2022-10-12 22:02:16.960][I][Setup_TestList.py(ok_Button_clicked):91] 3:평가 목록 팝업에 asdfasdg 추가
[2022-10-12 22:02:16.965][I][Setup_TestList.py(ok_Button_clicked):91] 4:평가 목록 팝업에 gdsaasd 추가
[2022-10-12 22:02:16.966][I][Setup_TestList.py(ok_Button_clicked):91] 5:평가 목록 팝업에 gsda 추가
[2022-10-12 22:02:16.969][I][Setup_TestList.py(ok_Button_clicked):91] 6:평가 목록 팝업에 gdsasdd 추가
[2022-10-12 22:02:16.973][I][Setup_TestList.py(ok_Button_clicked):91] 7:평가 목록 팝업에 fasdgdsa 추가
[2022-10-12 22:02:16.973][I][Setup_TestList.py(ok_Button_clicked):91] 8:평가 목록 팝업에 asdggdsa 추가
[2022-10-12 22:02:16.974][I][MainWindow.py(tl_emit):313] 필드리스트 삭제
[2022-10-12 22:02:16.974][I][AutoBaseFunction.py(wrapper):10] __main__ : set_testList_hboxLayout 실행 시작
[2022-10-12 22:02:16.975][I][AutoBaseFunction.py(wrapper):11] Parameter : 
[2022-10-12 22:02:16.978][I][AutoBaseFunction.py(wrapper):15] __main__ : set_testList_hboxLayout 실행 종료
[2022-10-12 22:02:16.978][I][MainWindow.py(tl_emit):315] 필드리스트 갱신 완료
[2022-10-12 22:02:16.979][I][MainWindow.py(tl_emit):317] 평가 목록 설정 팝업 닫힘으로 메인창 활성화
[2022-10-12 22:02:16.981][I][AutoBaseFunction.py(wrapper):15] SubWindow.Setup_TestList : ok_Button_clicked 실행 종료
[2022-10-12 22:02:18.027][I][AutoBaseFunction.py(wrapper):10] __main__ : show_setup_TestList 실행 시작
[2022-10-12 22:02:18.027][I][AutoBaseFunction.py(wrapper):11] Parameter : False
[2022-10-12 22:02:18.028][I][AutoBaseFunction.py(wrapper):10] SubWindow.Setup_TestList : setupUI_TestList 실행 시작
[2022-10-12 22:02:18.029][I][AutoBaseFunction.py(wrapper):11] Parameter : 
[2022-10-12 22:02:18.032][I][AutoBaseFunction.py(wrapper):10] SubWindow.Setup_TestList : tl_set_slot 실행 시작
[2022-10-12 22:02:18.033][I][AutoBaseFunction.py(wrapper):11] Parameter : 
[2022-10-12 22:02:18.033][I][AutoBaseFunction.py(wrapper):15] SubWindow.Setup_TestList : tl_set_slot 실행 종료
[2022-10-12 22:02:18.033][I][AutoBaseFunction.py(wrapper):15] SubWindow.Setup_TestList : setupUI_TestList 실행 종료
[2022-10-12 22:02:18.041][I][MainWindow.py(show_setup_TestList):281] 평가 목록 설정 팝업 열림
[2022-10-12 22:02:18.042][I][AutoBaseFunction.py(wrapper):15] __main__ : show_setup_TestList 실행 종료
[2022-10-12 22:02:23.101][I][AutoBaseFunction.py(wrapper):10] SubWindow.Setup_TestList : ok_Button_clicked 실행 시작
[2022-10-12 22:02:23.101][I][AutoBaseFunction.py(wrapper):11] Parameter : False
[2022-10-12 22:02:23.102][I][Setup_TestList.py(ok_Button_clicked):71] 평가 목록 설정 팝업 확인 버튼 선택
[2022-10-12 22:02:23.102][I][Setup_TestList.py(ok_Button_clicked):91] 1:평가 목록 팝업에 이미지 깨짐 추가
[2022-10-12 22:02:23.103][I][Setup_TestList.py(ok_Button_clicked):91] 2:평가 목록 팝업에 asdf 추가
[2022-10-12 22:02:23.104][I][Setup_TestList.py(ok_Button_clicked):91] 6:평가 목록 팝업에 gdsasdd 추가
[2022-10-12 22:02:23.105][I][Setup_TestList.py(ok_Button_clicked):91] 7:평가 목록 팝업에 fasdgdsa 추가
[2022-10-12 22:02:23.105][I][MainWindow.py(tl_emit):313] 필드리스트 삭제
[2022-10-12 22:02:23.105][I][AutoBaseFunction.py(wrapper):10] __main__ : set_testList_hboxLayout 실행 시작
[2022-10-12 22:02:23.106][I][AutoBaseFunction.py(wrapper):11] Parameter : 
[2022-10-12 22:02:23.108][I][AutoBaseFunction.py(wrapper):15] __main__ : set_testList_hboxLayout 실행 종료
[2022-10-12 22:02:23.108][I][MainWindow.py(tl_emit):315] 필드리스트 갱신 완료
[2022-10-12 22:02:23.110][I][MainWindow.py(tl_emit):317] 평가 목록 설정 팝업 닫힘으로 메인창 활성화
[2022-10-12 22:02:23.113][I][AutoBaseFunction.py(wrapper):15] SubWindow.Setup_TestList : ok_Button_clicked 실행 종료
[2022-10-12 22:02:26.557][I][AutoBaseFunction.py(wrapper):10] __main__ : show_setup_TestList 실행 시작
[2022-10-12 22:02:26.559][I][AutoBaseFunction.py(wrapper):11] Parameter : False
[2022-10-12 22:02:26.562][I][AutoBaseFunction.py(wrapper):10] SubWindow.Setup_TestList : setupUI_TestList 실행 시작
[2022-10-12 22:02:26.562][I][AutoBaseFunction.py(wrapper):11] Parameter : 
[2022-10-12 22:02:26.565][I][AutoBaseFunction.py(wrapper):10] SubWindow.Setup_TestList : tl_set_slot 실행 시작
[2022-10-12 22:02:26.566][I][AutoBaseFunction.py(wrapper):11] Parameter : 
[2022-10-12 22:02:26.566][I][AutoBaseFunction.py(wrapper):15] SubWindow.Setup_TestList : tl_set_slot 실행 종료
[2022-10-12 22:02:26.567][I][AutoBaseFunction.py(wrapper):15] SubWindow.Setup_TestList : setupUI_TestList 실행 종료
[2022-10-12 22:02:26.574][I][MainWindow.py(show_setup_TestList):281] 평가 목록 설정 팝업 열림
[2022-10-12 22:02:26.574][I][AutoBaseFunction.py(wrapper):15] __main__ : show_setup_TestList 실행 종료
[2022-10-12 22:02:30.051][I][AutoBaseFunction.py(wrapper):10] SubWindow.Setup_TestList : keyPressEvent 실행 시작
[2022-10-12 22:02:30.053][I][AutoBaseFunction.py(wrapper):11] Parameter : <PyQt5.QtGui.QKeyEvent object at 0x000002EF286AF820>
[2022-10-12 22:02:30.055][I][AutoBaseFunction.py(wrapper):10] SubWindow.Setup_TestList : closeEvent 실행 시작
[2022-10-12 22:02:30.056][I][AutoBaseFunction.py(wrapper):11] Parameter : <PyQt5.QtGui.QCloseEvent object at 0x000002EF286AF8B0>
[2022-10-12 22:02:30.058][I][Setup_TestList.py(closeEvent):99] 필드 설정 팝업 취소 버튼 선택
[2022-10-12 22:02:30.063][I][MainWindow.py(tl_emit):317] 평가 목록 설정 팝업 닫힘으로 메인창 활성화
[2022-10-12 22:02:30.063][I][AutoBaseFunction.py(wrapper):15] SubWindow.Setup_TestList : closeEvent 실행 종료
[2022-10-12 22:02:30.066][I][AutoBaseFunction.py(wrapper):15] SubWindow.Setup_TestList : keyPressEvent 실행 종료
