[2022-10-11 15:49:17.981][D][LogManager.py(Init):12] LogManager Init function called !!!
[2022-10-11 15:49:18.035][I][AutoBaseFunction.py(wrapper):10] __main__ : setupUi 실행 시작
[2022-10-11 15:49:18.036][I][AutoBaseFunction.py(wrapper):11] Parameter : 
[2022-10-11 15:49:18.042][I][AutoBaseFunction.py(wrapper):10] __main__ : set_field_gridLayout 실행 시작
[2022-10-11 15:49:18.042][I][AutoBaseFunction.py(wrapper):11] Parameter : 
[2022-10-11 15:49:18.068][I][AutoBaseFunction.py(wrapper):17] __main__ : set_field_gridLayout 실행 종료
[2022-10-11 15:49:18.069][I][AutoBaseFunction.py(wrapper):10] __main__ : set_testList_hboxLayout 실행 시작
[2022-10-11 15:49:18.069][I][AutoBaseFunction.py(wrapper):11] Parameter : 
[2022-10-11 15:49:18.072][I][AutoBaseFunction.py(wrapper):17] __main__ : set_testList_hboxLayout 실행 종료
[2022-10-11 15:49:18.299][I][AutoBaseFunction.py(wrapper):17] __main__ : setupUi 실행 종료
[2022-10-11 15:49:20.323][I][AutoBaseFunction.py(wrapper):10] __main__ : show_setup_Language 실행 시작
[2022-10-11 15:49:20.324][I][AutoBaseFunction.py(wrapper):11] Parameter : False
[2022-10-11 15:49:20.324][I][AutoBaseFunction.py(wrapper):10] SubWindow.Setup_Language : setupUI_Language 실행 시작
[2022-10-11 15:49:20.325][I][AutoBaseFunction.py(wrapper):11] Parameter : 
[2022-10-11 15:49:20.326][I][AutoBaseFunction.py(wrapper):10] SubWindow.Setup_Language : setLang_Button 실행 시작
[2022-10-11 15:49:20.326][I][AutoBaseFunction.py(wrapper):11] Parameter : 
[2022-10-11 15:49:20.330][I][AutoBaseFunction.py(wrapper):17] SubWindow.Setup_Language : setLang_Button 실행 종료
[2022-10-11 15:49:20.331][I][AutoBaseFunction.py(wrapper):10] SubWindow.Setup_Language : sl_set_slot 실행 시작
[2022-10-11 15:49:20.331][I][AutoBaseFunction.py(wrapper):11] Parameter : 
[2022-10-11 15:49:20.332][I][AutoBaseFunction.py(wrapper):17] SubWindow.Setup_Language : sl_set_slot 실행 종료
[2022-10-11 15:49:20.332][I][AutoBaseFunction.py(wrapper):17] SubWindow.Setup_Language : setupUI_Language 실행 종료
[2022-10-11 15:49:20.338][I][AutoBaseFunction.py(wrapper):17] __main__ : show_setup_Language 실행 종료
[2022-10-11 15:49:21.970][I][AutoBaseFunction.py(wrapper):10] SubWindow.Setup_Language : ok_Button_clicked 실행 시작
[2022-10-11 15:49:21.971][I][AutoBaseFunction.py(wrapper):11] Parameter : False
