[2022-10-19 19:08:55.884][D][LogManager.py(Init):12] LogManager Init function called !!!
[2022-10-19 19:08:55.971][I][AutoBaseFunction.py(wrapper):11] __main__ : setupUi 실행 시작
[2022-10-19 19:08:55.971][I][AutoBaseFunction.py(wrapper):12] Parameter : 
[2022-10-19 19:08:55.977][I][AutoBaseFunction.py(wrapper):11] __main__ : set_field_gridLayout 실행 시작
[2022-10-19 19:08:55.977][I][AutoBaseFunction.py(wrapper):12] Parameter : 
[2022-10-19 19:08:56.000][I][AutoBaseFunction.py(wrapper):16] __main__ : set_field_gridLayout 실행 종료
[2022-10-19 19:08:56.002][I][AutoBaseFunction.py(wrapper):11] __main__ : set_testList_hboxLayout 실행 시작
[2022-10-19 19:08:56.002][I][AutoBaseFunction.py(wrapper):12] Parameter : 
[2022-10-19 19:08:56.362][I][AutoBaseFunction.py(wrapper):16] __main__ : set_testList_hboxLayout 실행 종료
[2022-10-19 19:08:56.367][I][AutoBaseFunction.py(wrapper):16] __main__ : setupUi 실행 종료
[2022-10-19 19:09:01.071][I][AutoBaseFunction.py(wrapper):11] __main__ : show_imgList 실행 시작
[2022-10-19 19:09:01.072][I][AutoBaseFunction.py(wrapper):12] Parameter : 독일어, D:/new, <PyQt5.QtWidgets.QAction object at 0x00000279151A6C10>, True
[2022-10-19 19:09:01.073][I][MainWindow.py(show_imgList):608] 이미지 리스트 불러옴, 선택된 언어:독일어, 경로:D:/new
[2022-10-19 19:09:01.132][I][MainWindow.py(show_imgList):635] self.result:{0: {'이미지': 'D:/new\\111.png', 'sdga': '', '3gdsaas': '', 'gads': '', 'sdgagdsa': '', 'aaa': '', '11': '', '1': '', '2': '', '3': '', '5': '', '6': '', '버전 정보': ''}, 1: {'이미지': 'D:/new\\cat.jpg', 'sdga': '', '3gdsaas': '', 'gads': '', 'sdgagdsa': '', 'aaa': '', '11': '', '1': '', '2': '', '3': '', '5': '', '6': '', '버전 정보': ''}, 2: {'이미지': 'D:/new\\dog.jpg', 'sdga': '', '3gdsaas': '', 'gads': '', 'sdgagdsa': '', 'aaa': '', '11': '', '1': '', '2': '', '3': '', '5': '', '6': '', '버전 정보': ''}, 3: {'이미지': 'D:/new\\elephant.jpg', 'sdga': '', '3gdsaas': '', 'gads': '', 'sdgagdsa': '', 'aaa': '', '11': '', '1': '', '2': '', '3': '', '5': '', '6': '', '버전 정보': ''}, 4: {'이미지': 'D:/new\\fox.jpg', 'sdga': '', '3gdsaas': '', 'gads': '', 'sdgagdsa': '', 'aaa': '', '11': '', '1': '', '2': '', '3': '', '5': '', '6': '', '버전 정보': ''}, 5: {'이미지': 'D:/new\\icon.png', 'sdga': '', '3gdsaas': '', 'gads': '', 'sdgagdsa': '', 'aaa': '', '11': '', '1': '', '2': '', '3': '', '5': '', '6': '', '버전 정보': ''}, 6: {'이미지': 'D:/new\\modim1.png', 'sdga': '', '3gdsaas': '', 'gads': '', 'sdgagdsa': '', 'aaa': '', '11': '', '1': '', '2': '', '3': '', '5': '', '6': '', '버전 정보': ''}, 7: {'이미지': 'D:/new\\rabbit.jpg', 'sdga': '', '3gdsaas': '', 'gads': '', 'sdgagdsa': '', 'aaa': '', '11': '', '1': '', '2': '', '3': '', '5': '', '6': '', '버전 정보': ''}, 8: {'이미지': 'D:/new\\tiger.jpg', 'sdga': '', '3gdsaas': '', 'gads': '', 'sdgagdsa': '', 'aaa': '', '11': '', '1': '', '2': '', '3': '', '5': '', '6': '', '버전 정보': ''}}
[2022-10-19 19:09:01.133][I][MainWindow.py(qbutton_clicked):483] statusbar에 이미지명 표시111.png
[2022-10-19 19:09:01.196][I][MainWindow.py(qbutton_clicked):490] 우측에 이미지 표시:D:/new\111.png
[2022-10-19 19:09:01.197][I][MainWindow.py(set_color):444] 이전 버튼 색상 초기화:rgb(225, 225, 225)
[2022-10-19 19:09:01.197][I][MainWindow.py(set_color):446] 현재 버튼 색상: 보라색,rgb(147, 112, 219)
[2022-10-19 19:09:01.198][I][MainWindow.py(set_color):456] 색상처리를 위한 변수 result_count:{'pre_idx': ['', '', '', '', '', ''], 'idx': ['', '', '', '', '', '']}, pre_idx:0, idx:0
[2022-10-19 19:09:01.198][I][MainWindow.py(set_color):475] 이전 버튼에 대한 색상 처리 완료
[2022-10-19 19:09:01.199][I][MainWindow.py(show_imgList):640] 이미지 불러온 후 첫번째 버튼 클릭
[2022-10-19 19:09:01.199][I][AutoBaseFunction.py(wrapper):16] __main__ : show_imgList 실행 종료
[2022-10-19 19:09:02.946][I][AutoBaseFunction.py(wrapper):11] __main__ : show_setup_Field 실행 시작
[2022-10-19 19:09:02.946][I][AutoBaseFunction.py(wrapper):12] Parameter : False
[2022-10-19 19:09:02.948][I][AutoBaseFunction.py(wrapper):11] SubWindow.Setup_Field : setupUI_Field 실행 시작
[2022-10-19 19:09:02.948][I][AutoBaseFunction.py(wrapper):12] Parameter : 
[2022-10-19 19:09:02.951][I][AutoBaseFunction.py(wrapper):11] SubWindow.Setup_Field : sl_set_slot 실행 시작
[2022-10-19 19:09:02.951][I][AutoBaseFunction.py(wrapper):12] Parameter : 
[2022-10-19 19:09:02.952][I][AutoBaseFunction.py(wrapper):16] SubWindow.Setup_Field : sl_set_slot 실행 종료
[2022-10-19 19:09:02.952][I][AutoBaseFunction.py(wrapper):16] SubWindow.Setup_Field : setupUI_Field 실행 종료
[2022-10-19 19:09:02.959][I][MainWindow.py(show_setup_Field):268] 필드 설정 팝업 열림
[2022-10-19 19:09:02.960][I][AutoBaseFunction.py(wrapper):16] __main__ : show_setup_Field 실행 종료
[2022-10-19 19:09:04.958][I][AutoBaseFunction.py(wrapper):11] SubWindow.Setup_Field : ok_Button_clicked 실행 시작
[2022-10-19 19:09:04.959][I][AutoBaseFunction.py(wrapper):12] Parameter : False
[2022-10-19 19:09:04.961][E][AutoBaseFunction.py(wrapper):19] Traceback (most recent call last):
  File "d:\new\Helper\AutoBaseFunction.py", line 15, in wrapper
    func(self, *args)
TypeError: ok_Button_clicked() missing 1 required positional argument: 'litter'

