[2022-10-11 15:53:11.089][D][LogManager.py(Init):12] LogManager Init function called !!!
[2022-10-11 15:53:11.147][I][AutoBaseFunction.py(wrapper):10] __main__ : setupUi 실행 시작
[2022-10-11 15:53:11.147][I][AutoBaseFunction.py(wrapper):11] Parameter : 
[2022-10-11 15:53:11.152][I][AutoBaseFunction.py(wrapper):10] __main__ : set_field_gridLayout 실행 시작
[2022-10-11 15:53:11.152][I][AutoBaseFunction.py(wrapper):11] Parameter : 
[2022-10-11 15:53:11.180][I][AutoBaseFunction.py(wrapper):17] __main__ : set_field_gridLayout 실행 종료
[2022-10-11 15:53:11.180][I][AutoBaseFunction.py(wrapper):10] __main__ : set_testList_hboxLayout 실행 시작
[2022-10-11 15:53:11.181][I][AutoBaseFunction.py(wrapper):11] Parameter : 
[2022-10-11 15:53:11.184][I][AutoBaseFunction.py(wrapper):17] __main__ : set_testList_hboxLayout 실행 종료
[2022-10-11 15:53:11.415][I][AutoBaseFunction.py(wrapper):17] __main__ : setupUi 실행 종료
[2022-10-11 15:53:13.147][I][AutoBaseFunction.py(wrapper):10] __main__ : show_setup_Language 실행 시작
[2022-10-11 15:53:13.148][I][AutoBaseFunction.py(wrapper):11] Parameter : False
[2022-10-11 15:53:13.148][I][AutoBaseFunction.py(wrapper):10] SubWindow.Setup_Language : setupUI_Language 실행 시작
[2022-10-11 15:53:13.148][I][AutoBaseFunction.py(wrapper):11] Parameter : 
[2022-10-11 15:53:13.149][I][AutoBaseFunction.py(wrapper):10] SubWindow.Setup_Language : setLang_Button 실행 시작
[2022-10-11 15:53:13.149][I][AutoBaseFunction.py(wrapper):11] Parameter : 
[2022-10-11 15:53:13.153][I][AutoBaseFunction.py(wrapper):17] SubWindow.Setup_Language : setLang_Button 실행 종료
[2022-10-11 15:53:13.153][I][AutoBaseFunction.py(wrapper):10] SubWindow.Setup_Language : sl_set_slot 실행 시작
[2022-10-11 15:53:13.153][I][AutoBaseFunction.py(wrapper):11] Parameter : 
[2022-10-11 15:53:13.154][I][AutoBaseFunction.py(wrapper):17] SubWindow.Setup_Language : sl_set_slot 실행 종료
[2022-10-11 15:53:13.154][I][AutoBaseFunction.py(wrapper):17] SubWindow.Setup_Language : setupUI_Language 실행 종료
[2022-10-11 15:53:13.161][I][AutoBaseFunction.py(wrapper):17] __main__ : show_setup_Language 실행 종료
[2022-10-11 15:53:15.978][I][AutoBaseFunction.py(wrapper):10] SubWindow.Setup_Language : ok_Button_clicked 실행 시작
[2022-10-11 15:53:15.979][I][AutoBaseFunction.py(wrapper):11] Parameter : False
[2022-10-11 15:53:15.989][I][AutoBaseFunction.py(wrapper):17] SubWindow.Setup_Language : ok_Button_clicked 실행 종료
[2022-10-11 15:53:17.500][I][AutoBaseFunction.py(wrapper):10] __main__ : show_setup_Language 실행 시작
[2022-10-11 15:53:17.500][I][AutoBaseFunction.py(wrapper):11] Parameter : False
[2022-10-11 15:53:17.501][I][AutoBaseFunction.py(wrapper):10] SubWindow.Setup_Language : setupUI_Language 실행 시작
[2022-10-11 15:53:17.501][I][AutoBaseFunction.py(wrapper):11] Parameter : 
[2022-10-11 15:53:17.502][I][AutoBaseFunction.py(wrapper):10] SubWindow.Setup_Language : setLang_Button 실행 시작
[2022-10-11 15:53:17.502][I][AutoBaseFunction.py(wrapper):11] Parameter : 
[2022-10-11 15:53:17.505][I][AutoBaseFunction.py(wrapper):17] SubWindow.Setup_Language : setLang_Button 실행 종료
[2022-10-11 15:53:17.506][I][AutoBaseFunction.py(wrapper):10] SubWindow.Setup_Language : sl_set_slot 실행 시작
[2022-10-11 15:53:17.506][I][AutoBaseFunction.py(wrapper):11] Parameter : 
[2022-10-11 15:53:17.506][I][AutoBaseFunction.py(wrapper):17] SubWindow.Setup_Language : sl_set_slot 실행 종료
[2022-10-11 15:53:17.507][I][AutoBaseFunction.py(wrapper):17] SubWindow.Setup_Language : setupUI_Language 실행 종료
[2022-10-11 15:53:17.513][I][AutoBaseFunction.py(wrapper):17] __main__ : show_setup_Language 실행 종료
[2022-10-11 15:53:20.746][I][AutoBaseFunction.py(wrapper):10] SubWindow.Setup_Language : ok_Button_clicked 실행 시작
[2022-10-11 15:53:20.747][I][AutoBaseFunction.py(wrapper):11] Parameter : False
[2022-10-11 15:53:20.756][I][AutoBaseFunction.py(wrapper):17] SubWindow.Setup_Language : ok_Button_clicked 실행 종료
[2022-10-11 15:53:22.412][I][AutoBaseFunction.py(wrapper):10] __main__ : show_setup_Language 실행 시작
[2022-10-11 15:53:22.412][I][AutoBaseFunction.py(wrapper):11] Parameter : False
[2022-10-11 15:53:22.413][I][AutoBaseFunction.py(wrapper):10] SubWindow.Setup_Language : setupUI_Language 실행 시작
[2022-10-11 15:53:22.413][I][AutoBaseFunction.py(wrapper):11] Parameter : 
[2022-10-11 15:53:22.414][I][AutoBaseFunction.py(wrapper):10] SubWindow.Setup_Language : setLang_Button 실행 시작
[2022-10-11 15:53:22.414][I][AutoBaseFunction.py(wrapper):11] Parameter : 
[2022-10-11 15:53:22.417][I][AutoBaseFunction.py(wrapper):17] SubWindow.Setup_Language : setLang_Button 실행 종료
[2022-10-11 15:53:22.417][I][AutoBaseFunction.py(wrapper):10] SubWindow.Setup_Language : sl_set_slot 실행 시작
[2022-10-11 15:53:22.417][I][AutoBaseFunction.py(wrapper):11] Parameter : 
[2022-10-11 15:53:22.418][I][AutoBaseFunction.py(wrapper):17] SubWindow.Setup_Language : sl_set_slot 실행 종료
[2022-10-11 15:53:22.418][I][AutoBaseFunction.py(wrapper):17] SubWindow.Setup_Language : setupUI_Language 실행 종료
[2022-10-11 15:53:22.424][I][AutoBaseFunction.py(wrapper):17] __main__ : show_setup_Language 실행 종료
[2022-10-11 15:53:23.706][I][AutoBaseFunction.py(wrapper):10] SubWindow.Setup_Language : closeEvent 실행 시작
[2022-10-11 15:53:23.706][I][AutoBaseFunction.py(wrapper):11] Parameter : <PyQt5.QtGui.QCloseEvent object at 0x000001B91F17B168>
[2022-10-11 15:53:23.708][I][AutoBaseFunction.py(wrapper):17] SubWindow.Setup_Language : closeEvent 실행 종료
